#
# There is insufficient memory for the Java Runtime Environment to continue.
# Native memory allocation (malloc) failed to allocate 1048576 bytes for AllocateHeap
# Possible reasons:
#   The system is out of physical RAM or swap space
#   The process is running with CompressedOops enabled, and the Java Heap may be blocking the growth of the native heap
# Possible solutions:
#   Reduce memory load on the system
#   Increase physical memory or swap space
#   Check if swap backing store is full
#   Decrease Java heap size (-Xmx/-Xms)
#   Decrease number of Java threads
#   Decrease Java thread stack sizes (-Xss)
#   Set larger code cache with -XX:ReservedCodeCacheSize=
# This output file may be truncated or incomplete.
#
#  Out of Memory Error (./src/hotspot/share/memory/allocation.cpp:46), pid=10316, tid=1768
#
# JRE version:  (11.0.11+9) (build )
# Java VM: OpenJDK 64-Bit Server VM (11.0.11+9-b60-7590822, mixed mode, sharing, tiered, compressed oops, g1 gc, windows-amd64)
# No core dump will be written. Minidumps are not enabled by default on client versions of Windows
#

---------------  S U M M A R Y ------------

Command Line: org.jetbrains.git4idea.http.GitAskPassApp Username for 'https://github.com': 

Host: Intel(R) Core(TM) i5-9300H CPU @ 2.40GHz, 8 cores, 15G,  Windows 10 , 64 bit Build 19041 (10.0.19041.1566)
Time: Fri Apr  1 14:49:36 2022 SE Asia Standard Time elapsed time: 0.009968 seconds (0d 0h 0m 0s)

---------------  T H R E A D  ---------------

Current thread (0x00000185d508c800):  JavaThread "Unknown thread" [_thread_in_vm, id=1768, stack(0x000000782ab00000,0x000000782ac00000)]

Stack: [0x000000782ab00000,0x000000782ac00000]
Native frames: (J=compiled Java code, j=interpreted, Vv=VM code, C=native code)
V  [jvm.dll+0x5f214a]
V  [jvm.dll+0x726fb5]
V  [jvm.dll+0x7285cd]
V  [jvm.dll+0x728c83]
V  [jvm.dll+0x243278]
V  [jvm.dll+0xb3a34]
V  [jvm.dll+0x2e1607]
V  [jvm.dll+0x2da7fa]
V  [jvm.dll+0x705ba7]
V  [jvm.dll+0x70739c]
V  [jvm.dll+0x3598f9]
V  [jvm.dll+0x6e931e]
V  [jvm.dll+0x3c1c43]
V  [jvm.dll+0x3c3e81]
C  [jli.dll+0x5373]
C  [ucrtbase.dll+0x21bb2]
C  [KERNEL32.DLL+0x17034]
C  [ntdll.dll+0x52651]


---------------  P R O C E S S  ---------------

Threads class SMR info:
_java_thread_list=0x00000185d4e01f10, length=0, elements={
}

Java Threads: ( => current thread )

Other Threads:
  0x00000185d50a2800 GCTaskThread "GC Thread#0" [stack: 0x000000782ac00000,0x000000782ad00000] [id=14900]

[error occurred during error reporting (printing all threads), id 0xc0000005, EXCEPTION_ACCESS_VIOLATION (0xc0000005) at pc=0x00007ffabd9d69d0]

VM state:not at safepoint (not fully initialized)

VM Mutex/Monitor currently owned by a thread:  ([mutex/lock_event])
[0x00000185d5087780] Heap_lock - owner thread: 0x00000185d508c800

Heap address: 0x0000000702600000, size: 4058 MB, Compressed Oops mode: Non-zero based: 0x0000000702600000
Narrow klass base: 0x0000000000000000, Narrow klass shift: 0

GC Heap History (0 events):
No events

Deoptimization events (0 events):
No events

Classes redefined (0 events):
No events

Internal exceptions (0 events):
No events

Events (1 events):
Event: 0.006 Loaded shared library C:\Program Files\Android\Android Studio1\jre\bin\zip.dll


Dynamic libraries:
0x00007ff6725e0000 - 0x00007ff6725ea000 	C:\Program Files\Android\Android Studio1\jre\bin\java.exe
0x00007ffb1c7b0000 - 0x00007ffb1c9a5000 	C:\Windows\SYSTEM32\ntdll.dll
0x00007ffb1c640000 - 0x00007ffb1c6fe000 	C:\Windows\System32\KERNEL32.DLL
0x00007ffb1a440000 - 0x00007ffb1a708000 	C:\Windows\System32\KERNELBASE.dll
0x00007ffb1a160000 - 0x00007ffb1a260000 	C:\Windows\System32\ucrtbase.dll
0x00007ffb09be0000 - 0x00007ffb09bf7000 	C:\Program Files\Android\Android Studio1\jre\bin\VCRUNTIME140.dll
0x00007ffb09bc0000 - 0x00007ffb09bd9000 	C:\Program Files\Android\Android Studio1\jre\bin\jli.dll
0x00007ffb1a810000 - 0x00007ffb1a9b0000 	C:\Windows\System32\USER32.dll
0x00007ffb1a130000 - 0x00007ffb1a152000 	C:\Windows\System32\win32u.dll
0x00007ffaf98a0000 - 0x00007ffaf9b3a000 	C:\Windows\WinSxS\amd64_microsoft.windows.common-controls_6595b64144ccf1df_6.0.19041.1110_none_60b5254171f9507e\COMCTL32.dll
0x00007ffb1b3a0000 - 0x00007ffb1b3cb000 	C:\Windows\System32\GDI32.dll
0x00007ffb1c2c0000 - 0x00007ffb1c35e000 	C:\Windows\System32\msvcrt.dll
0x00007ffb1a300000 - 0x00007ffb1a40b000 	C:\Windows\System32\gdi32full.dll
0x00007ffb1a260000 - 0x00007ffb1a2fd000 	C:\Windows\System32\msvcp_win.dll
0x00007ffb1b1b0000 - 0x00007ffb1b1e0000 	C:\Windows\System32\IMM32.DLL
0x00007ffae3f90000 - 0x00007ffae402d000 	C:\Program Files\Android\Android Studio1\jre\bin\msvcp140.dll
0x00007ffabd6f0000 - 0x00007ffabe1c5000 	C:\Program Files\Android\Android Studio1\jre\bin\server\jvm.dll
0x00007ffb1b2f0000 - 0x00007ffb1b39e000 	C:\Windows\System32\ADVAPI32.dll
0x00007ffb1b510000 - 0x00007ffb1b5ac000 	C:\Windows\System32\sechost.dll
0x00007ffb1b3e0000 - 0x00007ffb1b505000 	C:\Windows\System32\RPCRT4.dll
0x00007ffb1c630000 - 0x00007ffb1c638000 	C:\Windows\System32\PSAPI.DLL
0x00007ffb16d70000 - 0x00007ffb16d79000 	C:\Windows\SYSTEM32\WSOCK32.dll
0x00007ffafbc70000 - 0x00007ffafbc97000 	C:\Windows\SYSTEM32\WINMM.dll
0x00007ffb143a0000 - 0x00007ffb143aa000 	C:\Windows\SYSTEM32\VERSION.dll
0x00007ffb1b010000 - 0x00007ffb1b07b000 	C:\Windows\System32\WS2_32.dll
0x00007ffb17de0000 - 0x00007ffb17df2000 	C:\Windows\SYSTEM32\kernel.appcore.dll
0x00007ffb09ec0000 - 0x00007ffb09ed1000 	C:\Program Files\Android\Android Studio1\jre\bin\verify.dll
0x00007ffb07ab0000 - 0x00007ffb07c94000 	C:\Windows\SYSTEM32\DBGHELP.DLL
0x00007ffb03ef0000 - 0x00007ffb03f1c000 	C:\Windows\SYSTEM32\dbgcore.DLL
0x00007ffb1a0a0000 - 0x00007ffb1a122000 	C:\Windows\System32\bcryptPrimitives.dll
0x00007ffaf67c0000 - 0x00007ffaf67e9000 	C:\Program Files\Android\Android Studio1\jre\bin\java.dll
0x00007ffb16cc0000 - 0x00007ffb16ccb000 	C:\Program Files\Android\Android Studio1\jre\bin\jimage.dll
0x00007ffb09de0000 - 0x00007ffb09df8000 	C:\Program Files\Android\Android Studio1\jre\bin\zip.dll

dbghelp: loaded successfully - version: 4.0.5 - missing functions: none
symbol engine: initialized successfully - sym options: 0x614 - pdb path: .;C:\Program Files\Android\Android Studio1\jre\bin;C:\Windows\SYSTEM32;C:\Windows\WinSxS\amd64_microsoft.windows.common-controls_6595b64144ccf1df_6.0.19041.1110_none_60b5254171f9507e;C:\Program Files\Android\Android Studio1\jre\bin\server

VM Arguments:
java_command: org.jetbrains.git4idea.http.GitAskPassApp Username for 'https://github.com': 
java_class_path (initial): C:/Program Files/Android/Android Studio1/plugins/git4idea/lib/git4idea-rt.jar;C:/Program Files/Android/Android Studio1/lib/xmlrpc-2.0.1.jar;C:/Program Files/Android/Android Studio1/lib/commons-codec-1.15.jar
Launcher Type: SUN_STANDARD

[Global flags]
     intx CICompilerCount                          = 4                                         {product} {ergonomic}
     uint ConcGCThreads                            = 2                                         {product} {ergonomic}
     uint G1ConcRefinementThreads                  = 8                                         {product} {ergonomic}
   size_t G1HeapRegionSize                         = 1048576                                   {product} {ergonomic}
    uintx GCDrainStackTargetSize                   = 64                                        {product} {ergonomic}
   size_t InitialHeapSize                          = 266338304                                 {product} {ergonomic}
   size_t MarkStackSize                            = 4194304                                   {product} {ergonomic}
   size_t MaxHeapSize                              = 4255121408                                {product} {ergonomic}
   size_t MinHeapDeltaBytes                        = 1048576                                   {product} {ergonomic}
    uintx NonNMethodCodeHeapSize                   = 5836300                                {pd product} {ergonomic}
    uintx NonProfiledCodeHeapSize                  = 122910970                              {pd product} {ergonomic}
    uintx ProfiledCodeHeapSize                     = 122910970                              {pd product} {ergonomic}
    uintx ReservedCodeCacheSize                    = 251658240                              {pd product} {ergonomic}
     bool SegmentedCodeCache                       = true                                      {product} {ergonomic}
     bool UseCompressedClassPointers               = true                                 {lp64_product} {ergonomic}
     bool UseCompressedOops                        = true                                 {lp64_product} {ergonomic}
     bool UseG1GC                                  = true                                      {product} {ergonomic}
     bool UseLargePagesIndividualAllocation        = false                                  {pd product} {ergonomic}

Logging:
Log output configuration:
 #0: stdout all=warning uptime,level,tags
 #1: stderr all=off uptime,level,tags

Environment Variables:
PATH=C:\Program Files\Git\mingw64\libexec\git-core;C:\Program Files\Git\mingw64\libexec\git-core;C:\Program Files\Git\mingw64\bin;C:\Program Files\Git\usr\bin;C:\Users\Admin\bin;C:\Program Files\Common Files\Oracle\Java\javapath;C:\Windows\system32;C:\Windows;C:\Windows\System32\Wbem;C:\Windows\System32\WindowsPowerShell\v1.0;C:\Windows\System32\OpenSSH;C:\Program Files\Microsoft SQL Server\Client SDK\ODBC\170\Tools\Binn;C:\Program Files (x86)\Microsoft SQL Server\150\Tools\Binn;C:\Program Files\Microsoft SQL Server\150\Tools\Binn;C:\Program Files\Microsoft SQL Server\150\DTS\Binn;C:\Program Files (x86)\Microsoft SQL Server\150\DTS\Binn;C:\Program Files\Azure Data Studio\bin;C:\Program Files\nodejs;C:\Program Files\Git\cmd;C:\Users\Admin\AppData\Local\Microsoft\WindowsApps;D:\Microsoft VS Code\bin;C:\Program Files\Azure Data Studio\bin;C:\Users\Admin\AppData\Roaming\npm;C:\Users\Admin\AppData\Local\GitHubDesktop\bin;C:\Program Files\JetBrains\IntelliJ IDEA Community Edition 2021.3.3\bin
USERNAME=vucuong
DISPLAY=:0.0
LC_ALL=en_US.UTF-8
OS=Windows_NT
PROCESSOR_IDENTIFIER=Intel64 Family 6 Model 158 Stepping 10, GenuineIntel



---------------  S Y S T E M  ---------------

OS: Windows 10 , 64 bit Build 19041 (10.0.19041.1566)
OS uptime: 2 days 5:20 hours

CPU:total 8 (initial active 8) (4 cores per cpu, 2 threads per core) family 6 model 158 stepping 10 microcode 0xb4, cmov, cx8, fxsr, mmx, sse, sse2, sse3, ssse3, sse4.1, sse4.2, popcnt, avx, avx2, aes, clmul, erms, 3dnowpref, lzcnt, ht, tsc, tscinvbit, bmi1, bmi2, adx, fma

Memory: 4k page, system-wide physical 16228M (3215M free)
TotalPageFile size 16228M (AvailPageFile size 5M)
current process WorkingSet (physical memory assigned to process): 10M, peak: 10M
current process commit charge ("private bytes"): 59M, peak: 60M

vm_info: OpenJDK 64-Bit Server VM (11.0.11+9-b60-7590822) for windows-amd64 JRE (11.0.11+9-b60-7590822), built on Jul 29 2021 21:43:44 by "builder" with MS VC++ 14.0 (VS2015)

END.
