#
# There is insufficient memory for the Java Runtime Environment to continue.
# Native memory allocation (malloc) failed to allocate 1024816 bytes for Chunk::new
# Possible reasons:
#   The system is out of physical RAM or swap space
#   The process is running with CompressedOops enabled, and the Java Heap may be blocking the growth of the native heap
# Possible solutions:
#   Reduce memory load on the system
#   Increase physical memory or swap space
#   Check if swap backing store is full
#   Decrease Java heap size (-Xmx/-Xms)
#   Decrease number of Java threads
#   Decrease Java thread stack sizes (-Xss)
#   Set larger code cache with -XX:ReservedCodeCacheSize=
#   JVM is running with Unscaled Compressed Oops mode in which the Java heap is
#     placed in the first 4GB address space. The Java Heap base address is the
#     maximum limit for the native heap growth. Please use -XX:HeapBaseMinAddress
#     to set the Java Heap base and to place the Java Heap above 4GB virtual address.
# This output file may be truncated or incomplete.
#
#  Out of Memory Error (./src/hotspot/share/memory/arena.cpp:197), pid=11288, tid=8588
#
# JRE version: OpenJDK Runtime Environment (11.0.11+9) (build 11.0.11+9-b60-7590822)
# Java VM: OpenJDK 64-Bit Server VM (11.0.11+9-b60-7590822, mixed mode, tiered, compressed oops, g1 gc, windows-amd64)
# No core dump will be written. Minidumps are not enabled by default on client versions of Windows
#

---------------  S U M M A R Y ------------

Command Line: --add-opens=java.base/java.util=ALL-UNNAMED --add-opens=java.base/java.lang=ALL-UNNAMED --add-opens=java.base/java.lang.invoke=ALL-UNNAMED --add-opens=java.base/java.util=ALL-UNNAMED --add-opens=java.prefs/java.util.prefs=ALL-UNNAMED --add-opens=java.prefs/java.util.prefs=ALL-UNNAMED --add-opens=java.base/java.nio.charset=ALL-UNNAMED --add-opens=java.base/java.net=ALL-UNNAMED --add-opens=java.base/java.util.concurrent.atomic=ALL-UNNAMED -Xmx2048m -Dfile.encoding=UTF-8 -Duser.country=US -Duser.language=en -Duser.variant org.gradle.launcher.daemon.bootstrap.GradleDaemon 7.2

Host: Intel(R) Core(TM) i5-9300H CPU @ 2.40GHz, 8 cores, 15G,  Windows 10 , 64 bit Build 19041 (10.0.19041.1566)
Time: Wed Apr  6 17:28:01 2022 SE Asia Standard Time elapsed time: 120.997349 seconds (0d 0h 2m 0s)

---------------  T H R E A D  ---------------

Current thread (0x000001ec810f3800):  JavaThread "C2 CompilerThread2" daemon [_thread_in_native, id=8588, stack(0x0000005400c00000,0x0000005400d00000)]


Current CompileTask:
C2: 120997 17964       4       org.gradle.api.internal.artifacts.ModuleComponentSelectorSerializer::read (50 bytes)

Stack: [0x0000005400c00000,0x0000005400d00000]
Native frames: (J=compiled Java code, j=interpreted, Vv=VM code, C=native code)
V  [jvm.dll+0x5f214a]
V  [jvm.dll+0x726fb5]
V  [jvm.dll+0x7285cd]
V  [jvm.dll+0x728c83]
V  [jvm.dll+0x243278]
V  [jvm.dll+0xbc53c]
V  [jvm.dll+0xbca3c]
V  [jvm.dll+0x353e3b]
V  [jvm.dll+0x19895c]
V  [jvm.dll+0x1fc2ee]
V  [jvm.dll+0x1fb3d4]
V  [jvm.dll+0x183d6c]
V  [jvm.dll+0x209a57]
V  [jvm.dll+0x2082a1]
V  [jvm.dll+0x6ef58f]
V  [jvm.dll+0x6e80b5]
V  [jvm.dll+0x5f1036]
C  [ucrtbase.dll+0x21bb2]
C  [KERNEL32.DLL+0x17034]
C  [ntdll.dll+0x52651]


---------------  P R O C E S S  ---------------

Threads class SMR info:
_java_thread_list=0x000001ec81db9cd0, length=131, elements={
0x000001ecddb7f000, 0x000001ecf88b3800, 0x000001ecf88bc800, 0x000001ecf88d3800,
0x000001ecf88d6000, 0x000001ecf88d8000, 0x000001ecf88e8800, 0x000001ecf88e9800,
0x000001ecf88f5800, 0x000001ecf8a43000, 0x000001ecfaaf1000, 0x000001ecfaaec000,
0x000001ecfaaf2800, 0x000001ecfaaed000, 0x000001ecfaaee000, 0x000001ecfaef9800,
0x000001ecfaefb000, 0x000001ecfaefa000, 0x000001ecfaefb800, 0x000001ecfaefc800,
0x000001ecfaefe000, 0x000001ecfaf02800, 0x000001ecfaf04000, 0x000001ecfaeff000,
0x000001ecfaf00000, 0x000001ecfbaf2800, 0x000001ecfbaf9800, 0x000001ecfbaf5800,
0x000001ecfbaf5000, 0x000001ecfbaf4000, 0x000001ecfbafc000, 0x000001ec810eb800,
0x000001ecfb2ca000, 0x000001ecfb2ce800, 0x000001ecfb2cc000, 0x000001ec81ad4000,
0x000001ec81ad2800, 0x000001ec81ad1000, 0x000001ec810ea800, 0x000001ec810e6800,
0x000001ec810e8000, 0x000001ec810e5800, 0x000001ec810e9000, 0x000001ec810ec000,
0x000001ec810ed000, 0x000001ec810e7000, 0x000001ec810ee800, 0x000001ec810f3800,
0x000001ec810ef800, 0x000001ec810f2800, 0x000001ec810ed800, 0x000001ec810f0000,
0x000001ec810f1000, 0x000001ec810f2000, 0x000001ec810f4800, 0x000001ec81ad0000,
0x000001ec81ad7800, 0x000001ec81ad5000, 0x000001ec81ad3800, 0x000001ec81ad5800,
0x000001ec81ad6800, 0x000001ec81ad1800, 0x000001ec81ada000, 0x000001ec81ad9000,
0x000001ec81add000, 0x000001ec81ada800, 0x000001ec81ade000, 0x000001ec81adb800,
0x000001ec81ad8000, 0x000001ec81adc800, 0x000001ec81ade800, 0x000001ecfbaef000,
0x000001ecfbaf0000, 0x000001ecfbaf3000, 0x000001ecfbaf6800, 0x000001ecfbaf0800,
0x000001ecfbaf7800, 0x000001ecfbaf1800, 0x000001ecfbafa800, 0x000001ecfbafd000,
0x000001ecfbafe000, 0x000001ecfbaf8000, 0x000001ecfbaf9000, 0x000001ecfb2cc800,
0x000001ecfb2cd800, 0x000001ecfb2c9800, 0x000001ecfb2c8000, 0x000001ecfb2c8800,
0x000001ecfb2cb000, 0x000001ecfaef7000, 0x000001ecfaefd800, 0x000001ecfaef7800,
0x000001ecfaef8800, 0x000001ecfaf05800, 0x000001ecfaf01800, 0x000001ecfaaef800,
0x000001ecfaaf0800, 0x000001ecfaaee800, 0x000001ecfaaf2000, 0x000001ec83ab5000,
0x000001ec83ab8000, 0x000001ec83ab5800, 0x000001ec83ab4000, 0x000001ec83ab7800,
0x000001ec83ab9000, 0x000001ec83aba000, 0x000001ec83aba800, 0x000001ec83abb800,
0x000001ec83abc800, 0x000001ec83ab6800, 0x000001ec83ac3000, 0x000001ec83ac0800,
0x000001ec83abf800, 0x000001ec83abe000, 0x000001ec83ac2000, 0x000001ec83abd000,
0x000001ec83ac1000, 0x000001ec83abe800, 0x000001ec81d66800, 0x000001ec81d64800,
0x000001ec81d63000, 0x000001ec81d69800, 0x000001ec81d68800, 0x000001ec81d65800,
0x000001ec81d67000, 0x000001ec81d64000, 0x000001ec81d6d800, 0x000001ec81d68000,
0x000001ec81d6a800, 0x000001ec81d6e800, 0x000001ec81d6f800
}

Java Threads: ( => current thread )
  0x000001ecddb7f000 JavaThread "main" [_thread_blocked, id=13008, stack(0x000000547cd00000,0x000000547ce00000)]
  0x000001ecf88b3800 JavaThread "Reference Handler" daemon [_thread_blocked, id=6696, stack(0x000000547d400000,0x000000547d500000)]
  0x000001ecf88bc800 JavaThread "Finalizer" daemon [_thread_blocked, id=5336, stack(0x000000547d500000,0x000000547d600000)]
  0x000001ecf88d3800 JavaThread "Signal Dispatcher" daemon [_thread_blocked, id=13272, stack(0x000000547d600000,0x000000547d700000)]
  0x000001ecf88d6000 JavaThread "Attach Listener" daemon [_thread_blocked, id=10992, stack(0x000000547d700000,0x000000547d800000)]
  0x000001ecf88d8000 JavaThread "Service Thread" daemon [_thread_blocked, id=13828, stack(0x000000547d800000,0x000000547d900000)]
  0x000001ecf88e8800 JavaThread "C2 CompilerThread0" daemon [_thread_in_native, id=11092, stack(0x000000547d900000,0x000000547da00000)]
  0x000001ecf88e9800 JavaThread "C1 CompilerThread0" daemon [_thread_in_native, id=2392, stack(0x000000547da00000,0x000000547db00000)]
  0x000001ecf88f5800 JavaThread "Sweeper thread" daemon [_thread_blocked, id=13996, stack(0x000000547db00000,0x000000547dc00000)]
  0x000001ecf8a43000 JavaThread "Common-Cleaner" daemon [_thread_blocked, id=14196, stack(0x000000547dc00000,0x000000547dd00000)]
  0x000001ecfaaf1000 JavaThread "Daemon health stats" [_thread_blocked, id=12756, stack(0x000000547e500000,0x000000547e600000)]
  0x000001ecfaaec000 JavaThread "Incoming local TCP Connector on port 51845" [_thread_in_native, id=6316, stack(0x000000547de00000,0x000000547df00000)]
  0x000001ecfaaf2800 JavaThread "Daemon periodic checks" [_thread_blocked, id=6752, stack(0x000000547df00000,0x000000547e000000)]
  0x000001ecfaaed000 JavaThread "Daemon" [_thread_blocked, id=12372, stack(0x000000547e600000,0x000000547e700000)]
  0x000001ecfaaee000 JavaThread "Daemon worker" [_thread_in_Java, id=3368, stack(0x000000547e900000,0x000000547ea00000)]
  0x000001ecfaef9800 JavaThread "Cache worker for journal cache (C:\Users\Admin\.gradle\caches\journal-1)" [_thread_blocked, id=2076, stack(0x000000547ed00000,0x000000547ee00000)]
  0x000001ecfaefb000 JavaThread "File lock request listener" [_thread_in_native, id=7620, stack(0x000000547ee00000,0x000000547ef00000)]
  0x000001ecfaefa000 JavaThread "Cache worker for file hash cache (C:\Users\Admin\.gradle\caches\7.2\fileHashes)" [_thread_blocked, id=11728, stack(0x000000547ef00000,0x000000547f000000)]
  0x000001ecfaefb800 JavaThread "File watcher server" daemon [_thread_in_native, id=4188, stack(0x000000547f500000,0x000000547f600000)]
  0x000001ecfaefc800 JavaThread "File watcher consumer" daemon [_thread_blocked, id=2584, stack(0x000000547f600000,0x000000547f700000)]
  0x000001ecfaefe000 JavaThread "Cache worker for execution history cache (C:\Users\Admin\.gradle\caches\7.2\executionHistory)" [_thread_blocked, id=7692, stack(0x000000547fb00000,0x000000547fc00000)]
  0x000001ecfaf02800 JavaThread "jar transforms" [_thread_blocked, id=14156, stack(0x000000547fc00000,0x000000547fd00000)]
  0x000001ecfaf04000 JavaThread "Cache worker for file content cache (C:\Users\Admin\.gradle\caches\7.2\fileContent)" [_thread_blocked, id=492, stack(0x000000547fd00000,0x000000547fe00000)]
  0x000001ecfaeff000 JavaThread "jar transforms Thread 2" [_thread_blocked, id=12148, stack(0x000000547fe00000,0x000000547ff00000)]
  0x000001ecfaf00000 JavaThread "jar transforms Thread 3" [_thread_blocked, id=9948, stack(0x0000005400000000,0x0000005400100000)]
  0x000001ecfbaf2800 JavaThread "jar transforms Thread 4" [_thread_blocked, id=11888, stack(0x0000005405200000,0x0000005405300000)]
  0x000001ecfbaf9800 JavaThread "jar transforms Thread 5" [_thread_blocked, id=13876, stack(0x0000005405300000,0x0000005405400000)]
  0x000001ecfbaf5800 JavaThread "jar transforms Thread 6" [_thread_blocked, id=5272, stack(0x0000005405400000,0x0000005405500000)]
  0x000001ecfbaf5000 JavaThread "jar transforms Thread 7" [_thread_blocked, id=2220, stack(0x0000005405500000,0x0000005405600000)]
  0x000001ecfbaf4000 JavaThread "jar transforms Thread 8" [_thread_blocked, id=9072, stack(0x0000005405600000,0x0000005405700000)]
  0x000001ecfbafc000 JavaThread "Memory manager" [_thread_blocked, id=12840, stack(0x0000005405900000,0x0000005405a00000)]
  0x000001ec810eb800 JavaThread "Cache worker for Java compile cache (C:\Users\Admin\.gradle\caches\7.2\javaCompile)" [_thread_blocked, id=12836, stack(0x0000005406e00000,0x0000005406f00000)]
  0x000001ecfb2ca000 JavaThread "ForkJoinPool.commonPool-worker-3" daemon [_thread_blocked, id=9540, stack(0x0000005407e00000,0x0000005407f00000)]
  0x000001ecfb2ce800 JavaThread "ForkJoinPool.commonPool-worker-7" daemon [_thread_blocked, id=4232, stack(0x0000005408000000,0x0000005408100000)]
  0x000001ecfb2cc000 JavaThread "ForkJoinPool.commonPool-worker-9" daemon [_thread_blocked, id=6496, stack(0x0000005408100000,0x0000005408200000)]
  0x000001ec81ad4000 JavaThread "ForkJoinPool.commonPool-worker-11" daemon [_thread_blocked, id=1812, stack(0x0000005408200000,0x0000005408300000)]
  0x000001ec81ad2800 JavaThread "ForkJoinPool.commonPool-worker-13" daemon [_thread_blocked, id=9536, stack(0x0000005408300000,0x0000005408400000)]
  0x000001ec81ad1000 JavaThread "ForkJoinPool.commonPool-worker-15" daemon [_thread_blocked, id=10432, stack(0x0000005408400000,0x0000005408500000)]
  0x000001ec810ea800 JavaThread "Handler for socket connection from /127.0.0.1:51845 to /127.0.0.1:62537" [_thread_in_native, id=236, stack(0x0000005400300000,0x0000005400400000)]
  0x000001ec810e6800 JavaThread "Cancel handler" [_thread_blocked, id=8244, stack(0x0000005400400000,0x0000005400500000)]
  0x000001ec810e8000 JavaThread "Asynchronous log dispatcher for DefaultDaemonConnection: socket connection from /127.0.0.1:51845 to /127.0.0.1:62537" [_thread_blocked, id=12600, stack(0x0000005400500000,0x0000005400600000)]
  0x000001ec810e5800 JavaThread "Stdin handler" [_thread_blocked, id=2032, stack(0x0000005400600000,0x0000005400700000)]
  0x000001ec810e9000 JavaThread "Daemon client event forwarder" [_thread_blocked, id=6252, stack(0x0000005400700000,0x0000005400800000)]
  0x000001ec810ec000 JavaThread "Cache worker for file hash cache (C:\Users\Admin\Documents\GitHub\BeeHome\.gradle\7.2\fileHashes)" [_thread_blocked, id=1956, stack(0x0000005400800000,0x0000005400900000)]
  0x000001ec810ed000 JavaThread "C2 CompilerThread1" daemon [_thread_blocked, id=10832, stack(0x0000005400900000,0x0000005400a00000)]
  0x000001ec810e7000 JavaThread "Cache worker for checksums cache (C:\Users\Admin\Documents\GitHub\BeeHome\.gradle\checksums)" [_thread_blocked, id=9616, stack(0x0000005400a00000,0x0000005400b00000)]
  0x000001ec810ee800 JavaThread "Cache worker for cache directory md-supplier (C:\Users\Admin\.gradle\caches\7.2\md-supplier)" [_thread_blocked, id=4056, stack(0x0000005400b00000,0x0000005400c00000)]
=>0x000001ec810f3800 JavaThread "C2 CompilerThread2" daemon [_thread_in_native, id=8588, stack(0x0000005400c00000,0x0000005400d00000)]
  0x000001ec810ef800 JavaThread "Cache worker for cache directory md-rule (C:\Users\Admin\.gradle\caches\7.2\md-rule)" [_thread_blocked, id=13872, stack(0x0000005400d00000,0x0000005400e00000)]
  0x000001ec810f2800 JavaThread "Cache worker for dependencies-accessors (C:\Users\Admin\Documents\GitHub\BeeHome\.gradle\7.2\dependencies-accessors)" [_thread_blocked, id=14616, stack(0x0000005400e00000,0x0000005400f00000)]
  0x000001ec810ed800 JavaThread "Cache worker for Build Output Cleanup Cache (C:\Users\Admin\Documents\GitHub\BeeHome\.gradle\buildOutputCleanup)" [_thread_blocked, id=7104, stack(0x0000005400f00000,0x0000005401000000)]
  0x000001ec810f0000 JavaThread "Unconstrained build operations" [_thread_blocked, id=4112, stack(0x0000005401000000,0x0000005401100000)]
  0x000001ec810f1000 JavaThread "Unconstrained build operations Thread 2" [_thread_blocked, id=6432, stack(0x0000005401100000,0x0000005401200000)]
  0x000001ec810f2000 JavaThread "Unconstrained build operations Thread 3" [_thread_blocked, id=8620, stack(0x0000005401200000,0x0000005401300000)]
  0x000001ec810f4800 JavaThread "Unconstrained build operations Thread 4" [_thread_blocked, id=15052, stack(0x0000005401300000,0x0000005401400000)]
  0x000001ec81ad0000 JavaThread "Unconstrained build operations Thread 5" [_thread_blocked, id=3728, stack(0x0000005401400000,0x0000005401500000)]
  0x000001ec81ad7800 JavaThread "Unconstrained build operations Thread 6" [_thread_blocked, id=10520, stack(0x0000005401500000,0x0000005401600000)]
  0x000001ec81ad5000 JavaThread "Unconstrained build operations Thread 7" [_thread_blocked, id=14968, stack(0x0000005401600000,0x0000005401700000)]
  0x000001ec81ad3800 JavaThread "Unconstrained build operations Thread 8" [_thread_blocked, id=3000, stack(0x0000005401700000,0x0000005401800000)]
  0x000001ec81ad5800 JavaThread "Unconstrained build operations Thread 9" [_thread_blocked, id=10884, stack(0x0000005401800000,0x0000005401900000)]
  0x000001ec81ad6800 JavaThread "Unconstrained build operations Thread 10" [_thread_blocked, id=13408, stack(0x0000005401900000,0x0000005401a00000)]
  0x000001ec81ad1800 JavaThread "Unconstrained build operations Thread 11" [_thread_blocked, id=11456, stack(0x0000005401a00000,0x0000005401b00000)]
  0x000001ec81ada000 JavaThread "Unconstrained build operations Thread 12" [_thread_blocked, id=2952, stack(0x0000005401b00000,0x0000005401c00000)]
  0x000001ec81ad9000 JavaThread "Unconstrained build operations Thread 13" [_thread_blocked, id=9660, stack(0x0000005401c00000,0x0000005401d00000)]
  0x000001ec81add000 JavaThread "Unconstrained build operations Thread 14" [_thread_blocked, id=5812, stack(0x0000005401d00000,0x0000005401e00000)]
  0x000001ec81ada800 JavaThread "Unconstrained build operations Thread 15" [_thread_blocked, id=13136, stack(0x0000005401e00000,0x0000005401f00000)]
  0x000001ec81ade000 JavaThread "Unconstrained build operations Thread 16" [_thread_blocked, id=10800, stack(0x0000005401f00000,0x0000005402000000)]
  0x000001ec81adb800 JavaThread "Unconstrained build operations Thread 17" [_thread_blocked, id=7724, stack(0x0000005402000000,0x0000005402100000)]
  0x000001ec81ad8000 JavaThread "Unconstrained build operations Thread 18" [_thread_blocked, id=15264, stack(0x0000005402100000,0x0000005402200000)]
  0x000001ec81adc800 JavaThread "Unconstrained build operations Thread 19" [_thread_blocked, id=1292, stack(0x0000005402200000,0x0000005402300000)]
  0x000001ec81ade800 JavaThread "Unconstrained build operations Thread 20" [_thread_blocked, id=11716, stack(0x0000005402300000,0x0000005402400000)]
  0x000001ecfbaef000 JavaThread "Unconstrained build operations Thread 21" [_thread_blocked, id=9956, stack(0x0000005402400000,0x0000005402500000)]
  0x000001ecfbaf0000 JavaThread "Unconstrained build operations Thread 22" [_thread_blocked, id=7920, stack(0x0000005402500000,0x0000005402600000)]
  0x000001ecfbaf3000 JavaThread "Unconstrained build operations Thread 23" [_thread_blocked, id=13404, stack(0x0000005402600000,0x0000005402700000)]
  0x000001ecfbaf6800 JavaThread "Unconstrained build operations Thread 24" [_thread_blocked, id=9144, stack(0x0000005402700000,0x0000005402800000)]
  0x000001ecfbaf0800 JavaThread "Unconstrained build operations Thread 25" [_thread_blocked, id=9996, stack(0x0000005402800000,0x0000005402900000)]
  0x000001ecfbaf7800 JavaThread "Unconstrained build operations Thread 26" [_thread_blocked, id=10624, stack(0x0000005402900000,0x0000005402a00000)]
  0x000001ecfbaf1800 JavaThread "Unconstrained build operations Thread 27" [_thread_blocked, id=9368, stack(0x0000005402a00000,0x0000005402b00000)]
  0x000001ecfbafa800 JavaThread "Unconstrained build operations Thread 28" [_thread_blocked, id=12280, stack(0x0000005402b00000,0x0000005402c00000)]
  0x000001ecfbafd000 JavaThread "Unconstrained build operations Thread 29" [_thread_blocked, id=10632, stack(0x0000005402c00000,0x0000005402d00000)]
  0x000001ecfbafe000 JavaThread "Unconstrained build operations Thread 30" [_thread_blocked, id=4668, stack(0x0000005402d00000,0x0000005402e00000)]
  0x000001ecfbaf8000 JavaThread "Unconstrained build operations Thread 31" [_thread_blocked, id=7940, stack(0x0000005402e00000,0x0000005402f00000)]
  0x000001ecfbaf9000 JavaThread "Unconstrained build operations Thread 32" [_thread_blocked, id=11252, stack(0x0000005402f00000,0x0000005403000000)]
  0x000001ecfb2cc800 JavaThread "Unconstrained build operations Thread 33" [_thread_blocked, id=9220, stack(0x0000005403000000,0x0000005403100000)]
  0x000001ecfb2cd800 JavaThread "Unconstrained build operations Thread 34" [_thread_blocked, id=1268, stack(0x0000005403100000,0x0000005403200000)]
  0x000001ecfb2c9800 JavaThread "Unconstrained build operations Thread 35" [_thread_blocked, id=960, stack(0x0000005403200000,0x0000005403300000)]
  0x000001ecfb2c8000 JavaThread "Unconstrained build operations Thread 36" [_thread_blocked, id=13232, stack(0x0000005403300000,0x0000005403400000)]
  0x000001ecfb2c8800 JavaThread "Unconstrained build operations Thread 37" [_thread_blocked, id=3056, stack(0x0000005403400000,0x0000005403500000)]
  0x000001ecfb2cb000 JavaThread "Unconstrained build operations Thread 38" [_thread_blocked, id=11032, stack(0x0000005403500000,0x0000005403600000)]
  0x000001ecfaef7000 JavaThread "Unconstrained build operations Thread 39" [_thread_blocked, id=1764, stack(0x0000005403600000,0x0000005403700000)]
  0x000001ecfaefd800 JavaThread "Unconstrained build operations Thread 40" [_thread_blocked, id=10612, stack(0x0000005403700000,0x0000005403800000)]
  0x000001ecfaef7800 JavaThread "Unconstrained build operations Thread 41" [_thread_blocked, id=14100, stack(0x0000005403800000,0x0000005403900000)]
  0x000001ecfaef8800 JavaThread "Unconstrained build operations Thread 42" [_thread_blocked, id=14152, stack(0x0000005403900000,0x0000005403a00000)]
  0x000001ecfaf05800 JavaThread "Unconstrained build operations Thread 43" [_thread_blocked, id=10988, stack(0x0000005403a00000,0x0000005403b00000)]
  0x000001ecfaf01800 JavaThread "Unconstrained build operations Thread 44" [_thread_blocked, id=3380, stack(0x0000005403b00000,0x0000005403c00000)]
  0x000001ecfaaef800 JavaThread "Unconstrained build operations Thread 45" [_thread_blocked, id=7916, stack(0x0000005403c00000,0x0000005403d00000)]
  0x000001ecfaaf0800 JavaThread "Unconstrained build operations Thread 46" [_thread_blocked, id=2460, stack(0x0000005403d00000,0x0000005403e00000)]
  0x000001ecfaaee800 JavaThread "Unconstrained build operations Thread 47" [_thread_blocked, id=14760, stack(0x0000005403e00000,0x0000005403f00000)]
  0x000001ecfaaf2000 JavaThread "Unconstrained build operations Thread 48" [_thread_blocked, id=10140, stack(0x0000005403f00000,0x0000005404000000)]
  0x000001ec83ab5000 JavaThread "Unconstrained build operations Thread 49" [_thread_blocked, id=4280, stack(0x0000005404000000,0x0000005404100000)]
  0x000001ec83ab8000 JavaThread "Unconstrained build operations Thread 50" [_thread_blocked, id=15116, stack(0x0000005404100000,0x0000005404200000)]
  0x000001ec83ab5800 JavaThread "Unconstrained build operations Thread 51" [_thread_blocked, id=9460, stack(0x0000005404200000,0x0000005404300000)]
  0x000001ec83ab4000 JavaThread "Unconstrained build operations Thread 52" [_thread_blocked, id=9692, stack(0x0000005404300000,0x0000005404400000)]
  0x000001ec83ab7800 JavaThread "Unconstrained build operations Thread 53" [_thread_blocked, id=6748, stack(0x0000005404400000,0x0000005404500000)]
  0x000001ec83ab9000 JavaThread "Unconstrained build operations Thread 54" [_thread_blocked, id=3064, stack(0x0000005404500000,0x0000005404600000)]
  0x000001ec83aba000 JavaThread "Unconstrained build operations Thread 55" [_thread_blocked, id=7892, stack(0x0000005404600000,0x0000005404700000)]
  0x000001ec83aba800 JavaThread "Unconstrained build operations Thread 56" [_thread_blocked, id=11588, stack(0x0000005404700000,0x0000005404800000)]
  0x000001ec83abb800 JavaThread "Unconstrained build operations Thread 57" [_thread_blocked, id=2404, stack(0x0000005404800000,0x0000005404900000)]
  0x000001ec83abc800 JavaThread "Unconstrained build operations Thread 58" [_thread_blocked, id=14228, stack(0x0000005404900000,0x0000005404a00000)]
  0x000001ec83ab6800 JavaThread "Unconstrained build operations Thread 59" [_thread_blocked, id=10772, stack(0x0000005404a00000,0x0000005404b00000)]
  0x000001ec83ac3000 JavaThread "Unconstrained build operations Thread 60" [_thread_blocked, id=10220, stack(0x0000005404b00000,0x0000005404c00000)]
  0x000001ec83ac0800 JavaThread "Unconstrained build operations Thread 61" [_thread_blocked, id=12832, stack(0x0000005404c00000,0x0000005404d00000)]
  0x000001ec83abf800 JavaThread "Unconstrained build operations Thread 62" [_thread_blocked, id=8692, stack(0x0000005404d00000,0x0000005404e00000)]
  0x000001ec83abe000 JavaThread "Unconstrained build operations Thread 63" [_thread_blocked, id=956, stack(0x0000005404e00000,0x0000005404f00000)]
  0x000001ec83ac2000 JavaThread "Unconstrained build operations Thread 64" [_thread_blocked, id=8944, stack(0x0000005404f00000,0x0000005405000000)]
  0x000001ec83abd000 JavaThread "Unconstrained build operations Thread 65" [_thread_blocked, id=10744, stack(0x0000005405000000,0x0000005405100000)]
  0x000001ec83ac1000 JavaThread "Unconstrained build operations Thread 66" [_thread_blocked, id=12532, stack(0x0000005405100000,0x0000005405200000)]
  0x000001ec83abe800 JavaThread "Unconstrained build operations Thread 67" [_thread_blocked, id=12508, stack(0x0000005405800000,0x0000005405900000)]
  0x000001ec81d66800 JavaThread "Unconstrained build operations Thread 68" [_thread_blocked, id=5608, stack(0x0000005405a00000,0x0000005405b00000)]
  0x000001ec81d64800 JavaThread "Unconstrained build operations Thread 69" [_thread_blocked, id=5828, stack(0x0000005405b00000,0x0000005405c00000)]
  0x000001ec81d63000 JavaThread "Unconstrained build operations Thread 70" [_thread_blocked, id=3180, stack(0x0000005405c00000,0x0000005405d00000)]
  0x000001ec81d69800 JavaThread "Unconstrained build operations Thread 71" [_thread_blocked, id=10728, stack(0x0000005405d00000,0x0000005405e00000)]
  0x000001ec81d68800 JavaThread "Unconstrained build operations Thread 72" [_thread_blocked, id=13380, stack(0x0000005405e00000,0x0000005405f00000)]
  0x000001ec81d65800 JavaThread "Unconstrained build operations Thread 73" [_thread_blocked, id=5824, stack(0x0000005405f00000,0x0000005406000000)]
  0x000001ec81d67000 JavaThread "Unconstrained build operations Thread 74" [_thread_blocked, id=2536, stack(0x0000005406000000,0x0000005406100000)]
  0x000001ec81d64000 JavaThread "Unconstrained build operations Thread 75" [_thread_blocked, id=11836, stack(0x0000005406100000,0x0000005406200000)]
  0x000001ec81d6d800 JavaThread "Unconstrained build operations Thread 76" [_thread_blocked, id=6700, stack(0x0000005406200000,0x0000005406300000)]
  0x000001ec81d68000 JavaThread "Unconstrained build operations Thread 77" [_thread_blocked, id=9160, stack(0x0000005406800000,0x0000005406900000)]
  0x000001ec81d6a800 JavaThread "Unconstrained build operations Thread 78" [_thread_blocked, id=9472, stack(0x0000005406900000,0x0000005406a00000)]
  0x000001ec81d6e800 JavaThread "Unconstrained build operations Thread 79" [_thread_blocked, id=14432, stack(0x0000005406a00000,0x0000005406b00000)]
  0x000001ec81d6f800 JavaThread "Unconstrained build operations Thread 80" [_thread_blocked, id=4488, stack(0x0000005406b00000,0x0000005406c00000)]

Other Threads:
  0x000001ecf886b800 VMThread "VM Thread" [stack: 0x000000547d300000,0x000000547d400000] [id=2456]
  0x000001ecf8a99800 WatcherThread [stack: 0x000000547dd00000,0x000000547de00000] [id=15224]
  0x000001ecddb97000 GCTaskThread "GC Thread#0" [stack: 0x000000547ce00000,0x000000547cf00000] [id=12484]
  0x000001ecf9643800 GCTaskThread "GC Thread#1" [stack: 0x000000547e000000,0x000000547e100000] [id=13672]
  0x000001ecf9648800 GCTaskThread "GC Thread#2" [stack: 0x000000547e100000,0x000000547e200000] [id=3204]
  0x000001ecf9644000 GCTaskThread "GC Thread#3" [stack: 0x000000547e200000,0x000000547e300000] [id=3236]
  0x000001ecf9645000 GCTaskThread "GC Thread#4" [stack: 0x000000547e300000,0x000000547e400000] [id=9568]
  0x000001ecf9642800 GCTaskThread "GC Thread#5" [stack: 0x000000547e400000,0x000000547e500000] [id=3724]
  0x000001ecf9645800 GCTaskThread "GC Thread#6" [stack: 0x000000547f000000,0x000000547f100000] [id=12348]
  0x000001ecf9646000 GCTaskThread "GC Thread#7" [stack: 0x000000547f100000,0x000000547f200000] [id=1192]
  0x000001ecddbc7800 ConcurrentGCThread "G1 Main Marker" [stack: 0x000000547cf00000,0x000000547d000000] [id=13376]
  0x000001ecddbc8800 ConcurrentGCThread "G1 Conc#0" [stack: 0x000000547d000000,0x000000547d100000] [id=10912]
  0x000001ecf9647000 ConcurrentGCThread "G1 Conc#1" [stack: 0x000000547f200000,0x000000547f300000] [id=14632]
  0x000001ecf7eca800 ConcurrentGCThread "G1 Refine#0" [stack: 0x000000547d100000,0x000000547d200000] [id=4572]
  0x000001ec807e6000 ConcurrentGCThread "G1 Refine#1" [stack: 0x0000005405700000,0x0000005405800000] [id=10356]
  0x000001ecfc6a9000 ConcurrentGCThread "G1 Refine#2" [stack: 0x0000005406300000,0x0000005406400000] [id=7436]
  0x000001ecfc6aa800 ConcurrentGCThread "G1 Refine#3" [stack: 0x0000005406400000,0x0000005406500000] [id=1372]
  0x000001ecfc6ab800 ConcurrentGCThread "G1 Refine#4" [stack: 0x0000005406500000,0x0000005406600000] [id=11212]
  0x000001ecfc6a7800 ConcurrentGCThread "G1 Refine#5" [stack: 0x0000005406600000,0x0000005406700000] [id=5260]
  0x000001ecfc6aa000 ConcurrentGCThread "G1 Refine#6" [stack: 0x0000005406700000,0x0000005406800000] [id=6996]
  0x000001ecf7ecb000 ConcurrentGCThread "G1 Young RemSet Sampling" [stack: 0x000000547d200000,0x000000547d300000] [id=15124]

Threads with active compile tasks:
C2 CompilerThread0 121027 18054       4       java.util.Properties$LineReader::readLine (635 bytes)
C1 CompilerThread0 121027 18107       3       org.gradle.internal.event.BroadcastDispatch::assertIsMethod (76 bytes)
C2 CompilerThread1 121027 18094       4       org.gradle.cache.internal.DefaultCrossBuildInMemoryCacheFactory$AbstractCrossBuildInMemoryCache::getIfPresentWithoutLock (43 bytes)
C2 CompilerThread2 121027 17964       4       org.gradle.api.internal.artifacts.ModuleComponentSelectorSerializer::read (50 bytes)

VM state:not at safepoint (normal execution)

VM Mutex/Monitor currently owned by a thread: None

Heap address: 0x0000000080000000, size: 2048 MB, Compressed Oops mode: 32-bit
Narrow klass base: 0x0000000000000000, Narrow klass shift: 3
Compressed class space size: 1073741824 Address: 0x0000000100000000

Heap:
 garbage-first heap   total 260096K, used 146890K [0x0000000080000000, 0x0000000100000000)
  region size 1024K, 13 young (13312K), 7 survivors (7168K)
 Metaspace       used 122386K, capacity 126346K, committed 126464K, reserved 1159168K
  class space    used 16018K, capacity 17622K, committed 17740K, reserved 1048576K
Heap Regions: E=young(eden), S=young(survivor), O=old, HS=humongous(starts), HC=humongous(continues), CS=collection set, F=free, A=archive, TAMS=top-at-mark-start (previous, next)
|   0|0x0000000080000000, 0x0000000080100000, 0x0000000080100000|100%| O|  |TAMS 0x0000000080100000, 0x0000000080100000| Untracked 
|   1|0x0000000080100000, 0x0000000080200000, 0x0000000080200000|100%| O|  |TAMS 0x0000000080200000, 0x0000000080200000| Untracked 
|   2|0x0000000080200000, 0x0000000080300000, 0x0000000080300000|100%| O|  |TAMS 0x0000000080300000, 0x0000000080300000| Untracked 
|   3|0x0000000080300000, 0x0000000080400000, 0x0000000080400000|100%|HS|  |TAMS 0x0000000080400000, 0x0000000080400000| Complete 
|   4|0x0000000080400000, 0x0000000080500000, 0x0000000080500000|100%|HC|  |TAMS 0x0000000080500000, 0x0000000080500000| Complete 
|   5|0x0000000080500000, 0x0000000080600000, 0x0000000080600000|100%|HC|  |TAMS 0x0000000080600000, 0x0000000080600000| Complete 
|   6|0x0000000080600000, 0x0000000080700000, 0x0000000080700000|100%| O|  |TAMS 0x0000000080700000, 0x0000000080700000| Untracked 
|   7|0x0000000080700000, 0x0000000080800000, 0x0000000080800000|100%| O|  |TAMS 0x0000000080800000, 0x0000000080800000| Untracked 
|   8|0x0000000080800000, 0x0000000080900000, 0x0000000080900000|100%| O|  |TAMS 0x0000000080900000, 0x0000000080900000| Untracked 
|   9|0x0000000080900000, 0x0000000080a00000, 0x0000000080a00000|100%| O|  |TAMS 0x0000000080a00000, 0x0000000080a00000| Untracked 
|  10|0x0000000080a00000, 0x0000000080b00000, 0x0000000080b00000|100%| O|  |TAMS 0x0000000080b00000, 0x0000000080b00000| Untracked 
|  11|0x0000000080b00000, 0x0000000080c00000, 0x0000000080c00000|100%| O|  |TAMS 0x0000000080c00000, 0x0000000080c00000| Untracked 
|  12|0x0000000080c00000, 0x0000000080d00000, 0x0000000080d00000|100%| O|  |TAMS 0x0000000080d00000, 0x0000000080d00000| Untracked 
|  13|0x0000000080d00000, 0x0000000080e00000, 0x0000000080e00000|100%| O|  |TAMS 0x0000000080e00000, 0x0000000080e00000| Untracked 
|  14|0x0000000080e00000, 0x0000000080f00000, 0x0000000080f00000|100%| O|  |TAMS 0x0000000080f00000, 0x0000000080f00000| Untracked 
|  15|0x0000000080f00000, 0x0000000081000000, 0x0000000081000000|100%| O|  |TAMS 0x0000000081000000, 0x0000000081000000| Untracked 
|  16|0x0000000081000000, 0x0000000081100000, 0x0000000081100000|100%| O|  |TAMS 0x0000000081100000, 0x0000000081100000| Untracked 
|  17|0x0000000081100000, 0x0000000081200000, 0x0000000081200000|100%|HS|  |TAMS 0x0000000081200000, 0x0000000081200000| Complete 
|  18|0x0000000081200000, 0x0000000081300000, 0x0000000081300000|100%|HS|  |TAMS 0x0000000081300000, 0x0000000081300000| Complete 
|  19|0x0000000081300000, 0x0000000081400000, 0x0000000081400000|100%|HS|  |TAMS 0x0000000081400000, 0x0000000081400000| Complete 
|  20|0x0000000081400000, 0x0000000081500000, 0x0000000081500000|100%|HS|  |TAMS 0x0000000081500000, 0x0000000081500000| Complete 
|  21|0x0000000081500000, 0x0000000081600000, 0x0000000081600000|100%|HC|  |TAMS 0x0000000081600000, 0x0000000081600000| Complete 
|  22|0x0000000081600000, 0x0000000081700000, 0x0000000081700000|100%| O|  |TAMS 0x0000000081700000, 0x0000000081700000| Untracked 
|  23|0x0000000081700000, 0x0000000081800000, 0x0000000081800000|100%| O|  |TAMS 0x0000000081800000, 0x0000000081800000| Untracked 
|  24|0x0000000081800000, 0x0000000081900000, 0x0000000081900000|100%| O|  |TAMS 0x0000000081900000, 0x0000000081900000| Untracked 
|  25|0x0000000081900000, 0x0000000081a00000, 0x0000000081a00000|100%| O|  |TAMS 0x0000000081a00000, 0x0000000081a00000| Untracked 
|  26|0x0000000081a00000, 0x0000000081b00000, 0x0000000081b00000|100%| O|  |TAMS 0x0000000081b00000, 0x0000000081b00000| Untracked 
|  27|0x0000000081b00000, 0x0000000081c00000, 0x0000000081c00000|100%| O|  |TAMS 0x0000000081c00000, 0x0000000081c00000| Untracked 
|  28|0x0000000081c00000, 0x0000000081d00000, 0x0000000081d00000|100%| O|  |TAMS 0x0000000081d00000, 0x0000000081d00000| Untracked 
|  29|0x0000000081d00000, 0x0000000081e00000, 0x0000000081e00000|100%| O|  |TAMS 0x0000000081e00000, 0x0000000081e00000| Untracked 
|  30|0x0000000081e00000, 0x0000000081f00000, 0x0000000081f00000|100%| O|  |TAMS 0x0000000081f00000, 0x0000000081f00000| Untracked 
|  31|0x0000000081f00000, 0x0000000082000000, 0x0000000082000000|100%| O|  |TAMS 0x0000000082000000, 0x0000000082000000| Untracked 
|  32|0x0000000082000000, 0x0000000082100000, 0x0000000082100000|100%| O|  |TAMS 0x0000000082100000, 0x0000000082100000| Untracked 
|  33|0x0000000082100000, 0x0000000082200000, 0x0000000082200000|100%| O|  |TAMS 0x0000000082200000, 0x0000000082200000| Untracked 
|  34|0x0000000082200000, 0x0000000082300000, 0x0000000082300000|100%| O|  |TAMS 0x0000000082300000, 0x0000000082300000| Untracked 
|  35|0x0000000082300000, 0x0000000082400000, 0x0000000082400000|100%| O|  |TAMS 0x0000000082400000, 0x0000000082400000| Untracked 
|  36|0x0000000082400000, 0x0000000082500000, 0x0000000082500000|100%| O|  |TAMS 0x0000000082500000, 0x0000000082500000| Untracked 
|  37|0x0000000082500000, 0x0000000082600000, 0x0000000082600000|100%| O|  |TAMS 0x0000000082600000, 0x0000000082600000| Untracked 
|  38|0x0000000082600000, 0x0000000082700000, 0x0000000082700000|100%| O|  |TAMS 0x0000000082700000, 0x0000000082700000| Untracked 
|  39|0x0000000082700000, 0x0000000082800000, 0x0000000082800000|100%| O|  |TAMS 0x0000000082800000, 0x0000000082800000| Untracked 
|  40|0x0000000082800000, 0x0000000082900000, 0x0000000082900000|100%| O|  |TAMS 0x0000000082900000, 0x0000000082900000| Untracked 
|  41|0x0000000082900000, 0x0000000082a00000, 0x0000000082a00000|100%| O|  |TAMS 0x0000000082a00000, 0x0000000082a00000| Untracked 
|  42|0x0000000082a00000, 0x0000000082b00000, 0x0000000082b00000|100%| O|  |TAMS 0x0000000082b00000, 0x0000000082b00000| Untracked 
|  43|0x0000000082b00000, 0x0000000082c00000, 0x0000000082c00000|100%| O|  |TAMS 0x0000000082c00000, 0x0000000082c00000| Untracked 
|  44|0x0000000082c00000, 0x0000000082d00000, 0x0000000082d00000|100%| O|  |TAMS 0x0000000082d00000, 0x0000000082d00000| Untracked 
|  45|0x0000000082d00000, 0x0000000082e00000, 0x0000000082e00000|100%| O|  |TAMS 0x0000000082e00000, 0x0000000082e00000| Untracked 
|  46|0x0000000082e00000, 0x0000000082f00000, 0x0000000082f00000|100%| O|  |TAMS 0x0000000082f00000, 0x0000000082f00000| Untracked 
|  47|0x0000000082f00000, 0x0000000083000000, 0x0000000083000000|100%| O|  |TAMS 0x0000000083000000, 0x0000000083000000| Untracked 
|  48|0x0000000083000000, 0x0000000083100000, 0x0000000083100000|100%| O|  |TAMS 0x0000000083100000, 0x0000000083100000| Untracked 
|  49|0x0000000083100000, 0x0000000083200000, 0x0000000083200000|100%| O|  |TAMS 0x0000000083200000, 0x0000000083200000| Untracked 
|  50|0x0000000083200000, 0x0000000083300000, 0x0000000083300000|100%| O|  |TAMS 0x0000000083300000, 0x0000000083300000| Untracked 
|  51|0x0000000083300000, 0x0000000083400000, 0x0000000083400000|100%| O|  |TAMS 0x0000000083400000, 0x0000000083400000| Untracked 
|  52|0x0000000083400000, 0x0000000083500000, 0x0000000083500000|100%| O|  |TAMS 0x0000000083500000, 0x0000000083500000| Untracked 
|  53|0x0000000083500000, 0x0000000083600000, 0x0000000083600000|100%| O|  |TAMS 0x0000000083600000, 0x0000000083600000| Untracked 
|  54|0x0000000083600000, 0x0000000083700000, 0x0000000083700000|100%| O|  |TAMS 0x0000000083700000, 0x0000000083700000| Untracked 
|  55|0x0000000083700000, 0x0000000083800000, 0x0000000083800000|100%| O|  |TAMS 0x0000000083800000, 0x0000000083800000| Untracked 
|  56|0x0000000083800000, 0x0000000083900000, 0x0000000083900000|100%| O|  |TAMS 0x0000000083900000, 0x0000000083900000| Untracked 
|  57|0x0000000083900000, 0x0000000083a00000, 0x0000000083a00000|100%| O|  |TAMS 0x0000000083a00000, 0x0000000083a00000| Untracked 
|  58|0x0000000083a00000, 0x0000000083b00000, 0x0000000083b00000|100%| O|  |TAMS 0x0000000083b00000, 0x0000000083b00000| Untracked 
|  59|0x0000000083b00000, 0x0000000083c00000, 0x0000000083c00000|100%| O|  |TAMS 0x0000000083c00000, 0x0000000083c00000| Untracked 
|  60|0x0000000083c00000, 0x0000000083d00000, 0x0000000083d00000|100%| O|  |TAMS 0x0000000083d00000, 0x0000000083d00000| Untracked 
|  61|0x0000000083d00000, 0x0000000083e00000, 0x0000000083e00000|100%| O|  |TAMS 0x0000000083e00000, 0x0000000083e00000| Untracked 
|  62|0x0000000083e00000, 0x0000000083f00000, 0x0000000083f00000|100%| O|  |TAMS 0x0000000083f00000, 0x0000000083f00000| Untracked 
|  63|0x0000000083f00000, 0x0000000084000000, 0x0000000084000000|100%| O|  |TAMS 0x0000000084000000, 0x0000000084000000| Untracked 
|  64|0x0000000084000000, 0x0000000084100000, 0x0000000084100000|100%| O|  |TAMS 0x0000000084100000, 0x0000000084100000| Untracked 
|  65|0x0000000084100000, 0x0000000084200000, 0x0000000084200000|100%| O|  |TAMS 0x0000000084200000, 0x0000000084200000| Untracked 
|  66|0x0000000084200000, 0x0000000084300000, 0x0000000084300000|100%| O|  |TAMS 0x0000000084300000, 0x0000000084300000| Untracked 
|  67|0x0000000084300000, 0x0000000084400000, 0x0000000084400000|100%| O|  |TAMS 0x0000000084400000, 0x0000000084400000| Untracked 
|  68|0x0000000084400000, 0x0000000084500000, 0x0000000084500000|100%| O|  |TAMS 0x0000000084500000, 0x0000000084500000| Untracked 
|  69|0x0000000084500000, 0x0000000084600000, 0x0000000084600000|100%| O|  |TAMS 0x0000000084600000, 0x0000000084600000| Untracked 
|  70|0x0000000084600000, 0x0000000084700000, 0x0000000084700000|100%| O|  |TAMS 0x0000000084700000, 0x0000000084700000| Untracked 
|  71|0x0000000084700000, 0x0000000084800000, 0x0000000084800000|100%| O|  |TAMS 0x0000000084800000, 0x0000000084800000| Untracked 
|  72|0x0000000084800000, 0x0000000084900000, 0x0000000084900000|100%| O|  |TAMS 0x0000000084900000, 0x0000000084900000| Untracked 
|  73|0x0000000084900000, 0x0000000084a00000, 0x0000000084a00000|100%| O|  |TAMS 0x0000000084a00000, 0x0000000084a00000| Untracked 
|  74|0x0000000084a00000, 0x0000000084b00000, 0x0000000084b00000|100%| O|  |TAMS 0x0000000084b00000, 0x0000000084b00000| Untracked 
|  75|0x0000000084b00000, 0x0000000084c00000, 0x0000000084c00000|100%| O|  |TAMS 0x0000000084c00000, 0x0000000084c00000| Untracked 
|  76|0x0000000084c00000, 0x0000000084d00000, 0x0000000084d00000|100%| O|  |TAMS 0x0000000084d00000, 0x0000000084d00000| Untracked 
|  77|0x0000000084d00000, 0x0000000084e00000, 0x0000000084e00000|100%| O|  |TAMS 0x0000000084e00000, 0x0000000084e00000| Untracked 
|  78|0x0000000084e00000, 0x0000000084f00000, 0x0000000084f00000|100%| O|  |TAMS 0x0000000084f00000, 0x0000000084f00000| Untracked 
|  79|0x0000000084f00000, 0x0000000085000000, 0x0000000085000000|100%| O|  |TAMS 0x0000000085000000, 0x0000000085000000| Untracked 
|  80|0x0000000085000000, 0x0000000085100000, 0x0000000085100000|100%| O|  |TAMS 0x0000000085100000, 0x0000000085100000| Untracked 
|  81|0x0000000085100000, 0x0000000085200000, 0x0000000085200000|100%| O|  |TAMS 0x0000000085200000, 0x0000000085200000| Untracked 
|  82|0x0000000085200000, 0x0000000085300000, 0x0000000085300000|100%| O|  |TAMS 0x0000000085300000, 0x0000000085300000| Untracked 
|  83|0x0000000085300000, 0x0000000085400000, 0x0000000085400000|100%| O|  |TAMS 0x0000000085400000, 0x0000000085400000| Untracked 
|  84|0x0000000085400000, 0x0000000085500000, 0x0000000085500000|100%| O|  |TAMS 0x0000000085500000, 0x0000000085500000| Untracked 
|  85|0x0000000085500000, 0x0000000085600000, 0x0000000085600000|100%| O|  |TAMS 0x0000000085600000, 0x0000000085600000| Untracked 
|  86|0x0000000085600000, 0x0000000085700000, 0x0000000085700000|100%| O|  |TAMS 0x0000000085700000, 0x0000000085700000| Untracked 
|  87|0x0000000085700000, 0x0000000085800000, 0x0000000085800000|100%| O|  |TAMS 0x0000000085800000, 0x0000000085800000| Untracked 
|  88|0x0000000085800000, 0x0000000085900000, 0x0000000085900000|100%| O|  |TAMS 0x0000000085900000, 0x0000000085900000| Untracked 
|  89|0x0000000085900000, 0x0000000085a00000, 0x0000000085a00000|100%| O|  |TAMS 0x0000000085a00000, 0x0000000085a00000| Untracked 
|  90|0x0000000085a00000, 0x0000000085b00000, 0x0000000085b00000|100%| O|  |TAMS 0x0000000085b00000, 0x0000000085b00000| Untracked 
|  91|0x0000000085b00000, 0x0000000085c00000, 0x0000000085c00000|100%| O|  |TAMS 0x0000000085c00000, 0x0000000085c00000| Untracked 
|  92|0x0000000085c00000, 0x0000000085d00000, 0x0000000085d00000|100%| O|  |TAMS 0x0000000085d00000, 0x0000000085d00000| Untracked 
|  93|0x0000000085d00000, 0x0000000085e00000, 0x0000000085e00000|100%| O|  |TAMS 0x0000000085e00000, 0x0000000085e00000| Untracked 
|  94|0x0000000085e00000, 0x0000000085f00000, 0x0000000085f00000|100%| O|  |TAMS 0x0000000085f00000, 0x0000000085f00000| Untracked 
|  95|0x0000000085f00000, 0x0000000086000000, 0x0000000086000000|100%| O|  |TAMS 0x0000000086000000, 0x0000000086000000| Untracked 
|  96|0x0000000086000000, 0x0000000086100000, 0x0000000086100000|100%| O|  |TAMS 0x0000000086100000, 0x0000000086100000| Untracked 
|  97|0x0000000086100000, 0x0000000086200000, 0x0000000086200000|100%| O|  |TAMS 0x0000000086200000, 0x0000000086200000| Untracked 
|  98|0x0000000086200000, 0x0000000086300000, 0x0000000086300000|100%| O|  |TAMS 0x0000000086300000, 0x0000000086300000| Untracked 
|  99|0x0000000086300000, 0x0000000086400000, 0x0000000086400000|100%| O|  |TAMS 0x0000000086400000, 0x0000000086400000| Untracked 
| 100|0x0000000086400000, 0x0000000086500000, 0x0000000086500000|100%| O|  |TAMS 0x0000000086500000, 0x0000000086500000| Untracked 
| 101|0x0000000086500000, 0x0000000086600000, 0x0000000086600000|100%| O|  |TAMS 0x0000000086600000, 0x0000000086600000| Untracked 
| 102|0x0000000086600000, 0x0000000086700000, 0x0000000086700000|100%| O|  |TAMS 0x0000000086700000, 0x0000000086700000| Untracked 
| 103|0x0000000086700000, 0x0000000086800000, 0x0000000086800000|100%| O|  |TAMS 0x0000000086800000, 0x0000000086800000| Untracked 
| 104|0x0000000086800000, 0x0000000086900000, 0x0000000086900000|100%| O|  |TAMS 0x0000000086900000, 0x0000000086900000| Untracked 
| 105|0x0000000086900000, 0x0000000086a00000, 0x0000000086a00000|100%| O|  |TAMS 0x0000000086a00000, 0x0000000086a00000| Untracked 
| 106|0x0000000086a00000, 0x0000000086b00000, 0x0000000086b00000|100%| O|  |TAMS 0x0000000086b00000, 0x0000000086b00000| Untracked 
| 107|0x0000000086b00000, 0x0000000086c00000, 0x0000000086c00000|100%| O|  |TAMS 0x0000000086c00000, 0x0000000086c00000| Untracked 
| 108|0x0000000086c00000, 0x0000000086d00000, 0x0000000086d00000|100%| O|  |TAMS 0x0000000086d00000, 0x0000000086d00000| Untracked 
| 109|0x0000000086d00000, 0x0000000086e00000, 0x0000000086e00000|100%| O|  |TAMS 0x0000000086e00000, 0x0000000086e00000| Untracked 
| 110|0x0000000086e00000, 0x0000000086f00000, 0x0000000086f00000|100%| O|  |TAMS 0x0000000086f00000, 0x0000000086f00000| Untracked 
| 111|0x0000000086f00000, 0x0000000086f00000, 0x0000000087000000|  0%| F|  |TAMS 0x0000000086f00000, 0x0000000086f00000| Untracked 
| 112|0x0000000087000000, 0x0000000087100000, 0x0000000087100000|100%| O|  |TAMS 0x0000000087100000, 0x0000000087100000| Untracked 
| 113|0x0000000087100000, 0x0000000087200000, 0x0000000087200000|100%| O|  |TAMS 0x0000000087100000, 0x0000000087200000| Untracked 
| 114|0x0000000087200000, 0x0000000087300000, 0x0000000087300000|100%| O|  |TAMS 0x0000000087300000, 0x0000000087300000| Untracked 
| 115|0x0000000087300000, 0x0000000087400000, 0x0000000087400000|100%|HS|  |TAMS 0x0000000087400000, 0x0000000087400000| Complete 
| 116|0x0000000087400000, 0x0000000087500000, 0x0000000087500000|100%|HC|  |TAMS 0x0000000087500000, 0x0000000087500000| Complete 
| 117|0x0000000087500000, 0x0000000087600000, 0x0000000087600000|100%| O|  |TAMS 0x0000000087600000, 0x0000000087600000| Untracked 
| 118|0x0000000087600000, 0x0000000087700000, 0x0000000087700000|100%| O|  |TAMS 0x0000000087700000, 0x0000000087700000| Untracked 
| 119|0x0000000087700000, 0x0000000087800000, 0x0000000087800000|100%| O|  |TAMS 0x0000000087800000, 0x0000000087800000| Untracked 
| 120|0x0000000087800000, 0x0000000087800000, 0x0000000087900000|  0%| F|  |TAMS 0x0000000087800000, 0x0000000087800000| Untracked 
| 121|0x0000000087900000, 0x0000000087a00000, 0x0000000087a00000|100%| O|  |TAMS 0x0000000087900000, 0x0000000087a00000| Untracked 
| 122|0x0000000087a00000, 0x0000000087b00000, 0x0000000087b00000|100%| O|  |TAMS 0x0000000087b00000, 0x0000000087b00000| Untracked 
| 123|0x0000000087b00000, 0x0000000087c00000, 0x0000000087c00000|100%| O|  |TAMS 0x0000000087c00000, 0x0000000087c00000| Untracked 
| 124|0x0000000087c00000, 0x0000000087d00000, 0x0000000087d00000|100%| O|  |TAMS 0x0000000087d00000, 0x0000000087d00000| Untracked 
| 125|0x0000000087d00000, 0x0000000087d00000, 0x0000000087e00000|  0%| F|  |TAMS 0x0000000087d00000, 0x0000000087d00000| Untracked 
| 126|0x0000000087e00000, 0x0000000087f00000, 0x0000000087f00000|100%| O|  |TAMS 0x0000000087f00000, 0x0000000087f00000| Untracked 
| 127|0x0000000087f00000, 0x0000000088000000, 0x0000000088000000|100%| O|  |TAMS 0x0000000088000000, 0x0000000088000000| Untracked 
| 128|0x0000000088000000, 0x0000000088100000, 0x0000000088100000|100%| O|  |TAMS 0x0000000088100000, 0x0000000088100000| Untracked 
| 129|0x0000000088100000, 0x0000000088200000, 0x0000000088200000|100%| O|  |TAMS 0x00000000881a5c00, 0x0000000088200000| Untracked 
| 130|0x0000000088200000, 0x0000000088300000, 0x0000000088300000|100%| O|  |TAMS 0x0000000088200000, 0x0000000088300000| Untracked 
| 131|0x0000000088300000, 0x0000000088400000, 0x0000000088400000|100%| O|  |TAMS 0x0000000088300000, 0x0000000088400000| Untracked 
| 132|0x0000000088400000, 0x0000000088500000, 0x0000000088500000|100%| O|  |TAMS 0x0000000088400000, 0x0000000088500000| Untracked 
| 133|0x0000000088500000, 0x0000000088600000, 0x0000000088600000|100%| O|  |TAMS 0x0000000088500000, 0x0000000088600000| Untracked 
| 134|0x0000000088600000, 0x0000000088700000, 0x0000000088700000|100%| O|  |TAMS 0x0000000088600000, 0x0000000088700000| Untracked 
| 135|0x0000000088700000, 0x0000000088722e00, 0x0000000088800000| 13%| O|  |TAMS 0x0000000088700000, 0x0000000088722e00| Untracked 
| 136|0x0000000088800000, 0x0000000088800000, 0x0000000088900000|  0%| F|  |TAMS 0x0000000088800000, 0x0000000088800000| Untracked 
| 137|0x0000000088900000, 0x0000000088900000, 0x0000000088a00000|  0%| F|  |TAMS 0x0000000088900000, 0x0000000088900000| Untracked 
| 138|0x0000000088a00000, 0x0000000088a00000, 0x0000000088b00000|  0%| F|  |TAMS 0x0000000088a00000, 0x0000000088a00000| Untracked 
| 139|0x0000000088b00000, 0x0000000088b00000, 0x0000000088c00000|  0%| F|  |TAMS 0x0000000088b00000, 0x0000000088b00000| Untracked 
| 140|0x0000000088c00000, 0x0000000088c00000, 0x0000000088d00000|  0%| F|  |TAMS 0x0000000088c00000, 0x0000000088c00000| Untracked 
| 141|0x0000000088d00000, 0x0000000088d00000, 0x0000000088e00000|  0%| F|  |TAMS 0x0000000088d00000, 0x0000000088d00000| Untracked 
| 142|0x0000000088e00000, 0x0000000088e00000, 0x0000000088f00000|  0%| F|  |TAMS 0x0000000088e00000, 0x0000000088e00000| Untracked 
| 143|0x0000000088f00000, 0x0000000088f00000, 0x0000000089000000|  0%| F|  |TAMS 0x0000000088f00000, 0x0000000088f00000| Untracked 
| 144|0x0000000089000000, 0x0000000089000000, 0x0000000089100000|  0%| F|  |TAMS 0x0000000089000000, 0x0000000089000000| Untracked 
| 145|0x0000000089100000, 0x0000000089100000, 0x0000000089200000|  0%| F|  |TAMS 0x0000000089100000, 0x0000000089100000| Untracked 
| 146|0x0000000089200000, 0x0000000089200000, 0x0000000089300000|  0%| F|  |TAMS 0x0000000089200000, 0x0000000089200000| Untracked 
| 147|0x0000000089300000, 0x0000000089300000, 0x0000000089400000|  0%| F|  |TAMS 0x0000000089300000, 0x0000000089300000| Untracked 
| 148|0x0000000089400000, 0x0000000089400000, 0x0000000089500000|  0%| F|  |TAMS 0x0000000089400000, 0x0000000089400000| Untracked 
| 149|0x0000000089500000, 0x0000000089500000, 0x0000000089600000|  0%| F|  |TAMS 0x0000000089500000, 0x0000000089500000| Untracked 
| 150|0x0000000089600000, 0x0000000089600000, 0x0000000089700000|  0%| F|  |TAMS 0x0000000089600000, 0x0000000089600000| Untracked 
| 151|0x0000000089700000, 0x0000000089700000, 0x0000000089800000|  0%| F|  |TAMS 0x0000000089700000, 0x0000000089700000| Untracked 
| 152|0x0000000089800000, 0x0000000089800000, 0x0000000089900000|  0%| F|  |TAMS 0x0000000089800000, 0x0000000089800000| Untracked 
| 153|0x0000000089900000, 0x0000000089900000, 0x0000000089a00000|  0%| F|  |TAMS 0x0000000089900000, 0x0000000089900000| Untracked 
| 154|0x0000000089a00000, 0x0000000089a00000, 0x0000000089b00000|  0%| F|  |TAMS 0x0000000089a00000, 0x0000000089a00000| Untracked 
| 155|0x0000000089b00000, 0x0000000089b00000, 0x0000000089c00000|  0%| F|  |TAMS 0x0000000089b00000, 0x0000000089b00000| Untracked 
| 156|0x0000000089c00000, 0x0000000089c00000, 0x0000000089d00000|  0%| F|  |TAMS 0x0000000089c00000, 0x0000000089c00000| Untracked 
| 157|0x0000000089d00000, 0x0000000089d00000, 0x0000000089e00000|  0%| F|  |TAMS 0x0000000089d00000, 0x0000000089d00000| Untracked 
| 158|0x0000000089e00000, 0x0000000089e00000, 0x0000000089f00000|  0%| F|  |TAMS 0x0000000089e00000, 0x0000000089e00000| Untracked 
| 159|0x0000000089f00000, 0x0000000089f00000, 0x000000008a000000|  0%| F|  |TAMS 0x0000000089f00000, 0x0000000089f00000| Untracked 
| 160|0x000000008a000000, 0x000000008a000000, 0x000000008a100000|  0%| F|  |TAMS 0x000000008a000000, 0x000000008a000000| Untracked 
| 161|0x000000008a100000, 0x000000008a100000, 0x000000008a200000|  0%| F|  |TAMS 0x000000008a100000, 0x000000008a100000| Untracked 
| 162|0x000000008a200000, 0x000000008a200000, 0x000000008a300000|  0%| F|  |TAMS 0x000000008a200000, 0x000000008a200000| Untracked 
| 163|0x000000008a300000, 0x000000008a300000, 0x000000008a400000|  0%| F|  |TAMS 0x000000008a300000, 0x000000008a300000| Untracked 
| 164|0x000000008a400000, 0x000000008a400000, 0x000000008a500000|  0%| F|  |TAMS 0x000000008a400000, 0x000000008a400000| Untracked 
| 165|0x000000008a500000, 0x000000008a500000, 0x000000008a600000|  0%| F|  |TAMS 0x000000008a500000, 0x000000008a500000| Untracked 
| 166|0x000000008a600000, 0x000000008a600000, 0x000000008a700000|  0%| F|  |TAMS 0x000000008a600000, 0x000000008a600000| Untracked 
| 167|0x000000008a700000, 0x000000008a700000, 0x000000008a800000|  0%| F|  |TAMS 0x000000008a700000, 0x000000008a700000| Untracked 
| 168|0x000000008a800000, 0x000000008a800000, 0x000000008a900000|  0%| F|  |TAMS 0x000000008a800000, 0x000000008a800000| Untracked 
| 169|0x000000008a900000, 0x000000008a94faa0, 0x000000008aa00000| 31%| S|CS|TAMS 0x000000008a900000, 0x000000008a900000| Complete 
| 170|0x000000008aa00000, 0x000000008ab00000, 0x000000008ab00000|100%| S|CS|TAMS 0x000000008aa00000, 0x000000008aa00000| Complete 
| 171|0x000000008ab00000, 0x000000008ac00000, 0x000000008ac00000|100%| S|CS|TAMS 0x000000008ab00000, 0x000000008ab00000| Complete 
| 172|0x000000008ac00000, 0x000000008ad00000, 0x000000008ad00000|100%| S|CS|TAMS 0x000000008ac00000, 0x000000008ac00000| Complete 
| 173|0x000000008ad00000, 0x000000008ae00000, 0x000000008ae00000|100%| S|CS|TAMS 0x000000008ad00000, 0x000000008ad00000| Complete 
| 174|0x000000008ae00000, 0x000000008af00000, 0x000000008af00000|100%| S|CS|TAMS 0x000000008ae00000, 0x000000008ae00000| Complete 
| 175|0x000000008af00000, 0x000000008b000000, 0x000000008b000000|100%| S|CS|TAMS 0x000000008af00000, 0x000000008af00000| Complete 
| 176|0x000000008b000000, 0x000000008b000000, 0x000000008b100000|  0%| F|  |TAMS 0x000000008b000000, 0x000000008b000000| Untracked 
| 177|0x000000008b100000, 0x000000008b100000, 0x000000008b200000|  0%| F|  |TAMS 0x000000008b100000, 0x000000008b100000| Untracked 
| 178|0x000000008b200000, 0x000000008b200000, 0x000000008b300000|  0%| F|  |TAMS 0x000000008b200000, 0x000000008b200000| Untracked 
| 179|0x000000008b300000, 0x000000008b300000, 0x000000008b400000|  0%| F|  |TAMS 0x000000008b300000, 0x000000008b300000| Untracked 
| 180|0x000000008b400000, 0x000000008b400000, 0x000000008b500000|  0%| F|  |TAMS 0x000000008b400000, 0x000000008b400000| Untracked 
| 181|0x000000008b500000, 0x000000008b500000, 0x000000008b600000|  0%| F|  |TAMS 0x000000008b500000, 0x000000008b500000| Untracked 
| 182|0x000000008b600000, 0x000000008b600000, 0x000000008b700000|  0%| F|  |TAMS 0x000000008b600000, 0x000000008b600000| Untracked 
| 183|0x000000008b700000, 0x000000008b700000, 0x000000008b800000|  0%| F|  |TAMS 0x000000008b700000, 0x000000008b700000| Untracked 
| 184|0x000000008b800000, 0x000000008b800000, 0x000000008b900000|  0%| F|  |TAMS 0x000000008b800000, 0x000000008b800000| Untracked 
| 185|0x000000008b900000, 0x000000008b900000, 0x000000008ba00000|  0%| F|  |TAMS 0x000000008b900000, 0x000000008b900000| Untracked 
| 186|0x000000008ba00000, 0x000000008ba00000, 0x000000008bb00000|  0%| F|  |TAMS 0x000000008ba00000, 0x000000008ba00000| Untracked 
| 187|0x000000008bb00000, 0x000000008bb00000, 0x000000008bc00000|  0%| F|  |TAMS 0x000000008bb00000, 0x000000008bb00000| Untracked 
| 188|0x000000008bc00000, 0x000000008bc00000, 0x000000008bd00000|  0%| F|  |TAMS 0x000000008bc00000, 0x000000008bc00000| Untracked 
| 189|0x000000008bd00000, 0x000000008bd00000, 0x000000008be00000|  0%| F|  |TAMS 0x000000008bd00000, 0x000000008bd00000| Untracked 
| 190|0x000000008be00000, 0x000000008be00000, 0x000000008bf00000|  0%| F|  |TAMS 0x000000008be00000, 0x000000008be00000| Untracked 
| 191|0x000000008bf00000, 0x000000008bf00000, 0x000000008c000000|  0%| F|  |TAMS 0x000000008bf00000, 0x000000008bf00000| Untracked 
| 192|0x000000008c000000, 0x000000008c000000, 0x000000008c100000|  0%| F|  |TAMS 0x000000008c000000, 0x000000008c000000| Untracked 
| 193|0x000000008c100000, 0x000000008c100000, 0x000000008c200000|  0%| F|  |TAMS 0x000000008c100000, 0x000000008c100000| Untracked 
| 194|0x000000008c200000, 0x000000008c200000, 0x000000008c300000|  0%| F|  |TAMS 0x000000008c200000, 0x000000008c200000| Untracked 
| 195|0x000000008c300000, 0x000000008c300000, 0x000000008c400000|  0%| F|  |TAMS 0x000000008c300000, 0x000000008c300000| Untracked 
| 196|0x000000008c400000, 0x000000008c400000, 0x000000008c500000|  0%| F|  |TAMS 0x000000008c400000, 0x000000008c400000| Untracked 
| 197|0x000000008c500000, 0x000000008c500000, 0x000000008c600000|  0%| F|  |TAMS 0x000000008c500000, 0x000000008c500000| Untracked 
| 198|0x000000008c600000, 0x000000008c600000, 0x000000008c700000|  0%| F|  |TAMS 0x000000008c600000, 0x000000008c600000| Untracked 
| 199|0x000000008c700000, 0x000000008c700000, 0x000000008c800000|  0%| F|  |TAMS 0x000000008c700000, 0x000000008c700000| Untracked 
| 200|0x000000008c800000, 0x000000008c800000, 0x000000008c900000|  0%| F|  |TAMS 0x000000008c800000, 0x000000008c800000| Untracked 
| 201|0x000000008c900000, 0x000000008c900000, 0x000000008ca00000|  0%| F|  |TAMS 0x000000008c900000, 0x000000008c900000| Untracked 
| 202|0x000000008ca00000, 0x000000008ca00000, 0x000000008cb00000|  0%| F|  |TAMS 0x000000008ca00000, 0x000000008ca00000| Untracked 
| 203|0x000000008cb00000, 0x000000008cb00000, 0x000000008cc00000|  0%| F|  |TAMS 0x000000008cb00000, 0x000000008cb00000| Untracked 
| 204|0x000000008cc00000, 0x000000008cc00000, 0x000000008cd00000|  0%| F|  |TAMS 0x000000008cc00000, 0x000000008cc00000| Untracked 
| 205|0x000000008cd00000, 0x000000008cd00000, 0x000000008ce00000|  0%| F|  |TAMS 0x000000008cd00000, 0x000000008cd00000| Untracked 
| 206|0x000000008ce00000, 0x000000008ce00000, 0x000000008cf00000|  0%| F|  |TAMS 0x000000008ce00000, 0x000000008ce00000| Untracked 
| 207|0x000000008cf00000, 0x000000008cf00000, 0x000000008d000000|  0%| F|  |TAMS 0x000000008cf00000, 0x000000008cf00000| Untracked 
| 208|0x000000008d000000, 0x000000008d000000, 0x000000008d100000|  0%| F|  |TAMS 0x000000008d000000, 0x000000008d000000| Untracked 
| 209|0x000000008d100000, 0x000000008d100000, 0x000000008d200000|  0%| F|  |TAMS 0x000000008d100000, 0x000000008d100000| Untracked 
| 210|0x000000008d200000, 0x000000008d200000, 0x000000008d300000|  0%| F|  |TAMS 0x000000008d200000, 0x000000008d200000| Untracked 
| 211|0x000000008d300000, 0x000000008d300000, 0x000000008d400000|  0%| F|  |TAMS 0x000000008d300000, 0x000000008d300000| Untracked 
| 212|0x000000008d400000, 0x000000008d400000, 0x000000008d500000|  0%| F|  |TAMS 0x000000008d400000, 0x000000008d400000| Untracked 
| 213|0x000000008d500000, 0x000000008d500000, 0x000000008d600000|  0%| F|  |TAMS 0x000000008d500000, 0x000000008d500000| Untracked 
| 214|0x000000008d600000, 0x000000008d600000, 0x000000008d700000|  0%| F|  |TAMS 0x000000008d600000, 0x000000008d600000| Untracked 
| 215|0x000000008d700000, 0x000000008d700000, 0x000000008d800000|  0%| F|  |TAMS 0x000000008d700000, 0x000000008d700000| Untracked 
| 216|0x000000008d800000, 0x000000008d800000, 0x000000008d900000|  0%| F|  |TAMS 0x000000008d800000, 0x000000008d800000| Untracked 
| 217|0x000000008d900000, 0x000000008d900000, 0x000000008da00000|  0%| F|  |TAMS 0x000000008d900000, 0x000000008d900000| Untracked 
| 218|0x000000008da00000, 0x000000008da00000, 0x000000008db00000|  0%| F|  |TAMS 0x000000008da00000, 0x000000008da00000| Untracked 
| 219|0x000000008db00000, 0x000000008db00000, 0x000000008dc00000|  0%| F|  |TAMS 0x000000008db00000, 0x000000008db00000| Untracked 
| 220|0x000000008dc00000, 0x000000008dc00000, 0x000000008dd00000|  0%| F|  |TAMS 0x000000008dc00000, 0x000000008dc00000| Untracked 
| 221|0x000000008dd00000, 0x000000008dd00000, 0x000000008de00000|  0%| F|  |TAMS 0x000000008dd00000, 0x000000008dd00000| Untracked 
| 222|0x000000008de00000, 0x000000008de00000, 0x000000008df00000|  0%| F|  |TAMS 0x000000008de00000, 0x000000008de00000| Untracked 
| 223|0x000000008df00000, 0x000000008df00000, 0x000000008e000000|  0%| F|  |TAMS 0x000000008df00000, 0x000000008df00000| Untracked 
| 224|0x000000008e000000, 0x000000008e000000, 0x000000008e100000|  0%| F|  |TAMS 0x000000008e000000, 0x000000008e000000| Untracked 
| 225|0x000000008e100000, 0x000000008e100000, 0x000000008e200000|  0%| F|  |TAMS 0x000000008e100000, 0x000000008e100000| Untracked 
| 226|0x000000008e200000, 0x000000008e200000, 0x000000008e300000|  0%| F|  |TAMS 0x000000008e200000, 0x000000008e200000| Untracked 
| 227|0x000000008e300000, 0x000000008e300000, 0x000000008e400000|  0%| F|  |TAMS 0x000000008e300000, 0x000000008e300000| Untracked 
| 228|0x000000008e400000, 0x000000008e400000, 0x000000008e500000|  0%| F|  |TAMS 0x000000008e400000, 0x000000008e400000| Untracked 
| 229|0x000000008e500000, 0x000000008e500000, 0x000000008e600000|  0%| F|  |TAMS 0x000000008e500000, 0x000000008e500000| Untracked 
| 230|0x000000008e600000, 0x000000008e600000, 0x000000008e700000|  0%| F|  |TAMS 0x000000008e600000, 0x000000008e600000| Untracked 
| 231|0x000000008e700000, 0x000000008e700000, 0x000000008e800000|  0%| F|  |TAMS 0x000000008e700000, 0x000000008e700000| Untracked 
| 232|0x000000008e800000, 0x000000008e800000, 0x000000008e900000|  0%| F|  |TAMS 0x000000008e800000, 0x000000008e800000| Untracked 
| 233|0x000000008e900000, 0x000000008e900000, 0x000000008ea00000|  0%| F|  |TAMS 0x000000008e900000, 0x000000008e900000| Untracked 
| 234|0x000000008ea00000, 0x000000008ea00000, 0x000000008eb00000|  0%| F|  |TAMS 0x000000008ea00000, 0x000000008ea00000| Untracked 
| 235|0x000000008eb00000, 0x000000008eb00000, 0x000000008ec00000|  0%| F|  |TAMS 0x000000008eb00000, 0x000000008eb00000| Untracked 
| 236|0x000000008ec00000, 0x000000008ec00000, 0x000000008ed00000|  0%| F|  |TAMS 0x000000008ec00000, 0x000000008ec00000| Untracked 
| 237|0x000000008ed00000, 0x000000008ed00000, 0x000000008ee00000|  0%| F|  |TAMS 0x000000008ed00000, 0x000000008ed00000| Untracked 
| 238|0x000000008ee00000, 0x000000008ee00000, 0x000000008ef00000|  0%| F|  |TAMS 0x000000008ee00000, 0x000000008ee00000| Untracked 
| 239|0x000000008ef00000, 0x000000008ef00000, 0x000000008f000000|  0%| F|  |TAMS 0x000000008ef00000, 0x000000008ef00000| Untracked 
| 240|0x000000008f000000, 0x000000008f000000, 0x000000008f100000|  0%| F|  |TAMS 0x000000008f000000, 0x000000008f000000| Untracked 
| 241|0x000000008f100000, 0x000000008f100000, 0x000000008f200000|  0%| F|  |TAMS 0x000000008f100000, 0x000000008f100000| Untracked 
| 242|0x000000008f200000, 0x000000008f200000, 0x000000008f300000|  0%| F|  |TAMS 0x000000008f200000, 0x000000008f200000| Untracked 
| 243|0x000000008f300000, 0x000000008f300000, 0x000000008f400000|  0%| F|  |TAMS 0x000000008f300000, 0x000000008f300000| Untracked 
| 244|0x000000008f400000, 0x000000008f400000, 0x000000008f500000|  0%| F|  |TAMS 0x000000008f400000, 0x000000008f400000| Untracked 
| 245|0x000000008f500000, 0x000000008f500000, 0x000000008f600000|  0%| F|  |TAMS 0x000000008f500000, 0x000000008f500000| Untracked 
| 246|0x000000008f600000, 0x000000008f600000, 0x000000008f700000|  0%| F|  |TAMS 0x000000008f600000, 0x000000008f600000| Untracked 
| 247|0x000000008f700000, 0x000000008f700000, 0x000000008f800000|  0%| F|  |TAMS 0x000000008f700000, 0x000000008f700000| Untracked 
| 248|0x000000008f800000, 0x000000008f8c6490, 0x000000008f900000| 77%| E|  |TAMS 0x000000008f800000, 0x000000008f800000| Complete 
| 249|0x000000008f900000, 0x000000008fa00000, 0x000000008fa00000|100%| E|CS|TAMS 0x000000008f900000, 0x000000008f900000| Complete 
| 250|0x000000008fa00000, 0x000000008fb00000, 0x000000008fb00000|100%| E|CS|TAMS 0x000000008fa00000, 0x000000008fa00000| Complete 
| 251|0x000000008fb00000, 0x000000008fc00000, 0x000000008fc00000|100%| E|CS|TAMS 0x000000008fb00000, 0x000000008fb00000| Complete 
| 252|0x000000008fc00000, 0x000000008fd00000, 0x000000008fd00000|100%| E|CS|TAMS 0x000000008fc00000, 0x000000008fc00000| Complete 
| 253|0x000000008fd00000, 0x000000008fe00000, 0x000000008fe00000|100%| E|CS|TAMS 0x000000008fd00000, 0x000000008fd00000| Complete 

Card table byte_map: [0x000001ecf0db0000,0x000001ecf11b0000] _byte_map_base: 0x000001ecf09b0000

Marking Bits (Prev, Next): (CMBitMap*) 0x000001ecddbbe7e8, (CMBitMap*) 0x000001ecddbbe820
 Prev Bits: [0x000001ecf15b0000, 0x000001ecf35b0000)
 Next Bits: [0x000001ecf35b0000, 0x000001ecf55b0000)

Polling page: 0x000001ecdd360000

Metaspace:

Usage:
  Non-class:    106.18 MB capacity,   103.88 MB ( 98%) used,     1.85 MB (  2%) free+waste,   464.31 KB ( <1%) overhead. 
      Class:     17.21 MB capacity,    15.64 MB ( 91%) used,     1.35 MB (  8%) free+waste,   222.38 KB (  1%) overhead. 
       Both:    123.38 MB capacity,   119.52 MB ( 97%) used,     3.20 MB (  3%) free+waste,   686.69 KB ( <1%) overhead. 

Virtual space:
  Non-class space:      108.00 MB reserved,     106.18 MB ( 98%) committed 
      Class space:        1.00 GB reserved,      17.32 MB (  2%) committed 
             Both:        1.11 GB reserved,     123.50 MB ( 11%) committed 

Chunk freelists:
   Non-Class:  0 bytes
       Class:  0 bytes
        Both:  0 bytes

MaxMetaspaceSize: 17179869184.00 GB
CompressedClassSpaceSize: 1.00 GB

CodeHeap 'non-profiled nmethods': size=120000Kb used=11237Kb max_used=11237Kb free=108762Kb
 bounds [0x000001ece9150000, 0x000001ece9c50000, 0x000001ecf0680000]
CodeHeap 'profiled nmethods': size=120000Kb used=35337Kb max_used=35337Kb free=84663Kb
 bounds [0x000001ece1c20000, 0x000001ece3eb0000, 0x000001ece9150000]
CodeHeap 'non-nmethods': size=5760Kb used=2363Kb max_used=2421Kb free=3396Kb
 bounds [0x000001ece1680000, 0x000001ece18f0000, 0x000001ece1c20000]
 total_blobs=17975 nmethods=16990 adapters=895
 compilation: enabled
              stopped_count=0, restarted_count=0
 full_count=0

Compilation events (20 events):
Event: 120.967 Thread 0x000001ecf88e9800 18051       3       com.google.common.cache.CacheBuilder::getValueStrength (14 bytes)
Event: 120.968 Thread 0x000001ecf88e9800 nmethod 18051 0x000001ece3e8cd90 code [0x000001ece3e8cf60, 0x000001ece3e8d1f8]
Event: 120.968 Thread 0x000001ecf88e9800 18052       1       org.gradle.api.internal.plugins.DefaultPluginRegistry$PluginIdLookupCacheKey::getId (5 bytes)
Event: 120.968 Thread 0x000001ecf88e9800 nmethod 18052 0x000001ece9c3b210 code [0x000001ece9c3b3c0, 0x000001ece9c3b478]
Event: 120.968 Thread 0x000001ecf88e9800 18053       1       org.gradle.api.internal.plugins.DefaultPluginRegistry$PluginIdLookupCacheKey::getClassLoader (5 bytes)
Event: 120.968 Thread 0x000001ecf88e9800 nmethod 18053 0x000001ece9c3b510 code [0x000001ece9c3b6c0, 0x000001ece9c3b778]
Event: 120.983 Thread 0x000001ecf88e9800 18055       2       org.gradle.initialization.DefaultGradleProperties::find (12 bytes)
Event: 120.984 Thread 0x000001ecf88e9800 nmethod 18055 0x000001ece3e8d310 code [0x000001ece3e8d4c0, 0x000001ece3e8d608]
Event: 120.984 Thread 0x000001ec810ed000 nmethod 18025 0x000001ece9c3b810 code [0x000001ece9c3ba20, 0x000001ece9c3c2f0]
Event: 120.984 Thread 0x000001ec810ed000 18049       4       java.lang.StringLatin1::toUpperCase (180 bytes)
Event: 120.993 Thread 0x000001ecf88e9800 18058       2       org.gradle.api.internal.plugins.DefaultPotentialPluginWithId::asClass (10 bytes)
Event: 120.993 Thread 0x000001ecf88e9800 nmethod 18058 0x000001ece3e8d710 code [0x000001ece3e8d8c0, 0x000001ece3e8d9e8]
Event: 120.993 Thread 0x000001ecf88e9800 18059       2       com.google.common.base.Optional::fromNullable (19 bytes)
Event: 120.993 Thread 0x000001ecf88e9800 nmethod 18059 0x000001ece3e8da90 code [0x000001ece3e8dc40, 0x000001ece3e8ddd8]
Event: 120.994 Thread 0x000001ecf88e9800 18060       2       org.gradle.api.internal.tasks.DefaultTaskContainer::registerDescriptor (37 bytes)
Event: 120.994 Thread 0x000001ecf88e9800 nmethod 18060 0x000001ece3e8de90 code [0x000001ece3e8e0c0, 0x000001ece3e8e738]
Event: 120.994 Thread 0x000001ecf88e9800 18061       2       org.gradle.internal.build.event.types.DefaultBinaryPluginIdentifier::hashCode (8 bytes)
Event: 120.995 Thread 0x000001ecf88e9800 nmethod 18061 0x000001ece3e8ea10 code [0x000001ece3e8ebc0, 0x000001ece3e8ece8]
Event: 120.995 Thread 0x000001ecf88e9800 18062       2       org.gradle.internal.event.BroadcastDispatch$EmptyDispatch::add (14 bytes)
Event: 120.995 Thread 0x000001ecf88e9800 nmethod 18062 0x000001ece3e8ed90 code [0x000001ece3e8ef40, 0x000001ece3e8f1b8]

GC Heap History (20 events):
Event: 16.210 GC heap before
{Heap before GC invocations=19 (full 0):
 garbage-first heap   total 260096K, used 206114K [0x0000000080000000, 0x0000000100000000)
  region size 1024K, 82 young (83968K), 6 survivors (6144K)
 Metaspace       used 96347K, capacity 98826K, committed 99072K, reserved 1134592K
  class space    used 12342K, capacity 13286K, committed 13388K, reserved 1048576K
}
Event: 16.223 GC heap after
{Heap after GC invocations=20 (full 0):
 garbage-first heap   total 260096K, used 136192K [0x0000000080000000, 0x0000000100000000)
  region size 1024K, 11 young (11264K), 11 survivors (11264K)
 Metaspace       used 96347K, capacity 98826K, committed 99072K, reserved 1134592K
  class space    used 12342K, capacity 13286K, committed 13388K, reserved 1048576K
}
Event: 16.782 GC heap before
{Heap before GC invocations=21 (full 0):
 garbage-first heap   total 260096K, used 196608K [0x0000000080000000, 0x0000000100000000)
  region size 1024K, 83 young (84992K), 11 survivors (11264K)
 Metaspace       used 96863K, capacity 99132K, committed 99968K, reserved 1136640K
  class space    used 12329K, capacity 13211K, committed 13516K, reserved 1048576K
}
Event: 16.796 GC heap after
{Heap after GC invocations=22 (full 0):
 garbage-first heap   total 260096K, used 128125K [0x0000000080000000, 0x0000000100000000)
  region size 1024K, 7 young (7168K), 7 survivors (7168K)
 Metaspace       used 96863K, capacity 99132K, committed 99968K, reserved 1136640K
  class space    used 12329K, capacity 13211K, committed 13516K, reserved 1048576K
}
Event: 16.821 GC heap before
{Heap before GC invocations=22 (full 0):
 garbage-first heap   total 260096K, used 133245K [0x0000000080000000, 0x0000000100000000)
  region size 1024K, 12 young (12288K), 7 survivors (7168K)
 Metaspace       used 96863K, capacity 99132K, committed 99968K, reserved 1136640K
  class space    used 12329K, capacity 13211K, committed 13516K, reserved 1048576K
}
Event: 16.829 GC heap after
{Heap after GC invocations=23 (full 0):
 garbage-first heap   total 260096K, used 122520K [0x0000000080000000, 0x0000000100000000)
  region size 1024K, 2 young (2048K), 2 survivors (2048K)
 Metaspace       used 96863K, capacity 99132K, committed 99968K, reserved 1136640K
  class space    used 12329K, capacity 13211K, committed 13516K, reserved 1048576K
}
Event: 17.808 GC heap before
{Heap before GC invocations=23 (full 0):
 garbage-first heap   total 260096K, used 171672K [0x0000000080000000, 0x0000000100000000)
  region size 1024K, 52 young (53248K), 2 survivors (2048K)
 Metaspace       used 103125K, capacity 105586K, committed 105984K, reserved 1140736K
  class space    used 13132K, capacity 14042K, committed 14156K, reserved 1048576K
}
Event: 17.816 GC heap after
{Heap after GC invocations=24 (full 0):
 garbage-first heap   total 260096K, used 127810K [0x0000000080000000, 0x0000000100000000)
  region size 1024K, 7 young (7168K), 7 survivors (7168K)
 Metaspace       used 103125K, capacity 105586K, committed 105984K, reserved 1140736K
  class space    used 13132K, capacity 14042K, committed 14156K, reserved 1048576K
}
Event: 20.248 GC heap before
{Heap before GC invocations=25 (full 0):
 garbage-first heap   total 260096K, used 209730K [0x0000000080000000, 0x0000000100000000)
  region size 1024K, 85 young (87040K), 7 survivors (7168K)
 Metaspace       used 105837K, capacity 108365K, committed 108544K, reserved 1142784K
  class space    used 13405K, capacity 14345K, committed 14412K, reserved 1048576K
}
Event: 20.255 GC heap after
{Heap after GC invocations=26 (full 0):
 garbage-first heap   total 260096K, used 134371K [0x0000000080000000, 0x0000000100000000)
  region size 1024K, 6 young (6144K), 6 survivors (6144K)
 Metaspace       used 105837K, capacity 108365K, committed 108544K, reserved 1142784K
  class space    used 13405K, capacity 14345K, committed 14412K, reserved 1048576K
}
Event: 20.385 GC heap before
{Heap before GC invocations=26 (full 0):
 garbage-first heap   total 260096K, used 140515K [0x0000000080000000, 0x0000000100000000)
  region size 1024K, 12 young (12288K), 6 survivors (6144K)
 Metaspace       used 106487K, capacity 109036K, committed 109184K, reserved 1144832K
  class space    used 13497K, capacity 14471K, committed 14540K, reserved 1048576K
}
Event: 20.390 GC heap after
{Heap after GC invocations=27 (full 0):
 garbage-first heap   total 260096K, used 131735K [0x0000000080000000, 0x0000000100000000)
  region size 1024K, 1 young (1024K), 1 survivors (1024K)
 Metaspace       used 106487K, capacity 109036K, committed 109184K, reserved 1144832K
  class space    used 13497K, capacity 14471K, committed 14540K, reserved 1048576K
}
Event: 21.446 GC heap before
{Heap before GC invocations=27 (full 0):
 garbage-first heap   total 260096K, used 209559K [0x0000000080000000, 0x0000000100000000)
  region size 1024K, 78 young (79872K), 1 survivors (1024K)
 Metaspace       used 117635K, capacity 121287K, committed 121600K, reserved 1155072K
  class space    used 15381K, capacity 16850K, committed 16972K, reserved 1048576K
}
Event: 21.451 GC heap after
{Heap after GC invocations=28 (full 0):
 garbage-first heap   total 260096K, used 133187K [0x0000000080000000, 0x0000000100000000)
  region size 1024K, 3 young (3072K), 3 survivors (3072K)
 Metaspace       used 117635K, capacity 121287K, committed 121600K, reserved 1155072K
  class space    used 15381K, capacity 16850K, committed 16972K, reserved 1048576K
}
Event: 60.271 GC heap before
{Heap before GC invocations=29 (full 0):
 garbage-first heap   total 260096K, used 247875K [0x0000000080000000, 0x0000000100000000)
  region size 1024K, 81 young (82944K), 3 survivors (3072K)
 Metaspace       used 121770K, capacity 125705K, committed 125824K, reserved 1157120K
  class space    used 15995K, capacity 17583K, committed 17612K, reserved 1048576K
}
Event: 60.281 GC heap after
{Heap after GC invocations=30 (full 0):
 garbage-first heap   total 260096K, used 137976K [0x0000000080000000, 0x0000000100000000)
  region size 1024K, 8 young (8192K), 8 survivors (8192K)
 Metaspace       used 121770K, capacity 125705K, committed 125824K, reserved 1157120K
  class space    used 15995K, capacity 17583K, committed 17612K, reserved 1048576K
}
Event: 60.376 GC heap before
{Heap before GC invocations=30 (full 0):
 garbage-first heap   total 260096K, used 142072K [0x0000000080000000, 0x0000000100000000)
  region size 1024K, 12 young (12288K), 8 survivors (8192K)
 Metaspace       used 121872K, capacity 125798K, committed 125824K, reserved 1157120K
  class space    used 15998K, capacity 17589K, committed 17612K, reserved 1048576K
}
Event: 60.385 GC heap after
{Heap after GC invocations=31 (full 0):
 garbage-first heap   total 260096K, used 137034K [0x0000000080000000, 0x0000000100000000)
  region size 1024K, 2 young (2048K), 2 survivors (2048K)
 Metaspace       used 121872K, capacity 125798K, committed 125824K, reserved 1157120K
  class space    used 15998K, capacity 17589K, committed 17612K, reserved 1048576K
}
Event: 120.945 GC heap before
{Heap before GC invocations=31 (full 0):
 garbage-first heap   total 260096K, used 213834K [0x0000000080000000, 0x0000000100000000)
  region size 1024K, 78 young (79872K), 2 survivors (2048K)
 Metaspace       used 122344K, capacity 126334K, committed 126464K, reserved 1159168K
  class space    used 16017K, capacity 17620K, committed 17740K, reserved 1048576K
}
Event: 120.956 GC heap after
{Heap after GC invocations=32 (full 0):
 garbage-first heap   total 260096K, used 141770K [0x0000000080000000, 0x0000000100000000)
  region size 1024K, 7 young (7168K), 7 survivors (7168K)
 Metaspace       used 122344K, capacity 126334K, committed 126464K, reserved 1159168K
  class space    used 16017K, capacity 17620K, committed 17740K, reserved 1048576K
}

Deoptimization events (20 events):
Event: 120.652 Thread 0x000001ecfaaee000 Uncommon trap: trap_request=0xffffffde fr.pc=0x000001ece973c3d0 relative=0x0000000000001730
Event: 120.652 Thread 0x000001ecfaaee000 Uncommon trap: reason=class_check action=maybe_recompile pc=0x000001ece973c3d0 method=org.gradle.cache.internal.LockOnDemandCrossProcessCacheAccess.incrementLockCount()V @ 97 c2
Event: 120.652 Thread 0x000001ecfaaee000 DEOPT PACKING pc=0x000001ece973c3d0 sp=0x000000547e9f7180
Event: 120.652 Thread 0x000001ecfaaee000 DEOPT UNPACKING pc=0x000001ece16a662f sp=0x000000547e9f7180 mode 2
Event: 120.664 Thread 0x000001ecfaaee000 Uncommon trap: trap_request=0xffffffcc fr.pc=0x000001ece9c1cc54 relative=0x0000000000000314
Event: 120.664 Thread 0x000001ecfaaee000 Uncommon trap: reason=intrinsic_or_type_checked_inlining action=make_not_entrant pc=0x000001ece9c1cc54 method=java.util.Arrays.copyOfRange([Ljava/lang/Object;IILjava/lang/Class;)[Ljava/lang/Object; @ 83 c2
Event: 120.664 Thread 0x000001ecfaaee000 DEOPT PACKING pc=0x000001ece9c1cc54 sp=0x000000547e9f89d0
Event: 120.664 Thread 0x000001ecfaaee000 DEOPT UNPACKING pc=0x000001ece16a662f sp=0x000000547e9f8950 mode 2
Event: 120.940 Thread 0x000001ecfbaf5000 Uncommon trap: trap_request=0xffffff4d fr.pc=0x000001ece96f2c58 relative=0x0000000000000a58
Event: 120.940 Thread 0x000001ecfbaf5000 Uncommon trap: reason=unstable_if action=reinterpret pc=0x000001ece96f2c58 method=java.util.concurrent.ConcurrentLinkedQueue.poll()Ljava/lang/Object; @ 24 c2
Event: 120.940 Thread 0x000001ecfbaf5000 DEOPT PACKING pc=0x000001ece96f2c58 sp=0x00000054055fe550
Event: 120.940 Thread 0x000001ecfbaf5000 DEOPT UNPACKING pc=0x000001ece16a662f sp=0x00000054055fe4a8 mode 2
Event: 120.940 Thread 0x000001ecfaeff000 Uncommon trap: trap_request=0xffffff4d fr.pc=0x000001ece96aa12c relative=0x000000000000036c
Event: 120.940 Thread 0x000001ecfaeff000 Uncommon trap: reason=unstable_if action=reinterpret pc=0x000001ece96aa12c method=java.util.concurrent.ConcurrentLinkedQueue.offer(Ljava/lang/Object;)Z @ 42 c2
Event: 120.940 Thread 0x000001ecfaeff000 DEOPT PACKING pc=0x000001ece96aa12c sp=0x000000547fefe4c0
Event: 120.940 Thread 0x000001ecfaeff000 DEOPT UNPACKING pc=0x000001ece16a662f sp=0x000000547fefe460 mode 2
Event: 120.967 Thread 0x000001ecfaaee000 DEOPT PACKING pc=0x000001ece33146d3 sp=0x000000547e9f9b00
Event: 120.967 Thread 0x000001ecfaaee000 DEOPT UNPACKING pc=0x000001ece16a6dde sp=0x000000547e9f8fd0 mode 0
Event: 120.969 Thread 0x000001ecfaaee000 DEOPT PACKING pc=0x000001ece21c05f9 sp=0x000000547e9f8ce0
Event: 120.969 Thread 0x000001ecfaaee000 DEOPT UNPACKING pc=0x000001ece16a6dde sp=0x000000547e9f81a8 mode 0

Classes redefined (0 events):
No events

Internal exceptions (20 events):
Event: 21.931 Thread 0x000001ec810f2800 Exception <a 'java/lang/NoSuchMethodError'{0x000000008e7bb028}: 'java.lang.Object java.lang.invoke.DirectMethodHandle$Holder.invokeStatic(java.lang.Object, java.lang.Object, java.lang.Object, java.lang.Object, java.lang.Object, java.lang.Object, java.lang.Object, int)'> (0x000000008e7bb028) thrown at [./src/hotspot/share/interpreter/linkResolver.cpp, line 773]
Event: 21.931 Thread 0x000001ec810f2800 Exception <a 'java/lang/NoSuchMethodError'{0x000000008e7bf6b0}: 'java.lang.Object java.lang.invoke.DirectMethodHandle$Holder.invokeSpecial(java.lang.Object, java.lang.Object, java.lang.Object, java.lang.Object, java.lang.Object, java.lang.Object, java.lang.Object, java.lang.Object, int)'> (0x000000008e7bf6b0) thrown at [./src/hotspot/share/interpreter/linkResolver.cpp, line 773]
Event: 21.931 Thread 0x000001ec810f2800 Exception <a 'java/lang/NoSuchMethodError'{0x000000008e7c3720}: 'java.lang.Object java.lang.invoke.Invokers$Holder.linkToTargetMethod(java.lang.Object, java.lang.Object, java.lang.Object, java.lang.Object, java.lang.Object, java.lang.Object, int, java.lang.Object)'> (0x000000008e7c3720) thrown at [./src/hotspot/share/interpreter/linkResolver.cpp, line 773]
Event: 22.310 Thread 0x000001ecfaaee000 Exception <a 'sun/nio/fs/WindowsException'{0x000000008d6a57d8}> (0x000000008d6a57d8) thrown at [./src/hotspot/share/prims/jni.cpp, line 615]
Event: 22.310 Thread 0x000001ecfaaee000 Exception <a 'sun/nio/fs/WindowsException'{0x000000008d6a5858}> (0x000000008d6a5858) thrown at [./src/hotspot/share/prims/jni.cpp, line 615]
Event: 22.310 Thread 0x000001ecfaaee000 Exception <a 'sun/nio/fs/WindowsException'{0x000000008d6a7228}> (0x000000008d6a7228) thrown at [./src/hotspot/share/prims/jni.cpp, line 615]
Event: 22.363 Thread 0x000001ecfaaee000 Exception <a 'java/lang/NoSuchMethodError'{0x000000008d4692b0}: 'java.lang.Object java.lang.invoke.DirectMethodHandle$Holder.invokeSpecial(java.lang.Object, java.lang.Object, java.lang.Object, java.lang.Object, int, java.lang.Object, java.lang.Object)'> (0x000000008d4692b0) thrown at [./src/hotspot/share/interpreter/linkResolver.cpp, line 773]
Event: 31.975 Thread 0x000001ecfaaf2800 Implicit null exception at 0x000001ece9514b14 to 0x000001ece95150fc
Event: 31.975 Thread 0x000001ecfaaf2800 Implicit null exception at 0x000001ece9513794 to 0x000001ece9513d6c
Event: 59.806 Thread 0x000001ecfaaee000 Implicit null exception at 0x000001ece98c9a82 to 0x000001ece98ca5f4
Event: 60.116 Thread 0x000001ecfaaee000 Exception <a 'sun/nio/fs/WindowsException'{0x000000008b649418}> (0x000000008b649418) thrown at [./src/hotspot/share/prims/jni.cpp, line 615]
Event: 60.193 Thread 0x000001ecfaaee000 Exception <a 'java/lang/NoClassDefFoundError'{0x000000008b3f99a8}: org/jetbrains/kotlin/gradle/plugin/KotlinBasePluginWrapper> (0x000000008b3f99a8) thrown at [./src/hotspot/share/oops/constantPool.cpp, line 775]
Event: 60.241 Thread 0x000001ecfaaee000 Exception <a 'sun/nio/fs/WindowsException'{0x000000008b171890}> (0x000000008b171890) thrown at [./src/hotspot/share/prims/jni.cpp, line 615]
Event: 60.250 Thread 0x000001ecfaaee000 Exception <a 'sun/nio/fs/WindowsException'{0x000000008b0116e0}> (0x000000008b0116e0) thrown at [./src/hotspot/share/prims/jni.cpp, line 615]
Event: 60.250 Thread 0x000001ecfaaee000 Exception <a 'sun/nio/fs/WindowsException'{0x000000008b012a58}> (0x000000008b012a58) thrown at [./src/hotspot/share/prims/jni.cpp, line 615]
Event: 60.250 Thread 0x000001ecfaaee000 Exception <a 'sun/nio/fs/WindowsException'{0x000000008b013e20}> (0x000000008b013e20) thrown at [./src/hotspot/share/prims/jni.cpp, line 615]
Event: 60.250 Thread 0x000001ecfaaee000 Exception <a 'sun/nio/fs/WindowsException'{0x000000008b015470}> (0x000000008b015470) thrown at [./src/hotspot/share/prims/jni.cpp, line 615]
Event: 60.892 Thread 0x000001ecfaaee000 Exception <a 'sun/nio/fs/WindowsException'{0x000000008e7cf2b8}> (0x000000008e7cf2b8) thrown at [./src/hotspot/share/prims/jni.cpp, line 615]
Event: 60.892 Thread 0x000001ecfaaee000 Exception <a 'sun/nio/fs/WindowsException'{0x000000008e7cf420}> (0x000000008e7cf420) thrown at [./src/hotspot/share/prims/jni.cpp, line 615]
Event: 60.892 Thread 0x000001ecfaaee000 Exception <a 'sun/nio/fs/WindowsException'{0x000000008e7d0da8}> (0x000000008e7d0da8) thrown at [./src/hotspot/share/prims/jni.cpp, line 615]

Events (20 events):
Event: 120.916 Thread 0x000001ec83abe000 Thread added: 0x000001ec83abe000
Event: 120.917 Thread 0x000001ec83ac2000 Thread added: 0x000001ec83ac2000
Event: 120.917 Thread 0x000001ec83abd000 Thread added: 0x000001ec83abd000
Event: 120.917 Thread 0x000001ec83ac1000 Thread added: 0x000001ec83ac1000
Event: 120.920 Thread 0x000001ec83abe800 Thread added: 0x000001ec83abe800
Event: 120.920 Thread 0x000001ec81d66800 Thread added: 0x000001ec81d66800
Event: 120.920 Thread 0x000001ec81d64800 Thread added: 0x000001ec81d64800
Event: 120.920 Thread 0x000001ec81d63000 Thread added: 0x000001ec81d63000
Event: 120.920 Thread 0x000001ec81d69800 Thread added: 0x000001ec81d69800
Event: 120.921 Thread 0x000001ec81d68800 Thread added: 0x000001ec81d68800
Event: 120.921 Thread 0x000001ec81d65800 Thread added: 0x000001ec81d65800
Event: 120.921 Thread 0x000001ec81d67000 Thread added: 0x000001ec81d67000
Event: 120.921 Thread 0x000001ec81d64000 Thread added: 0x000001ec81d64000
Event: 120.921 Thread 0x000001ec81d6d800 Thread added: 0x000001ec81d6d800
Event: 120.921 Thread 0x000001ec81d68000 Thread added: 0x000001ec81d68000
Event: 120.921 Thread 0x000001ec81d6a800 Thread added: 0x000001ec81d6a800
Event: 120.921 Thread 0x000001ec81d6e800 Thread added: 0x000001ec81d6e800
Event: 120.921 Thread 0x000001ec81d6f800 Thread added: 0x000001ec81d6f800
Event: 120.945 Executing VM operation: G1CollectForAllocation
Event: 120.956 Executing VM operation: G1CollectForAllocation done


Dynamic libraries:
0x00007ff64bd00000 - 0x00007ff64bd0a000 	C:\Program Files\Android\Android Studio1\jre\bin\java.exe
0x00007ffaec4b0000 - 0x00007ffaec6a5000 	C:\Windows\SYSTEM32\ntdll.dll
0x00007ffaeb340000 - 0x00007ffaeb3fe000 	C:\Windows\System32\KERNEL32.DLL
0x00007ffaea010000 - 0x00007ffaea2d8000 	C:\Windows\System32\KERNELBASE.dll
0x00007ffae9f10000 - 0x00007ffaea010000 	C:\Windows\System32\ucrtbase.dll
0x00007ffad8900000 - 0x00007ffad8919000 	C:\Program Files\Android\Android Studio1\jre\bin\jli.dll
0x00007ffaba670000 - 0x00007ffaba687000 	C:\Program Files\Android\Android Studio1\jre\bin\VCRUNTIME140.dll
0x00007ffaeb410000 - 0x00007ffaeb5b0000 	C:\Windows\System32\USER32.dll
0x00007ffae9d80000 - 0x00007ffae9da2000 	C:\Windows\System32\win32u.dll
0x00007ffad8f80000 - 0x00007ffad921a000 	C:\Windows\WinSxS\amd64_microsoft.windows.common-controls_6595b64144ccf1df_6.0.19041.1110_none_60b5254171f9507e\COMCTL32.dll
0x00007ffaeb2b0000 - 0x00007ffaeb2db000 	C:\Windows\System32\GDI32.dll
0x00007ffaeb0e0000 - 0x00007ffaeb17e000 	C:\Windows\System32\msvcrt.dll
0x00007ffaea2e0000 - 0x00007ffaea3eb000 	C:\Windows\System32\gdi32full.dll
0x00007ffae9ce0000 - 0x00007ffae9d7d000 	C:\Windows\System32\msvcp_win.dll
0x00007ffaec290000 - 0x00007ffaec2c0000 	C:\Windows\System32\IMM32.DLL
0x00007ffab2b30000 - 0x00007ffab2bcd000 	C:\Program Files\Android\Android Studio1\jre\bin\msvcp140.dll
0x00007ffa99200000 - 0x00007ffa99cd5000 	C:\Program Files\Android\Android Studio1\jre\bin\server\jvm.dll
0x00007ffaebf80000 - 0x00007ffaec02e000 	C:\Windows\System32\ADVAPI32.dll
0x00007ffaeb990000 - 0x00007ffaeba2c000 	C:\Windows\System32\sechost.dll
0x00007ffaea5a0000 - 0x00007ffaea6c5000 	C:\Windows\System32\RPCRT4.dll
0x00007ffaec1b0000 - 0x00007ffaec1b8000 	C:\Windows\System32\PSAPI.DLL
0x00007ffad9470000 - 0x00007ffad9497000 	C:\Windows\SYSTEM32\WINMM.dll
0x00007ffae43e0000 - 0x00007ffae43e9000 	C:\Windows\SYSTEM32\WSOCK32.dll
0x00007ffae43b0000 - 0x00007ffae43ba000 	C:\Windows\SYSTEM32\VERSION.dll
0x00007ffaeafc0000 - 0x00007ffaeb02b000 	C:\Windows\System32\WS2_32.dll
0x00007ffae7ae0000 - 0x00007ffae7af2000 	C:\Windows\SYSTEM32\kernel.appcore.dll
0x00007ffad8e70000 - 0x00007ffad8e81000 	C:\Program Files\Android\Android Studio1\jre\bin\verify.dll
0x00007ffad6b60000 - 0x00007ffad6d44000 	C:\Windows\SYSTEM32\DBGHELP.DLL
0x00007ffad3600000 - 0x00007ffad362c000 	C:\Windows\SYSTEM32\dbgcore.DLL
0x00007ffae9c00000 - 0x00007ffae9c82000 	C:\Windows\System32\bcryptPrimitives.dll
0x00007ffac9b10000 - 0x00007ffac9b39000 	C:\Program Files\Android\Android Studio1\jre\bin\java.dll
0x00007ffad8e60000 - 0x00007ffad8e6b000 	C:\Program Files\Android\Android Studio1\jre\bin\jimage.dll
0x00007ffad5920000 - 0x00007ffad5938000 	C:\Program Files\Android\Android Studio1\jre\bin\zip.dll
0x00007ffaea6d0000 - 0x00007ffaeae14000 	C:\Windows\System32\SHELL32.dll
0x00007ffae7ce0000 - 0x00007ffae8474000 	C:\Windows\SYSTEM32\windows.storage.dll
0x00007ffaeb5b0000 - 0x00007ffaeb904000 	C:\Windows\System32\combase.dll
0x00007ffae9630000 - 0x00007ffae965c000 	C:\Windows\SYSTEM32\Wldp.dll
0x00007ffaeb030000 - 0x00007ffaeb0dd000 	C:\Windows\System32\SHCORE.dll
0x00007ffaec150000 - 0x00007ffaec1a5000 	C:\Windows\System32\shlwapi.dll
0x00007ffae9b10000 - 0x00007ffae9b2f000 	C:\Windows\SYSTEM32\profapi.dll
0x00007ffad3080000 - 0x00007ffad309a000 	C:\Program Files\Android\Android Studio1\jre\bin\net.dll
0x00007ffadbdb0000 - 0x00007ffadbeb9000 	C:\Windows\SYSTEM32\WINHTTP.dll
0x00007ffae9390000 - 0x00007ffae93fa000 	C:\Windows\system32\mswsock.dll
0x00007ffac9af0000 - 0x00007ffac9b04000 	C:\Program Files\Android\Android Studio1\jre\bin\nio.dll
0x00007ffaa2f80000 - 0x00007ffaa2fa7000 	C:\Users\Admin\.gradle\native\e1d6ef7f7dcc3fd88c89a11ec53ec762bb8ba0a96d01ffa2cd45eb1d1d8dd5c5\windows-amd64\native-platform.dll
0x00007ffaa4cf0000 - 0x00007ffaa4e34000 	C:\Users\Admin\.gradle\native\5664cfc778a61ccfe75a443a1ab52a65af34e5dc3c78e0209fed803814484fcb\windows-amd64\native-platform-file-events.dll
0x00007ffad8e50000 - 0x00007ffad8e5a000 	C:\Program Files\Android\Android Studio1\jre\bin\management.dll
0x00007ffad6480000 - 0x00007ffad648d000 	C:\Program Files\Android\Android Studio1\jre\bin\management_ext.dll
0x00007ffae9580000 - 0x00007ffae9598000 	C:\Windows\SYSTEM32\CRYPTSP.dll
0x00007ffae8ca0000 - 0x00007ffae8cd4000 	C:\Windows\system32\rsaenh.dll
0x00007ffae9bd0000 - 0x00007ffae9bf7000 	C:\Windows\System32\bcrypt.dll
0x00007ffae9ad0000 - 0x00007ffae9afe000 	C:\Windows\SYSTEM32\USERENV.dll
0x00007ffae95a0000 - 0x00007ffae95ac000 	C:\Windows\SYSTEM32\CRYPTBASE.dll
0x00007ffae9030000 - 0x00007ffae906b000 	C:\Windows\SYSTEM32\IPHLPAPI.DLL
0x00007ffaeba50000 - 0x00007ffaeba58000 	C:\Windows\System32\NSI.dll
0x00007ffae37a0000 - 0x00007ffae37b7000 	C:\Windows\SYSTEM32\dhcpcsvc6.DLL
0x00007ffae39d0000 - 0x00007ffae39ed000 	C:\Windows\SYSTEM32\dhcpcsvc.DLL
0x00007ffae9070000 - 0x00007ffae913a000 	C:\Windows\SYSTEM32\DNSAPI.dll
0x00007ffae88d0000 - 0x00007ffae8903000 	C:\Windows\SYSTEM32\ntmarta.dll
0x00007ffad7030000 - 0x00007ffad7057000 	C:\Program Files\Android\Android Studio1\jre\bin\sunec.dll

dbghelp: loaded successfully - version: 4.0.5 - missing functions: none
symbol engine: initialized successfully - sym options: 0x614 - pdb path: .;C:\Program Files\Android\Android Studio1\jre\bin;C:\Windows\SYSTEM32;C:\Windows\WinSxS\amd64_microsoft.windows.common-controls_6595b64144ccf1df_6.0.19041.1110_none_60b5254171f9507e;C:\Program Files\Android\Android Studio1\jre\bin\server;C:\Users\Admin\.gradle\native\e1d6ef7f7dcc3fd88c89a11ec53ec762bb8ba0a96d01ffa2cd45eb1d1d8dd5c5\windows-amd64;C:\Users\Admin\.gradle\native\5664cfc778a61ccfe75a443a1ab52a65af34e5dc3c78e0209fed803814484fcb\windows-amd64

VM Arguments:
jvm_args: --add-opens=java.base/java.util=ALL-UNNAMED --add-opens=java.base/java.lang=ALL-UNNAMED --add-opens=java.base/java.lang.invoke=ALL-UNNAMED --add-opens=java.base/java.util=ALL-UNNAMED --add-opens=java.prefs/java.util.prefs=ALL-UNNAMED --add-opens=java.prefs/java.util.prefs=ALL-UNNAMED --add-opens=java.base/java.nio.charset=ALL-UNNAMED --add-opens=java.base/java.net=ALL-UNNAMED --add-opens=java.base/java.util.concurrent.atomic=ALL-UNNAMED -Xmx2048m -Dfile.encoding=UTF-8 -Duser.country=US -Duser.language=en -Duser.variant 
java_command: org.gradle.launcher.daemon.bootstrap.GradleDaemon 7.2
java_class_path (initial): C:\Users\Admin\.gradle\wrapper\dists\gradle-7.2-bin\2dnblmf4td7x66yl1d74lt32g\gradle-7.2\lib\gradle-launcher-7.2.jar
Launcher Type: SUN_STANDARD

[Global flags]
     intx CICompilerCount                          = 4                                         {product} {ergonomic}
     uint ConcGCThreads                            = 2                                         {product} {ergonomic}
     uint G1ConcRefinementThreads                  = 8                                         {product} {ergonomic}
   size_t G1HeapRegionSize                         = 1048576                                   {product} {ergonomic}
    uintx GCDrainStackTargetSize                   = 64                                        {product} {ergonomic}
   size_t InitialHeapSize                          = 266338304                                 {product} {ergonomic}
   size_t MarkStackSize                            = 4194304                                   {product} {ergonomic}
   size_t MaxHeapSize                              = 2147483648                                {product} {command line}
   size_t MaxNewSize                               = 1287651328                                {product} {ergonomic}
   size_t MinHeapDeltaBytes                        = 1048576                                   {product} {ergonomic}
    uintx NonNMethodCodeHeapSize                   = 5836300                                {pd product} {ergonomic}
    uintx NonProfiledCodeHeapSize                  = 122910970                              {pd product} {ergonomic}
    uintx ProfiledCodeHeapSize                     = 122910970                              {pd product} {ergonomic}
    uintx ReservedCodeCacheSize                    = 251658240                              {pd product} {ergonomic}
     bool SegmentedCodeCache                       = true                                      {product} {ergonomic}
     bool UseCompressedClassPointers               = true                                 {lp64_product} {ergonomic}
     bool UseCompressedOops                        = true                                 {lp64_product} {ergonomic}
     bool UseG1GC                                  = true                                      {product} {ergonomic}
     bool UseLargePagesIndividualAllocation        = false                                  {pd product} {ergonomic}

Logging:
Log output configuration:
 #0: stdout all=warning uptime,level,tags
 #1: stderr all=off uptime,level,tags

Environment Variables:
PATH=C:\Program Files\Common Files\Oracle\Java\javapath;C:\Windows\system32;C:\Windows;C:\Windows\System32\Wbem;C:\Windows\System32\WindowsPowerShell\v1.0\;C:\Windows\System32\OpenSSH\;C:\Program Files\Microsoft SQL Server\Client SDK\ODBC\170\Tools\Binn\;C:\Program Files (x86)\Microsoft SQL Server\150\Tools\Binn\;C:\Program Files\Microsoft SQL Server\150\Tools\Binn\;C:\Program Files\Microsoft SQL Server\150\DTS\Binn\;C:\Program Files (x86)\Microsoft SQL Server\150\DTS\Binn\;C:\Program Files\Azure Data Studio\bin;C:\Program Files\nodejs\;C:\Program Files\Git\cmd;C:\Users\Admin\AppData\Local\Microsoft\WindowsApps;D:\Microsoft VS Code\bin;C:\Program Files\Azure Data Studio\bin;C:\Users\Admin\AppData\Roaming\npm;C:\Users\Admin\AppData\Local\GitHubDesktop\bin;C:\Program Files\JetBrains\IntelliJ IDEA Community Edition 2021.3.3\bin;
USERNAME=vucuong
OS=Windows_NT
PROCESSOR_IDENTIFIER=Intel64 Family 6 Model 158 Stepping 10, GenuineIntel



---------------  S Y S T E M  ---------------

OS: Windows 10 , 64 bit Build 19041 (10.0.19041.1566)
OS uptime: 0 days 21:08 hours

CPU:total 8 (initial active 8) (4 cores per cpu, 2 threads per core) family 6 model 158 stepping 10 microcode 0xb4, cmov, cx8, fxsr, mmx, sse, sse2, sse3, ssse3, sse4.1, sse4.2, popcnt, avx, avx2, aes, clmul, erms, 3dnowpref, lzcnt, ht, tsc, tscinvbit, bmi1, bmi2, adx, fma

Memory: 4k page, system-wide physical 16228M (2985M free)
TotalPageFile size 16228M (AvailPageFile size 5M)
current process WorkingSet (physical memory assigned to process): 596M, peak: 624M
current process commit charge ("private bytes"): 633M, peak: 662M

vm_info: OpenJDK 64-Bit Server VM (11.0.11+9-b60-7590822) for windows-amd64 JRE (11.0.11+9-b60-7590822), built on Jul 29 2021 21:43:44 by "builder" with MS VC++ 14.0 (VS2015)

END.
