#
# There is insufficient memory for the Java Runtime Environment to continue.
# Native memory allocation (mmap) failed to map 266338304 bytes for Failed to commit area from 0x0000000702600000 to 0x0000000712400000 of length 266338304.
# Possible reasons:
#   The system is out of physical RAM or swap space
#   The process is running with CompressedOops enabled, and the Java Heap may be blocking the growth of the native heap
# Possible solutions:
#   Reduce memory load on the system
#   Increase physical memory or swap space
#   Check if swap backing store is full
#   Decrease Java heap size (-Xmx/-Xms)
#   Decrease number of Java threads
#   Decrease Java thread stack sizes (-Xss)
#   Set larger code cache with -XX:ReservedCodeCacheSize=
# This output file may be truncated or incomplete.
#
#  Out of Memory Error (./src/hotspot/os/windows/os_windows.cpp:3301), pid=11624, tid=9188
#
# JRE version:  (11.0.11+9) (build )
# Java VM: OpenJDK 64-Bit Server VM (11.0.11+9-b60-7590822, mixed mode, sharing, tiered, compressed oops, g1 gc, windows-amd64)
# No core dump will be written. Minidumps are not enabled by default on client versions of Windows
#

---------------  S U M M A R Y ------------

Command Line: org.jetbrains.git4idea.http.GitAskPassApp Username for 'https://github.com': 

Host: Intel(R) Core(TM) i5-9300H CPU @ 2.40GHz, 8 cores, 15G,  Windows 10 , 64 bit Build 19041 (10.0.19041.1566)
Time: Wed Mar 30 00:24:31 2022 SE Asia Standard Time elapsed time: 0.008120 seconds (0d 0h 0m 0s)

---------------  T H R E A D  ---------------

Current thread (0x000001ad15bda800):  JavaThread "Unknown thread" [_thread_in_vm, id=9188, stack(0x0000004e5c700000,0x0000004e5c800000)]

Stack: [0x0000004e5c700000,0x0000004e5c800000]
Native frames: (J=compiled Java code, j=interpreted, Vv=VM code, C=native code)
V  [jvm.dll+0x5f214a]
V  [jvm.dll+0x726fb5]
V  [jvm.dll+0x7285cd]
V  [jvm.dll+0x728c83]
V  [jvm.dll+0x243278]
V  [jvm.dll+0x5ef544]
V  [jvm.dll+0x5e4495]
V  [jvm.dll+0x2fec5b]
V  [jvm.dll+0x2febca]
V  [jvm.dll+0x2feaa2]
V  [jvm.dll+0x303986]
V  [jvm.dll+0x34c3a3]
V  [jvm.dll+0x34caa6]
V  [jvm.dll+0x34c4a3]
V  [jvm.dll+0x2d9688]
V  [jvm.dll+0x2da837]
V  [jvm.dll+0x705ba7]
V  [jvm.dll+0x70739c]
V  [jvm.dll+0x3598f9]
V  [jvm.dll+0x6e931e]
V  [jvm.dll+0x3c1c43]
V  [jvm.dll+0x3c3e81]
C  [jli.dll+0x5373]
C  [ucrtbase.dll+0x21bb2]
C  [KERNEL32.DLL+0x17034]
C  [ntdll.dll+0x52651]


---------------  P R O C E S S  ---------------

Threads class SMR info:
_java_thread_list=0x000001ad142425e0, length=0, elements={
}

Java Threads: ( => current thread )

Other Threads:
  0x000001ad15bf0800 GCTaskThread "GC Thread#0" [stack: 0x0000004e5c800000,0x0000004e5c900000] [id=6712]
  0x000001ad15c4e000 ConcurrentGCThread "G1 Main Marker" [stack: 0x0000004e5c900000,0x0000004e5ca00000] [id=7256]
  0x000001ad15c50800 ConcurrentGCThread "G1 Conc#0" [stack: 0x0000004e5ca00000,0x0000004e5cb00000] [id=6524]

[error occurred during error reporting (printing all threads), id 0xc0000005, EXCEPTION_ACCESS_VIOLATION (0xc0000005) at pc=0x00007ff890829c47]

VM state:not at safepoint (not fully initialized)

VM Mutex/Monitor currently owned by a thread:  ([mutex/lock_event])
[0x000001ad15bd8520] Heap_lock - owner thread: 0x000001ad15bda800

Heap address: 0x0000000702600000, size: 4058 MB, Compressed Oops mode: Non-zero based: 0x0000000702600000
Narrow klass base: 0x0000000000000000, Narrow klass shift: 0

GC Heap History (0 events):
No events

Deoptimization events (0 events):
No events

Classes redefined (0 events):
No events

Internal exceptions (0 events):
No events

Events (1 events):
Event: 0.005 Loaded shared library C:\Program Files\Android\Android Studio1\jre\bin\zip.dll


Dynamic libraries:
0x00007ff749400000 - 0x00007ff74940a000 	C:\Program Files\Android\Android Studio1\jre\bin\java.exe
0x00007ff8cfcb0000 - 0x00007ff8cfea5000 	C:\Windows\SYSTEM32\ntdll.dll
0x00007ff8cefe0000 - 0x00007ff8cf09e000 	C:\Windows\System32\KERNEL32.DLL
0x00007ff8cd560000 - 0x00007ff8cd828000 	C:\Windows\System32\KERNELBASE.dll
0x00007ff8cdb00000 - 0x00007ff8cdc00000 	C:\Windows\System32\ucrtbase.dll
0x00007ff8b6950000 - 0x00007ff8b6969000 	C:\Program Files\Android\Android Studio1\jre\bin\jli.dll
0x00007ff8b7da0000 - 0x00007ff8b7db7000 	C:\Program Files\Android\Android Studio1\jre\bin\VCRUNTIME140.dll
0x00007ff8ce120000 - 0x00007ff8ce2c0000 	C:\Windows\System32\USER32.dll
0x00007ff8cd3d0000 - 0x00007ff8cd3f2000 	C:\Windows\System32\win32u.dll
0x00007ff8bd610000 - 0x00007ff8bd8aa000 	C:\Windows\WinSxS\amd64_microsoft.windows.common-controls_6595b64144ccf1df_6.0.19041.1110_none_60b5254171f9507e\COMCTL32.dll
0x00007ff8cdf30000 - 0x00007ff8cdf5b000 	C:\Windows\System32\GDI32.dll
0x00007ff8cdf60000 - 0x00007ff8cdffe000 	C:\Windows\System32\msvcrt.dll
0x00007ff8cdc00000 - 0x00007ff8cdd0b000 	C:\Windows\System32\gdi32full.dll
0x00007ff8cd830000 - 0x00007ff8cd8cd000 	C:\Windows\System32\msvcp_win.dll
0x00007ff8cf1d0000 - 0x00007ff8cf200000 	C:\Windows\System32\IMM32.DLL
0x00007ff881140000 - 0x00007ff8811dd000 	C:\Program Files\Android\Android Studio1\jre\bin\msvcp140.dll
0x00007ff890540000 - 0x00007ff891015000 	C:\Program Files\Android\Android Studio1\jre\bin\server\jvm.dll
0x00007ff8cf8e0000 - 0x00007ff8cf98e000 	C:\Windows\System32\ADVAPI32.dll
0x00007ff8ce000000 - 0x00007ff8ce09c000 	C:\Windows\System32\sechost.dll
0x00007ff8cf990000 - 0x00007ff8cfab5000 	C:\Windows\System32\RPCRT4.dll
0x00007ff8cf400000 - 0x00007ff8cf408000 	C:\Windows\System32\PSAPI.DLL
0x00007ff8c91d0000 - 0x00007ff8c91d9000 	C:\Windows\SYSTEM32\WSOCK32.dll
0x00007ff8c7620000 - 0x00007ff8c762a000 	C:\Windows\SYSTEM32\VERSION.dll
0x00007ff8bdb60000 - 0x00007ff8bdb87000 	C:\Windows\SYSTEM32\WINMM.dll
0x00007ff8ce2c0000 - 0x00007ff8ce32b000 	C:\Windows\System32\WS2_32.dll
0x00007ff8cb2e0000 - 0x00007ff8cb2f2000 	C:\Windows\SYSTEM32\kernel.appcore.dll
0x00007ff8c8510000 - 0x00007ff8c8521000 	C:\Program Files\Android\Android Studio1\jre\bin\verify.dll
0x00007ff8ba1b0000 - 0x00007ff8ba394000 	C:\Windows\SYSTEM32\DBGHELP.DLL
0x00007ff8b71c0000 - 0x00007ff8b71ec000 	C:\Windows\SYSTEM32\dbgcore.DLL
0x00007ff8cda00000 - 0x00007ff8cda82000 	C:\Windows\System32\bcryptPrimitives.dll
0x00007ff8a1d20000 - 0x00007ff8a1d49000 	C:\Program Files\Android\Android Studio1\jre\bin\java.dll
0x00007ff8c8500000 - 0x00007ff8c850b000 	C:\Program Files\Android\Android Studio1\jre\bin\jimage.dll
0x00007ff8b6d60000 - 0x00007ff8b6d78000 	C:\Program Files\Android\Android Studio1\jre\bin\zip.dll

dbghelp: loaded successfully - version: 4.0.5 - missing functions: none
symbol engine: initialized successfully - sym options: 0x614 - pdb path: .;C:\Program Files\Android\Android Studio1\jre\bin;C:\Windows\SYSTEM32;C:\Windows\WinSxS\amd64_microsoft.windows.common-controls_6595b64144ccf1df_6.0.19041.1110_none_60b5254171f9507e;C:\Program Files\Android\Android Studio1\jre\bin\server

VM Arguments:
java_command: org.jetbrains.git4idea.http.GitAskPassApp Username for 'https://github.com': 
java_class_path (initial): C:/Program Files/Android/Android Studio1/plugins/git4idea/lib/git4idea-rt.jar;C:/Program Files/Android/Android Studio1/lib/xmlrpc-2.0.1.jar;C:/Program Files/Android/Android Studio1/lib/commons-codec-1.15.jar
Launcher Type: SUN_STANDARD

[Global flags]
     intx CICompilerCount                          = 4                                         {product} {ergonomic}
     uint ConcGCThreads                            = 2                                         {product} {ergonomic}
     uint G1ConcRefinementThreads                  = 8                                         {product} {ergonomic}
   size_t G1HeapRegionSize                         = 1048576                                   {product} {ergonomic}
    uintx GCDrainStackTargetSize                   = 64                                        {product} {ergonomic}
   size_t InitialHeapSize                          = 266338304                                 {product} {ergonomic}
   size_t MarkStackSize                            = 4194304                                   {product} {ergonomic}
   size_t MaxHeapSize                              = 4255121408                                {product} {ergonomic}
   size_t MinHeapDeltaBytes                        = 1048576                                   {product} {ergonomic}
    uintx NonNMethodCodeHeapSize                   = 5836300                                {pd product} {ergonomic}
    uintx NonProfiledCodeHeapSize                  = 122910970                              {pd product} {ergonomic}
    uintx ProfiledCodeHeapSize                     = 122910970                              {pd product} {ergonomic}
    uintx ReservedCodeCacheSize                    = 251658240                              {pd product} {ergonomic}
     bool SegmentedCodeCache                       = true                                      {product} {ergonomic}
     bool UseCompressedClassPointers               = true                                 {lp64_product} {ergonomic}
     bool UseCompressedOops                        = true                                 {lp64_product} {ergonomic}
     bool UseG1GC                                  = true                                      {product} {ergonomic}
     bool UseLargePagesIndividualAllocation        = false                                  {pd product} {ergonomic}

Logging:
Log output configuration:
 #0: stdout all=warning uptime,level,tags
 #1: stderr all=off uptime,level,tags

Environment Variables:
PATH=C:\Program Files\Git\mingw64\libexec\git-core;C:\Program Files\Git\mingw64\libexec\git-core;C:\Program Files\Git\mingw64\bin;C:\Program Files\Git\usr\bin;C:\Users\Admin\bin;C:\Program Files\Common Files\Oracle\Java\javapath;C:\Windows\system32;C:\Windows;C:\Windows\System32\Wbem;C:\Windows\System32\WindowsPowerShell\v1.0;C:\Windows\System32\OpenSSH;C:\Program Files\Microsoft SQL Server\Client SDK\ODBC\170\Tools\Binn;C:\Program Files (x86)\Microsoft SQL Server\150\Tools\Binn;C:\Program Files\Microsoft SQL Server\150\Tools\Binn;C:\Program Files\Microsoft SQL Server\150\DTS\Binn;C:\Program Files (x86)\Microsoft SQL Server\150\DTS\Binn;C:\Program Files\Azure Data Studio\bin;C:\Program Files\nodejs;C:\Program Files\Git\cmd;C:\Users\Admin\AppData\Local\Microsoft\WindowsApps;D:\Microsoft VS Code\bin;C:\Program Files\Azure Data Studio\bin;C:\Users\Admin\AppData\Roaming\npm;C:\Users\Admin\AppData\Local\GitHubDesktop\bin;C:\Program Files\JetBrains\IntelliJ IDEA Community Edition 2021.3.3\bin
USERNAME=vucuong
DISPLAY=:0.0
LC_ALL=en_US.UTF-8
OS=Windows_NT
PROCESSOR_IDENTIFIER=Intel64 Family 6 Model 158 Stepping 10, GenuineIntel



---------------  S Y S T E M  ---------------

OS: Windows 10 , 64 bit Build 19041 (10.0.19041.1566)
OS uptime: 0 days 17:03 hours

CPU:total 8 (initial active 8) (4 cores per cpu, 2 threads per core) family 6 model 158 stepping 10 microcode 0xb4, cmov, cx8, fxsr, mmx, sse, sse2, sse3, ssse3, sse4.1, sse4.2, popcnt, avx, avx2, aes, clmul, erms, 3dnowpref, lzcnt, ht, tsc, tscinvbit, bmi1, bmi2, adx, fma

Memory: 4k page, system-wide physical 16228M (2824M free)
TotalPageFile size 16228M (AvailPageFile size 111M)
current process WorkingSet (physical memory assigned to process): 10M, peak: 10M
current process commit charge ("private bytes"): 60M, peak: 314M

vm_info: OpenJDK 64-Bit Server VM (11.0.11+9-b60-7590822) for windows-amd64 JRE (11.0.11+9-b60-7590822), built on Jul 29 2021 21:43:44 by "builder" with MS VC++ 14.0 (VS2015)

END.
