#
# There is insufficient memory for the Java Runtime Environment to continue.
# Native memory allocation (malloc) failed to allocate 528816 bytes for Chunk::new
# Possible reasons:
#   The system is out of physical RAM or swap space
#   The process is running with CompressedOops enabled, and the Java Heap may be blocking the growth of the native heap
# Possible solutions:
#   Reduce memory load on the system
#   Increase physical memory or swap space
#   Check if swap backing store is full
#   Decrease Java heap size (-Xmx/-Xms)
#   Decrease number of Java threads
#   Decrease Java thread stack sizes (-Xss)
#   Set larger code cache with -XX:ReservedCodeCacheSize=
#   JVM is running with Unscaled Compressed Oops mode in which the Java heap is
#     placed in the first 4GB address space. The Java Heap base address is the
#     maximum limit for the native heap growth. Please use -XX:HeapBaseMinAddress
#     to set the Java Heap base and to place the Java Heap above 4GB virtual address.
# This output file may be truncated or incomplete.
#
#  Out of Memory Error (./src/hotspot/share/memory/arena.cpp:197), pid=11648, tid=14468
#
# JRE version: OpenJDK Runtime Environment (11.0.11+9) (build 11.0.11+9-b60-7590822)
# Java VM: OpenJDK 64-Bit Server VM (11.0.11+9-b60-7590822, mixed mode, tiered, compressed oops, g1 gc, windows-amd64)
# No core dump will be written. Minidumps are not enabled by default on client versions of Windows
#

---------------  S U M M A R Y ------------

Command Line: --add-opens=java.base/java.util=ALL-UNNAMED --add-opens=java.base/java.lang=ALL-UNNAMED --add-opens=java.base/java.lang.invoke=ALL-UNNAMED --add-opens=java.base/java.util=ALL-UNNAMED --add-opens=java.prefs/java.util.prefs=ALL-UNNAMED --add-opens=java.prefs/java.util.prefs=ALL-UNNAMED --add-opens=java.base/java.nio.charset=ALL-UNNAMED --add-opens=java.base/java.net=ALL-UNNAMED --add-opens=java.base/java.util.concurrent.atomic=ALL-UNNAMED -Xmx2048m -Dfile.encoding=UTF-8 -Duser.country=US -Duser.language=en -Duser.variant org.gradle.launcher.daemon.bootstrap.GradleDaemon 7.2

Host: Intel(R) Core(TM) i5-9300H CPU @ 2.40GHz, 8 cores, 15G,  Windows 10 , 64 bit Build 19041 (10.0.19041.1566)
Time: Wed Apr  6 17:24:25 2022 SE Asia Standard Time elapsed time: 7.528970 seconds (0d 0h 0m 7s)

---------------  T H R E A D  ---------------

Current thread (0x000002037c663800):  JavaThread "C2 CompilerThread1" daemon [_thread_in_native, id=14468, stack(0x000000d8d2800000,0x000000d8d2900000)]


Current CompileTask:
C2:   7529 6155       4       java.lang.Class::annotationData (44 bytes)

Stack: [0x000000d8d2800000,0x000000d8d2900000]
Native frames: (J=compiled Java code, j=interpreted, Vv=VM code, C=native code)
V  [jvm.dll+0x5f214a]
V  [jvm.dll+0x726fb5]
V  [jvm.dll+0x7285cd]
V  [jvm.dll+0x728c83]
V  [jvm.dll+0x243278]
V  [jvm.dll+0xbc53c]
V  [jvm.dll+0xbca3c]
V  [jvm.dll+0x353e7d]
V  [jvm.dll+0x321893]
V  [jvm.dll+0x320d8a]
V  [jvm.dll+0x1fc1e2]
V  [jvm.dll+0x1fb3d4]
V  [jvm.dll+0x183d6c]
V  [jvm.dll+0x209a57]
V  [jvm.dll+0x2082a1]
V  [jvm.dll+0x6ef58f]
V  [jvm.dll+0x6e80b5]
V  [jvm.dll+0x5f1036]
C  [ucrtbase.dll+0x21bb2]
C  [KERNEL32.DLL+0x17034]
C  [ntdll.dll+0x52651]


---------------  P R O C E S S  ---------------

Threads class SMR info:
_java_thread_list=0x0000020302b2c390, length=124, elements={
0x000002036064d000, 0x000002037b33f800, 0x000002037b343000, 0x000002037b3a4000,
0x000002037b3a6000, 0x000002037b3a8000, 0x000002037b3b5000, 0x000002037b3b9800,
0x000002037b3bb800, 0x000002037b51e000, 0x000002037d3e8800, 0x000002037d555800,
0x000002037b867800, 0x000002037d8b9000, 0x000002037d644800, 0x000002037d8fd800,
0x000002037cec2800, 0x000002037deff800, 0x000002037d89d800, 0x000002037e60d000,
0x000002037e60f000, 0x000002037e60f800, 0x000002037e610800, 0x000002037c663800,
0x000002037e612000, 0x000002037e613000, 0x000002037e614000, 0x000002037e60e000,
0x000002037e611800, 0x000002037e238800, 0x0000020302327800, 0x0000020302328800,
0x0000020302326800, 0x000002030232b000, 0x000002030232b800, 0x0000020302332000,
0x000002030232e000, 0x000002030232f000, 0x000002030232f800, 0x000002030232c800,
0x0000020302330800, 0x0000020302333000, 0x0000020302331800, 0x000002030232d000,
0x0000020302334000, 0x00000203009c4000, 0x00000203009c0000, 0x00000203009c3000,
0x00000203009c5000, 0x00000203009bf000, 0x00000203009c5800, 0x00000203009c6800,
0x00000203009c1800, 0x00000203009c2800, 0x00000203009c0800, 0x00000203009cc000,
0x00000203009c9000, 0x00000203009c9800, 0x00000203009cd000, 0x00000203009c7000,
0x00000203009cb800, 0x00000203009ca800, 0x00000203009c8000, 0x00000203009cd800,
0x000002037eda6000, 0x000002037eda5800, 0x000002037eda3000, 0x000002037eda7000,
0x000002037eda1800, 0x000002037eda2000, 0x000002037eda4000, 0x000002037eda8000,
0x000002037edaa800, 0x000002037eda8800, 0x000002037eda9800, 0x000002037eda4800,
0x000002037edae800, 0x000002037edaf000, 0x000002037edb0000, 0x000002037edab000,
0x000002037edac000, 0x000002037edad000, 0x000002037edad800, 0x000002037e4cf800,
0x000002037e4cc000, 0x000002037e4cb800, 0x000002037e4cd000, 0x000002037e4c9800,
0x000002037e4ce000, 0x000002037e4ce800, 0x000002037e4d0000, 0x000002037e4ca800,
0x000002037e4d3800, 0x000002037e4d2800, 0x000002037e4d6800, 0x000002037e4d4800,
0x000002037e4d5000, 0x000002037e4d6000, 0x000002037e4d1000, 0x000002037e4d7800,
0x000002037e4d2000, 0x000002037e4d8800, 0x0000020302929000, 0x0000020302923800,
0x000002030292a000, 0x0000020302928000, 0x0000020302927800, 0x0000020302924000,
0x000002030292a800, 0x0000020302925000, 0x000002030292b800, 0x0000020302926000,
0x000002030292c800, 0x0000020302926800, 0x000002030292d000, 0x0000020302931000,
0x000002030292e000, 0x0000020302932000, 0x000002030292e800, 0x000002030292f800,
0x0000020302930800, 0x0000020301598800, 0x0000020301599800, 0x0000020301594800
}

Java Threads: ( => current thread )
  0x000002036064d000 JavaThread "main" [_thread_blocked, id=7712, stack(0x000000d8d0100000,0x000000d8d0200000)]
  0x000002037b33f800 JavaThread "Reference Handler" daemon [_thread_blocked, id=1700, stack(0x000000d8d0800000,0x000000d8d0900000)]
  0x000002037b343000 JavaThread "Finalizer" daemon [_thread_blocked, id=14700, stack(0x000000d8d0900000,0x000000d8d0a00000)]
  0x000002037b3a4000 JavaThread "Signal Dispatcher" daemon [_thread_blocked, id=4168, stack(0x000000d8d0a00000,0x000000d8d0b00000)]
  0x000002037b3a6000 JavaThread "Attach Listener" daemon [_thread_blocked, id=5972, stack(0x000000d8d0b00000,0x000000d8d0c00000)]
  0x000002037b3a8000 JavaThread "Service Thread" daemon [_thread_blocked, id=4204, stack(0x000000d8d0c00000,0x000000d8d0d00000)]
  0x000002037b3b5000 JavaThread "C2 CompilerThread0" daemon [_thread_in_native, id=14276, stack(0x000000d8d0d00000,0x000000d8d0e00000)]
  0x000002037b3b9800 JavaThread "C1 CompilerThread0" daemon [_thread_blocked, id=12548, stack(0x000000d8d0e00000,0x000000d8d0f00000)]
  0x000002037b3bb800 JavaThread "Sweeper thread" daemon [_thread_blocked, id=7144, stack(0x000000d8d0f00000,0x000000d8d1000000)]
  0x000002037b51e000 JavaThread "Common-Cleaner" daemon [_thread_blocked, id=14948, stack(0x000000d8d1000000,0x000000d8d1100000)]
  0x000002037d3e8800 JavaThread "Daemon health stats" [_thread_blocked, id=15016, stack(0x000000d8d1900000,0x000000d8d1a00000)]
  0x000002037d555800 JavaThread "Incoming local TCP Connector on port 51793" [_thread_in_native, id=14456, stack(0x000000d8d1200000,0x000000d8d1300000)]
  0x000002037b867800 JavaThread "Daemon periodic checks" [_thread_blocked, id=9740, stack(0x000000d8d1300000,0x000000d8d1400000)]
  0x000002037d8b9000 JavaThread "Daemon" [_thread_blocked, id=11552, stack(0x000000d8d1a00000,0x000000d8d1b00000)]
  0x000002037d644800 JavaThread "Handler for socket connection from /127.0.0.1:51793 to /127.0.0.1:51794" [_thread_in_native, id=2708, stack(0x000000d8d1b00000,0x000000d8d1c00000)]
  0x000002037d8fd800 JavaThread "Cancel handler" [_thread_blocked, id=14252, stack(0x000000d8d1c00000,0x000000d8d1d00000)]
  0x000002037cec2800 JavaThread "Daemon worker" [_thread_in_Java, id=9580, stack(0x000000d8d1d00000,0x000000d8d1e00000)]
  0x000002037deff800 JavaThread "Asynchronous log dispatcher for DefaultDaemonConnection: socket connection from /127.0.0.1:51793 to /127.0.0.1:51794" [_thread_blocked, id=14964, stack(0x000000d8d1e00000,0x000000d8d1f00000)]
  0x000002037d89d800 JavaThread "Stdin handler" [_thread_blocked, id=8444, stack(0x000000d8d1f00000,0x000000d8d2000000)]
  0x000002037e60d000 JavaThread "Daemon client event forwarder" [_thread_blocked, id=3864, stack(0x000000d8d2000000,0x000000d8d2100000)]
  0x000002037e60f000 JavaThread "Cache worker for journal cache (C:\Users\Admin\.gradle\caches\journal-1)" [_thread_blocked, id=13080, stack(0x000000d8d2100000,0x000000d8d2200000)]
  0x000002037e60f800 JavaThread "File lock request listener" [_thread_in_native, id=688, stack(0x000000d8d2200000,0x000000d8d2300000)]
  0x000002037e610800 JavaThread "Cache worker for file hash cache (C:\Users\Admin\.gradle\caches\7.2\fileHashes)" [_thread_blocked, id=6348, stack(0x000000d8d2300000,0x000000d8d2400000)]
=>0x000002037c663800 JavaThread "C2 CompilerThread1" daemon [_thread_in_native, id=14468, stack(0x000000d8d2800000,0x000000d8d2900000)]
  0x000002037e612000 JavaThread "Cache worker for file hash cache (C:\Users\Admin\Documents\GitHub\BeeHome\.gradle\7.2\fileHashes)" [_thread_blocked, id=8328, stack(0x000000d8d2900000,0x000000d8d2a00000)]
  0x000002037e613000 JavaThread "File watcher server" daemon [_thread_in_native, id=10320, stack(0x000000d8d2a00000,0x000000d8d2b00000)]
  0x000002037e614000 JavaThread "File watcher consumer" daemon [_thread_blocked, id=6332, stack(0x000000d8d2b00000,0x000000d8d2c00000)]
  0x000002037e60e000 JavaThread "Cache worker for checksums cache (C:\Users\Admin\Documents\GitHub\BeeHome\.gradle\checksums)" [_thread_blocked, id=11888, stack(0x000000d8d2c00000,0x000000d8d2d00000)]
  0x000002037e611800 JavaThread "Cache worker for cache directory md-supplier (C:\Users\Admin\.gradle\caches\7.2\md-supplier)" [_thread_blocked, id=13876, stack(0x000000d8d2d00000,0x000000d8d2e00000)]
  0x000002037e238800 JavaThread "C2 CompilerThread2" daemon [_thread_in_native, id=5272, stack(0x000000d8d2e00000,0x000000d8d2f00000)]
  0x0000020302327800 JavaThread "Cache worker for cache directory md-rule (C:\Users\Admin\.gradle\caches\7.2\md-rule)" [_thread_blocked, id=2220, stack(0x000000d8d2f00000,0x000000d8d3000000)]
  0x0000020302328800 JavaThread "Cache worker for execution history cache (C:\Users\Admin\.gradle\caches\7.2\executionHistory)" [_thread_blocked, id=9072, stack(0x000000d8d3000000,0x000000d8d3100000)]
  0x0000020302326800 JavaThread "jar transforms" [_thread_blocked, id=12092, stack(0x000000d8d3100000,0x000000d8d3200000)]
  0x000002030232b000 JavaThread "Cache worker for file content cache (C:\Users\Admin\.gradle\caches\7.2\fileContent)" [_thread_blocked, id=9500, stack(0x000000d8d3200000,0x000000d8d3300000)]
  0x000002030232b800 JavaThread "jar transforms Thread 2" [_thread_blocked, id=8892, stack(0x000000d8d3300000,0x000000d8d3400000)]
  0x0000020302332000 JavaThread "Cache worker for dependencies-accessors (C:\Users\Admin\Documents\GitHub\BeeHome\.gradle\7.2\dependencies-accessors)" [_thread_blocked, id=11696, stack(0x000000d8d3400000,0x000000d8d3500000)]
  0x000002030232e000 JavaThread "jar transforms Thread 3" [_thread_blocked, id=5044, stack(0x000000d8d3500000,0x000000d8d3600000)]
  0x000002030232f000 JavaThread "Cache worker for Build Output Cleanup Cache (C:\Users\Admin\Documents\GitHub\BeeHome\.gradle\buildOutputCleanup)" [_thread_blocked, id=14604, stack(0x000000d8d3600000,0x000000d8d3700000)]
  0x000002030232f800 JavaThread "Unconstrained build operations" [_thread_blocked, id=14952, stack(0x000000d8d3700000,0x000000d8d3800000)]
  0x000002030232c800 JavaThread "Unconstrained build operations Thread 2" [_thread_blocked, id=6892, stack(0x000000d8d3800000,0x000000d8d3900000)]
  0x0000020302330800 JavaThread "Unconstrained build operations Thread 3" [_thread_blocked, id=15288, stack(0x000000d8d3900000,0x000000d8d3a00000)]
  0x0000020302333000 JavaThread "Unconstrained build operations Thread 4" [_thread_blocked, id=13944, stack(0x000000d8d3a00000,0x000000d8d3b00000)]
  0x0000020302331800 JavaThread "Unconstrained build operations Thread 5" [_thread_blocked, id=13564, stack(0x000000d8d3b00000,0x000000d8d3c00000)]
  0x000002030232d000 JavaThread "Unconstrained build operations Thread 6" [_thread_blocked, id=14036, stack(0x000000d8d3c00000,0x000000d8d3d00000)]
  0x0000020302334000 JavaThread "Unconstrained build operations Thread 7" [_thread_blocked, id=5384, stack(0x000000d8d3d00000,0x000000d8d3e00000)]
  0x00000203009c4000 JavaThread "Unconstrained build operations Thread 8" [_thread_blocked, id=9380, stack(0x000000d8d3e00000,0x000000d8d3f00000)]
  0x00000203009c0000 JavaThread "Unconstrained build operations Thread 9" [_thread_blocked, id=12772, stack(0x000000d8d3f00000,0x000000d8d4000000)]
  0x00000203009c3000 JavaThread "Unconstrained build operations Thread 10" [_thread_blocked, id=10364, stack(0x000000d8d4000000,0x000000d8d4100000)]
  0x00000203009c5000 JavaThread "Unconstrained build operations Thread 11" [_thread_blocked, id=6700, stack(0x000000d8d4100000,0x000000d8d4200000)]
  0x00000203009bf000 JavaThread "Unconstrained build operations Thread 12" [_thread_blocked, id=4252, stack(0x000000d8d4200000,0x000000d8d4300000)]
  0x00000203009c5800 JavaThread "Unconstrained build operations Thread 13" [_thread_blocked, id=15116, stack(0x000000d8d4300000,0x000000d8d4400000)]
  0x00000203009c6800 JavaThread "Unconstrained build operations Thread 14" [_thread_blocked, id=1288, stack(0x000000d8d4400000,0x000000d8d4500000)]
  0x00000203009c1800 JavaThread "Unconstrained build operations Thread 15" [_thread_blocked, id=4280, stack(0x000000d8d4500000,0x000000d8d4600000)]
  0x00000203009c2800 JavaThread "Unconstrained build operations Thread 16" [_thread_blocked, id=15320, stack(0x000000d8d4600000,0x000000d8d4700000)]
  0x00000203009c0800 JavaThread "Unconstrained build operations Thread 17" [_thread_blocked, id=6692, stack(0x000000d8d4700000,0x000000d8d4800000)]
  0x00000203009cc000 JavaThread "Unconstrained build operations Thread 18" [_thread_blocked, id=8140, stack(0x000000d8d4800000,0x000000d8d4900000)]
  0x00000203009c9000 JavaThread "Unconstrained build operations Thread 19" [_thread_blocked, id=14432, stack(0x000000d8d4900000,0x000000d8d4a00000)]
  0x00000203009c9800 JavaThread "Unconstrained build operations Thread 20" [_thread_blocked, id=3060, stack(0x000000d8d4a00000,0x000000d8d4b00000)]
  0x00000203009cd000 JavaThread "Unconstrained build operations Thread 21" [_thread_blocked, id=9472, stack(0x000000d8d4b00000,0x000000d8d4c00000)]
  0x00000203009c7000 JavaThread "Unconstrained build operations Thread 22" [_thread_blocked, id=9160, stack(0x000000d8d4c00000,0x000000d8d4d00000)]
  0x00000203009cb800 JavaThread "Unconstrained build operations Thread 23" [_thread_blocked, id=4488, stack(0x000000d8d4d00000,0x000000d8d4e00000)]
  0x00000203009ca800 JavaThread "Unconstrained build operations Thread 24" [_thread_blocked, id=4412, stack(0x000000d8d4e00000,0x000000d8d4f00000)]
  0x00000203009c8000 JavaThread "Unconstrained build operations Thread 25" [_thread_blocked, id=13348, stack(0x000000d8d4f00000,0x000000d8d5000000)]
  0x00000203009cd800 JavaThread "Unconstrained build operations Thread 26" [_thread_blocked, id=14648, stack(0x000000d8d5000000,0x000000d8d5100000)]
  0x000002037eda6000 JavaThread "Unconstrained build operations Thread 27" [_thread_blocked, id=13928, stack(0x000000d8d5100000,0x000000d8d5200000)]
  0x000002037eda5800 JavaThread "Unconstrained build operations Thread 28" [_thread_blocked, id=10684, stack(0x000000d8d5200000,0x000000d8d5300000)]
  0x000002037eda3000 JavaThread "Unconstrained build operations Thread 29" [_thread_blocked, id=10764, stack(0x000000d8d5300000,0x000000d8d5400000)]
  0x000002037eda7000 JavaThread "Unconstrained build operations Thread 30" [_thread_blocked, id=14124, stack(0x000000d8d5400000,0x000000d8d5500000)]
  0x000002037eda1800 JavaThread "Unconstrained build operations Thread 31" [_thread_blocked, id=9528, stack(0x000000d8d5500000,0x000000d8d5600000)]
  0x000002037eda2000 JavaThread "Unconstrained build operations Thread 32" [_thread_blocked, id=8632, stack(0x000000d8d5600000,0x000000d8d5700000)]
  0x000002037eda4000 JavaThread "Unconstrained build operations Thread 33" [_thread_blocked, id=14748, stack(0x000000d8d5700000,0x000000d8d5800000)]
  0x000002037eda8000 JavaThread "Unconstrained build operations Thread 34" [_thread_blocked, id=10256, stack(0x000000d8d5800000,0x000000d8d5900000)]
  0x000002037edaa800 JavaThread "Unconstrained build operations Thread 35" [_thread_blocked, id=11796, stack(0x000000d8d5900000,0x000000d8d5a00000)]
  0x000002037eda8800 JavaThread "Unconstrained build operations Thread 36" [_thread_blocked, id=288, stack(0x000000d8d5a00000,0x000000d8d5b00000)]
  0x000002037eda9800 JavaThread "Unconstrained build operations Thread 37" [_thread_blocked, id=10356, stack(0x000000d8d5b00000,0x000000d8d5c00000)]
  0x000002037eda4800 JavaThread "Unconstrained build operations Thread 38" [_thread_blocked, id=3456, stack(0x000000d8d5c00000,0x000000d8d5d00000)]
  0x000002037edae800 JavaThread "Unconstrained build operations Thread 39" [_thread_blocked, id=2420, stack(0x000000d8d5d00000,0x000000d8d5e00000)]
  0x000002037edaf000 JavaThread "Unconstrained build operations Thread 40" [_thread_blocked, id=7736, stack(0x000000d8d5e00000,0x000000d8d5f00000)]
  0x000002037edb0000 JavaThread "Unconstrained build operations Thread 41" [_thread_blocked, id=8772, stack(0x000000d8d5f00000,0x000000d8d6000000)]
  0x000002037edab000 JavaThread "Unconstrained build operations Thread 42" [_thread_blocked, id=4340, stack(0x000000d8d6000000,0x000000d8d6100000)]
  0x000002037edac000 JavaThread "Unconstrained build operations Thread 43" [_thread_blocked, id=5196, stack(0x000000d8d6100000,0x000000d8d6200000)]
  0x000002037edad000 JavaThread "Unconstrained build operations Thread 44" [_thread_blocked, id=14104, stack(0x000000d8d6200000,0x000000d8d6300000)]
  0x000002037edad800 JavaThread "Unconstrained build operations Thread 45" [_thread_blocked, id=8068, stack(0x000000d8d6300000,0x000000d8d6400000)]
  0x000002037e4cf800 JavaThread "Unconstrained build operations Thread 46" [_thread_blocked, id=9816, stack(0x000000d8d6400000,0x000000d8d6500000)]
  0x000002037e4cc000 JavaThread "Unconstrained build operations Thread 47" [_thread_blocked, id=11500, stack(0x000000d8d6500000,0x000000d8d6600000)]
  0x000002037e4cb800 JavaThread "Unconstrained build operations Thread 48" [_thread_blocked, id=12164, stack(0x000000d8d6600000,0x000000d8d6700000)]
  0x000002037e4cd000 JavaThread "Unconstrained build operations Thread 49" [_thread_blocked, id=12480, stack(0x000000d8d6700000,0x000000d8d6800000)]
  0x000002037e4c9800 JavaThread "Unconstrained build operations Thread 50" [_thread_blocked, id=1744, stack(0x000000d8d6800000,0x000000d8d6900000)]
  0x000002037e4ce000 JavaThread "Unconstrained build operations Thread 51" [_thread_blocked, id=11012, stack(0x000000d8d6900000,0x000000d8d6a00000)]
  0x000002037e4ce800 JavaThread "Unconstrained build operations Thread 52" [_thread_blocked, id=7536, stack(0x000000d8d6a00000,0x000000d8d6b00000)]
  0x000002037e4d0000 JavaThread "Unconstrained build operations Thread 53" [_thread_blocked, id=14416, stack(0x000000d8d6b00000,0x000000d8d6c00000)]
  0x000002037e4ca800 JavaThread "Unconstrained build operations Thread 54" [_thread_blocked, id=4664, stack(0x000000d8d6c00000,0x000000d8d6d00000)]
  0x000002037e4d3800 JavaThread "Unconstrained build operations Thread 55" [_thread_blocked, id=8724, stack(0x000000d8d6d00000,0x000000d8d6e00000)]
  0x000002037e4d2800 JavaThread "Unconstrained build operations Thread 56" [_thread_blocked, id=3116, stack(0x000000d8d6e00000,0x000000d8d6f00000)]
  0x000002037e4d6800 JavaThread "Unconstrained build operations Thread 57" [_thread_blocked, id=1196, stack(0x000000d8d6f00000,0x000000d8d7000000)]
  0x000002037e4d4800 JavaThread "Unconstrained build operations Thread 58" [_thread_blocked, id=6880, stack(0x000000d8d7000000,0x000000d8d7100000)]
  0x000002037e4d5000 JavaThread "Unconstrained build operations Thread 59" [_thread_blocked, id=13848, stack(0x000000d8d7100000,0x000000d8d7200000)]
  0x000002037e4d6000 JavaThread "Unconstrained build operations Thread 60" [_thread_blocked, id=6016, stack(0x000000d8d7200000,0x000000d8d7300000)]
  0x000002037e4d1000 JavaThread "Unconstrained build operations Thread 61" [_thread_blocked, id=10600, stack(0x000000d8d7300000,0x000000d8d7400000)]
  0x000002037e4d7800 JavaThread "Unconstrained build operations Thread 62" [_thread_blocked, id=9912, stack(0x000000d8d7400000,0x000000d8d7500000)]
  0x000002037e4d2000 JavaThread "Unconstrained build operations Thread 63" [_thread_blocked, id=12840, stack(0x000000d8d7500000,0x000000d8d7600000)]
  0x000002037e4d8800 JavaThread "Unconstrained build operations Thread 64" [_thread_blocked, id=6760, stack(0x000000d8d7600000,0x000000d8d7700000)]
  0x0000020302929000 JavaThread "Unconstrained build operations Thread 65" [_thread_blocked, id=2568, stack(0x000000d8d7700000,0x000000d8d7800000)]
  0x0000020302923800 JavaThread "Unconstrained build operations Thread 66" [_thread_blocked, id=756, stack(0x000000d8d7800000,0x000000d8d7900000)]
  0x000002030292a000 JavaThread "Unconstrained build operations Thread 67" [_thread_blocked, id=8616, stack(0x000000d8d7900000,0x000000d8d7a00000)]
  0x0000020302928000 JavaThread "Unconstrained build operations Thread 68" [_thread_blocked, id=7132, stack(0x000000d8d7a00000,0x000000d8d7b00000)]
  0x0000020302927800 JavaThread "Unconstrained build operations Thread 69" [_thread_blocked, id=11616, stack(0x000000d8d7b00000,0x000000d8d7c00000)]
  0x0000020302924000 JavaThread "Unconstrained build operations Thread 70" [_thread_blocked, id=692, stack(0x000000d8d7c00000,0x000000d8d7d00000)]
  0x000002030292a800 JavaThread "Unconstrained build operations Thread 71" [_thread_blocked, id=9008, stack(0x000000d8d7d00000,0x000000d8d7e00000)]
  0x0000020302925000 JavaThread "Unconstrained build operations Thread 72" [_thread_blocked, id=10884, stack(0x000000d8d7e00000,0x000000d8d7f00000)]
  0x000002030292b800 JavaThread "Unconstrained build operations Thread 73" [_thread_blocked, id=4824, stack(0x000000d8d7f00000,0x000000d8d8000000)]
  0x0000020302926000 JavaThread "Unconstrained build operations Thread 74" [_thread_blocked, id=12700, stack(0x000000d8d8000000,0x000000d8d8100000)]
  0x000002030292c800 JavaThread "Unconstrained build operations Thread 75" [_thread_blocked, id=8548, stack(0x000000d8d8100000,0x000000d8d8200000)]
  0x0000020302926800 JavaThread "Unconstrained build operations Thread 76" [_thread_blocked, id=7104, stack(0x000000d8d8200000,0x000000d8d8300000)]
  0x000002030292d000 JavaThread "Unconstrained build operations Thread 77" [_thread_blocked, id=12892, stack(0x000000d8d8300000,0x000000d8d8400000)]
  0x0000020302931000 JavaThread "Unconstrained build operations Thread 78" [_thread_blocked, id=4056, stack(0x000000d8d8400000,0x000000d8d8500000)]
  0x000002030292e000 JavaThread "Unconstrained build operations Thread 79" [_thread_blocked, id=8836, stack(0x000000d8d8500000,0x000000d8d8600000)]
  0x0000020302932000 JavaThread "Unconstrained build operations Thread 80" [_thread_blocked, id=9616, stack(0x000000d8d8600000,0x000000d8d8700000)]
  0x000002030292e800 JavaThread "jar transforms Thread 4" [_thread_blocked, id=13872, stack(0x000000d8d8700000,0x000000d8d8800000)]
  0x000002030292f800 JavaThread "jar transforms Thread 5" [_thread_blocked, id=8588, stack(0x000000d8d8800000,0x000000d8d8900000)]
  0x0000020302930800 JavaThread "jar transforms Thread 6" [_thread_blocked, id=14616, stack(0x000000d8d8900000,0x000000d8d8a00000)]
  0x0000020301598800 JavaThread "jar transforms Thread 7" [_thread_blocked, id=13328, stack(0x000000d8d8a00000,0x000000d8d8b00000)]
  0x0000020301599800 JavaThread "jar transforms Thread 8" [_thread_blocked, id=2156, stack(0x000000d8d8b00000,0x000000d8d8c00000)]
  0x0000020301594800 JavaThread "Memory manager" [_thread_blocked, id=7472, stack(0x000000d8d8c00000,0x000000d8d8d00000)]

Other Threads:
  0x000002037b33d000 VMThread "VM Thread" [stack: 0x000000d8d0700000,0x000000d8d0800000] [id=9312]
  0x000002037b54f000 WatcherThread [stack: 0x000000d8d1100000,0x000000d8d1200000] [id=10588]
  0x0000020360666800 GCTaskThread "GC Thread#0" [stack: 0x000000d8d0200000,0x000000d8d0300000] [id=8348]
  0x000002037c3aa000 GCTaskThread "GC Thread#1" [stack: 0x000000d8d1400000,0x000000d8d1500000] [id=12376]
  0x000002037cb7c800 GCTaskThread "GC Thread#2" [stack: 0x000000d8d1500000,0x000000d8d1600000] [id=732]
  0x000002037cb79800 GCTaskThread "GC Thread#3" [stack: 0x000000d8d1600000,0x000000d8d1700000] [id=1740]
  0x000002037cb7b800 GCTaskThread "GC Thread#4" [stack: 0x000000d8d1700000,0x000000d8d1800000] [id=10172]
  0x000002037cb78000 GCTaskThread "GC Thread#5" [stack: 0x000000d8d1800000,0x000000d8d1900000] [id=10080]
  0x000002037cb7a000 GCTaskThread "GC Thread#6" [stack: 0x000000d8d2400000,0x000000d8d2500000] [id=15284]
  0x000002037cb7b000 GCTaskThread "GC Thread#7" [stack: 0x000000d8d2500000,0x000000d8d2600000] [id=13280]
  0x0000020360697000 ConcurrentGCThread "G1 Main Marker" [stack: 0x000000d8d0300000,0x000000d8d0400000] [id=12468]
  0x0000020360698800 ConcurrentGCThread "G1 Conc#0" [stack: 0x000000d8d0400000,0x000000d8d0500000] [id=3912]
  0x000002037cb76000 ConcurrentGCThread "G1 Conc#1" [stack: 0x000000d8d2600000,0x000000d8d2700000] [id=8484]
  0x000002037a98c800 ConcurrentGCThread "G1 Refine#0" [stack: 0x000000d8d0500000,0x000000d8d0600000] [id=15196]
  0x000002037d39b800 ConcurrentGCThread "G1 Refine#1" [stack: 0x000000d8d2700000,0x000000d8d2800000] [id=11488]
  0x000002037a98d000 ConcurrentGCThread "G1 Young RemSet Sampling" [stack: 0x000000d8d0600000,0x000000d8d0700000] [id=15204]

Threads with active compile tasks:
C2 CompilerThread0   7563 6159       4       org.objectweb.asm.MethodWriter::computeAllFrames (510 bytes)
C2 CompilerThread1   7563 6155       4       java.lang.Class::annotationData (44 bytes)
C2 CompilerThread2   7563 6124       4       java.net.URLClassLoader$1::run (5 bytes)

VM state:not at safepoint (normal execution)

VM Mutex/Monitor currently owned by a thread: None

Heap address: 0x0000000080000000, size: 2048 MB, Compressed Oops mode: 32-bit
Narrow klass base: 0x0000000000000000, Narrow klass shift: 3
Compressed class space size: 1073741824 Address: 0x0000000100000000

Heap:
 garbage-first heap   total 260096K, used 78411K [0x0000000080000000, 0x0000000100000000)
  region size 1024K, 34 young (34816K), 4 survivors (4096K)
 Metaspace       used 61791K, capacity 63294K, committed 63488K, reserved 1103872K
  class space    used 7863K, capacity 8469K, committed 8524K, reserved 1048576K
Heap Regions: E=young(eden), S=young(survivor), O=old, HS=humongous(starts), HC=humongous(continues), CS=collection set, F=free, A=archive, TAMS=top-at-mark-start (previous, next)
|   0|0x0000000080000000, 0x0000000080100000, 0x0000000080100000|100%| O|  |TAMS 0x0000000080100000, 0x0000000080000000| Untracked 
|   1|0x0000000080100000, 0x0000000080200000, 0x0000000080200000|100%| O|  |TAMS 0x0000000080200000, 0x0000000080100000| Untracked 
|   2|0x0000000080200000, 0x0000000080300000, 0x0000000080300000|100%| O|  |TAMS 0x0000000080300000, 0x0000000080200000| Untracked 
|   3|0x0000000080300000, 0x0000000080400000, 0x0000000080400000|100%|HS|  |TAMS 0x0000000080400000, 0x0000000080300000| Complete 
|   4|0x0000000080400000, 0x0000000080500000, 0x0000000080500000|100%|HC|  |TAMS 0x0000000080500000, 0x0000000080400000| Complete 
|   5|0x0000000080500000, 0x0000000080600000, 0x0000000080600000|100%|HC|  |TAMS 0x0000000080600000, 0x0000000080500000| Complete 
|   6|0x0000000080600000, 0x0000000080700000, 0x0000000080700000|100%| O|  |TAMS 0x0000000080700000, 0x0000000080600000| Untracked 
|   7|0x0000000080700000, 0x0000000080800000, 0x0000000080800000|100%| O|  |TAMS 0x0000000080800000, 0x0000000080700000| Untracked 
|   8|0x0000000080800000, 0x0000000080900000, 0x0000000080900000|100%| O|  |TAMS 0x0000000080900000, 0x0000000080800000| Untracked 
|   9|0x0000000080900000, 0x0000000080a00000, 0x0000000080a00000|100%| O|  |TAMS 0x0000000080a00000, 0x0000000080900000| Untracked 
|  10|0x0000000080a00000, 0x0000000080b00000, 0x0000000080b00000|100%| O|  |TAMS 0x0000000080b00000, 0x0000000080a00000| Untracked 
|  11|0x0000000080b00000, 0x0000000080c00000, 0x0000000080c00000|100%| O|  |TAMS 0x0000000080c00000, 0x0000000080b00000| Untracked 
|  12|0x0000000080c00000, 0x0000000080d00000, 0x0000000080d00000|100%| O|  |TAMS 0x0000000080d00000, 0x0000000080c00000| Untracked 
|  13|0x0000000080d00000, 0x0000000080e00000, 0x0000000080e00000|100%| O|  |TAMS 0x0000000080e00000, 0x0000000080d00000| Untracked 
|  14|0x0000000080e00000, 0x0000000080f00000, 0x0000000080f00000|100%| O|  |TAMS 0x0000000080f00000, 0x0000000080e00000| Untracked 
|  15|0x0000000080f00000, 0x0000000081000000, 0x0000000081000000|100%| O|  |TAMS 0x0000000081000000, 0x0000000080f00000| Untracked 
|  16|0x0000000081000000, 0x0000000081100000, 0x0000000081100000|100%| O|  |TAMS 0x0000000081100000, 0x0000000081000000| Untracked 
|  17|0x0000000081100000, 0x0000000081200000, 0x0000000081200000|100%|HS|  |TAMS 0x0000000081200000, 0x0000000081100000| Complete 
|  18|0x0000000081200000, 0x0000000081300000, 0x0000000081300000|100%|HS|  |TAMS 0x0000000081300000, 0x0000000081200000| Complete 
|  19|0x0000000081300000, 0x0000000081400000, 0x0000000081400000|100%|HS|  |TAMS 0x0000000081400000, 0x0000000081300000| Complete 
|  20|0x0000000081400000, 0x0000000081500000, 0x0000000081500000|100%|HS|  |TAMS 0x0000000081500000, 0x0000000081400000| Complete 
|  21|0x0000000081500000, 0x0000000081600000, 0x0000000081600000|100%|HC|  |TAMS 0x0000000081600000, 0x0000000081500000| Complete 
|  22|0x0000000081600000, 0x0000000081700000, 0x0000000081700000|100%| O|  |TAMS 0x0000000081700000, 0x0000000081600000| Untracked 
|  23|0x0000000081700000, 0x0000000081800000, 0x0000000081800000|100%| O|  |TAMS 0x0000000081800000, 0x0000000081700000| Untracked 
|  24|0x0000000081800000, 0x0000000081900000, 0x0000000081900000|100%| O|  |TAMS 0x0000000081900000, 0x0000000081800000| Untracked 
|  25|0x0000000081900000, 0x0000000081a00000, 0x0000000081a00000|100%| O|  |TAMS 0x0000000081a00000, 0x0000000081900000| Untracked 
|  26|0x0000000081a00000, 0x0000000081b00000, 0x0000000081b00000|100%| O|  |TAMS 0x0000000081b00000, 0x0000000081a00000| Untracked 
|  27|0x0000000081b00000, 0x0000000081c00000, 0x0000000081c00000|100%| O|  |TAMS 0x0000000081c00000, 0x0000000081b00000| Untracked 
|  28|0x0000000081c00000, 0x0000000081d00000, 0x0000000081d00000|100%| O|  |TAMS 0x0000000081d00000, 0x0000000081c00000| Untracked 
|  29|0x0000000081d00000, 0x0000000081e00000, 0x0000000081e00000|100%| O|  |TAMS 0x0000000081e00000, 0x0000000081d00000| Untracked 
|  30|0x0000000081e00000, 0x0000000081f00000, 0x0000000081f00000|100%| O|  |TAMS 0x0000000081f00000, 0x0000000081e00000| Untracked 
|  31|0x0000000081f00000, 0x0000000082000000, 0x0000000082000000|100%| O|  |TAMS 0x0000000082000000, 0x0000000081f00000| Untracked 
|  32|0x0000000082000000, 0x0000000082100000, 0x0000000082100000|100%| O|  |TAMS 0x0000000082100000, 0x0000000082000000| Untracked 
|  33|0x0000000082100000, 0x0000000082200000, 0x0000000082200000|100%| O|  |TAMS 0x0000000082200000, 0x0000000082100000| Untracked 
|  34|0x0000000082200000, 0x0000000082300000, 0x0000000082300000|100%| O|  |TAMS 0x0000000082300000, 0x0000000082200000| Untracked 
|  35|0x0000000082300000, 0x0000000082400000, 0x0000000082400000|100%| O|  |TAMS 0x0000000082400000, 0x0000000082300000| Untracked 
|  36|0x0000000082400000, 0x0000000082500000, 0x0000000082500000|100%| O|  |TAMS 0x0000000082500000, 0x0000000082400000| Untracked 
|  37|0x0000000082500000, 0x0000000082600000, 0x0000000082600000|100%| O|  |TAMS 0x0000000082600000, 0x0000000082500000| Untracked 
|  38|0x0000000082600000, 0x0000000082700000, 0x0000000082700000|100%| O|  |TAMS 0x0000000082700000, 0x0000000082600000| Untracked 
|  39|0x0000000082700000, 0x0000000082800000, 0x0000000082800000|100%| O|  |TAMS 0x0000000082800000, 0x0000000082700000| Untracked 
|  40|0x0000000082800000, 0x0000000082900000, 0x0000000082900000|100%| O|  |TAMS 0x0000000082900000, 0x0000000082800000| Untracked 
|  41|0x0000000082900000, 0x0000000082a00000, 0x0000000082a00000|100%| O|  |TAMS 0x0000000082a00000, 0x0000000082900000| Untracked 
|  42|0x0000000082a00000, 0x0000000082b00000, 0x0000000082b00000|100%| O|  |TAMS 0x0000000082b00000, 0x0000000082a00000| Untracked 
|  43|0x0000000082b00000, 0x0000000082c00000, 0x0000000082c00000|100%| O|  |TAMS 0x0000000082c00000, 0x0000000082b00000| Untracked 
|  44|0x0000000082c00000, 0x0000000082d00000, 0x0000000082d00000|100%| O|  |TAMS 0x0000000082d00000, 0x0000000082c00000| Untracked 
|  45|0x0000000082d00000, 0x0000000082d3cc00, 0x0000000082e00000| 23%| O|  |TAMS 0x0000000082d3cc00, 0x0000000082d00000| Untracked 
|  46|0x0000000082e00000, 0x0000000082e00000, 0x0000000082f00000|  0%| F|  |TAMS 0x0000000082e00000, 0x0000000082e00000| Untracked 
|  47|0x0000000082f00000, 0x0000000082f00000, 0x0000000083000000|  0%| F|  |TAMS 0x0000000082f00000, 0x0000000082f00000| Untracked 
|  48|0x0000000083000000, 0x0000000083000000, 0x0000000083100000|  0%| F|  |TAMS 0x0000000083000000, 0x0000000083000000| Untracked 
|  49|0x0000000083100000, 0x0000000083100000, 0x0000000083200000|  0%| F|  |TAMS 0x0000000083100000, 0x0000000083100000| Untracked 
|  50|0x0000000083200000, 0x0000000083200000, 0x0000000083300000|  0%| F|  |TAMS 0x0000000083200000, 0x0000000083200000| Untracked 
|  51|0x0000000083300000, 0x0000000083300000, 0x0000000083400000|  0%| F|  |TAMS 0x0000000083300000, 0x0000000083300000| Untracked 
|  52|0x0000000083400000, 0x0000000083400000, 0x0000000083500000|  0%| F|  |TAMS 0x0000000083400000, 0x0000000083400000| Untracked 
|  53|0x0000000083500000, 0x0000000083500000, 0x0000000083600000|  0%| F|  |TAMS 0x0000000083500000, 0x0000000083500000| Untracked 
|  54|0x0000000083600000, 0x0000000083600000, 0x0000000083700000|  0%| F|  |TAMS 0x0000000083600000, 0x0000000083600000| Untracked 
|  55|0x0000000083700000, 0x0000000083700000, 0x0000000083800000|  0%| F|  |TAMS 0x0000000083700000, 0x0000000083700000| Untracked 
|  56|0x0000000083800000, 0x0000000083800000, 0x0000000083900000|  0%| F|  |TAMS 0x0000000083800000, 0x0000000083800000| Untracked 
|  57|0x0000000083900000, 0x0000000083900000, 0x0000000083a00000|  0%| F|  |TAMS 0x0000000083900000, 0x0000000083900000| Untracked 
|  58|0x0000000083a00000, 0x0000000083a00000, 0x0000000083b00000|  0%| F|  |TAMS 0x0000000083a00000, 0x0000000083a00000| Untracked 
|  59|0x0000000083b00000, 0x0000000083b00000, 0x0000000083c00000|  0%| F|  |TAMS 0x0000000083b00000, 0x0000000083b00000| Untracked 
|  60|0x0000000083c00000, 0x0000000083c00000, 0x0000000083d00000|  0%| F|  |TAMS 0x0000000083c00000, 0x0000000083c00000| Untracked 
|  61|0x0000000083d00000, 0x0000000083d00000, 0x0000000083e00000|  0%| F|  |TAMS 0x0000000083d00000, 0x0000000083d00000| Untracked 
|  62|0x0000000083e00000, 0x0000000083e00000, 0x0000000083f00000|  0%| F|  |TAMS 0x0000000083e00000, 0x0000000083e00000| Untracked 
|  63|0x0000000083f00000, 0x0000000083f00000, 0x0000000084000000|  0%| F|  |TAMS 0x0000000083f00000, 0x0000000083f00000| Untracked 
|  64|0x0000000084000000, 0x0000000084000000, 0x0000000084100000|  0%| F|  |TAMS 0x0000000084000000, 0x0000000084000000| Untracked 
|  65|0x0000000084100000, 0x0000000084100000, 0x0000000084200000|  0%| F|  |TAMS 0x0000000084100000, 0x0000000084100000| Untracked 
|  66|0x0000000084200000, 0x0000000084200000, 0x0000000084300000|  0%| F|  |TAMS 0x0000000084200000, 0x0000000084200000| Untracked 
|  67|0x0000000084300000, 0x0000000084300000, 0x0000000084400000|  0%| F|  |TAMS 0x0000000084300000, 0x0000000084300000| Untracked 
|  68|0x0000000084400000, 0x0000000084400000, 0x0000000084500000|  0%| F|  |TAMS 0x0000000084400000, 0x0000000084400000| Untracked 
|  69|0x0000000084500000, 0x0000000084500000, 0x0000000084600000|  0%| F|  |TAMS 0x0000000084500000, 0x0000000084500000| Untracked 
|  70|0x0000000084600000, 0x0000000084600000, 0x0000000084700000|  0%| F|  |TAMS 0x0000000084600000, 0x0000000084600000| Untracked 
|  71|0x0000000084700000, 0x0000000084700000, 0x0000000084800000|  0%| F|  |TAMS 0x0000000084700000, 0x0000000084700000| Untracked 
|  72|0x0000000084800000, 0x0000000084800000, 0x0000000084900000|  0%| F|  |TAMS 0x0000000084800000, 0x0000000084800000| Untracked 
|  73|0x0000000084900000, 0x0000000084900000, 0x0000000084a00000|  0%| F|  |TAMS 0x0000000084900000, 0x0000000084900000| Untracked 
|  74|0x0000000084a00000, 0x0000000084a00000, 0x0000000084b00000|  0%| F|  |TAMS 0x0000000084a00000, 0x0000000084a00000| Untracked 
|  75|0x0000000084b00000, 0x0000000084b00000, 0x0000000084c00000|  0%| F|  |TAMS 0x0000000084b00000, 0x0000000084b00000| Untracked 
|  76|0x0000000084c00000, 0x0000000084c00000, 0x0000000084d00000|  0%| F|  |TAMS 0x0000000084c00000, 0x0000000084c00000| Untracked 
|  77|0x0000000084d00000, 0x0000000084d00000, 0x0000000084e00000|  0%| F|  |TAMS 0x0000000084d00000, 0x0000000084d00000| Untracked 
|  78|0x0000000084e00000, 0x0000000084e00000, 0x0000000084f00000|  0%| F|  |TAMS 0x0000000084e00000, 0x0000000084e00000| Untracked 
|  79|0x0000000084f00000, 0x0000000084f00000, 0x0000000085000000|  0%| F|  |TAMS 0x0000000084f00000, 0x0000000084f00000| Untracked 
|  80|0x0000000085000000, 0x0000000085000000, 0x0000000085100000|  0%| F|  |TAMS 0x0000000085000000, 0x0000000085000000| Untracked 
|  81|0x0000000085100000, 0x0000000085100000, 0x0000000085200000|  0%| F|  |TAMS 0x0000000085100000, 0x0000000085100000| Untracked 
|  82|0x0000000085200000, 0x0000000085200000, 0x0000000085300000|  0%| F|  |TAMS 0x0000000085200000, 0x0000000085200000| Untracked 
|  83|0x0000000085300000, 0x0000000085300000, 0x0000000085400000|  0%| F|  |TAMS 0x0000000085300000, 0x0000000085300000| Untracked 
|  84|0x0000000085400000, 0x0000000085400000, 0x0000000085500000|  0%| F|  |TAMS 0x0000000085400000, 0x0000000085400000| Untracked 
|  85|0x0000000085500000, 0x0000000085500000, 0x0000000085600000|  0%| F|  |TAMS 0x0000000085500000, 0x0000000085500000| Untracked 
|  86|0x0000000085600000, 0x0000000085600000, 0x0000000085700000|  0%| F|  |TAMS 0x0000000085600000, 0x0000000085600000| Untracked 
|  87|0x0000000085700000, 0x0000000085700000, 0x0000000085800000|  0%| F|  |TAMS 0x0000000085700000, 0x0000000085700000| Untracked 
|  88|0x0000000085800000, 0x0000000085800000, 0x0000000085900000|  0%| F|  |TAMS 0x0000000085800000, 0x0000000085800000| Untracked 
|  89|0x0000000085900000, 0x0000000085900000, 0x0000000085a00000|  0%| F|  |TAMS 0x0000000085900000, 0x0000000085900000| Untracked 
|  90|0x0000000085a00000, 0x0000000085a00000, 0x0000000085b00000|  0%| F|  |TAMS 0x0000000085a00000, 0x0000000085a00000| Untracked 
|  91|0x0000000085b00000, 0x0000000085b00000, 0x0000000085c00000|  0%| F|  |TAMS 0x0000000085b00000, 0x0000000085b00000| Untracked 
|  92|0x0000000085c00000, 0x0000000085c00000, 0x0000000085d00000|  0%| F|  |TAMS 0x0000000085c00000, 0x0000000085c00000| Untracked 
|  93|0x0000000085d00000, 0x0000000085d00000, 0x0000000085e00000|  0%| F|  |TAMS 0x0000000085d00000, 0x0000000085d00000| Untracked 
|  94|0x0000000085e00000, 0x0000000085e00000, 0x0000000085f00000|  0%| F|  |TAMS 0x0000000085e00000, 0x0000000085e00000| Untracked 
|  95|0x0000000085f00000, 0x0000000085f00000, 0x0000000086000000|  0%| F|  |TAMS 0x0000000085f00000, 0x0000000085f00000| Untracked 
|  96|0x0000000086000000, 0x0000000086000000, 0x0000000086100000|  0%| F|  |TAMS 0x0000000086000000, 0x0000000086000000| Untracked 
|  97|0x0000000086100000, 0x0000000086100000, 0x0000000086200000|  0%| F|  |TAMS 0x0000000086100000, 0x0000000086100000| Untracked 
|  98|0x0000000086200000, 0x0000000086200000, 0x0000000086300000|  0%| F|  |TAMS 0x0000000086200000, 0x0000000086200000| Untracked 
|  99|0x0000000086300000, 0x0000000086300000, 0x0000000086400000|  0%| F|  |TAMS 0x0000000086300000, 0x0000000086300000| Untracked 
| 100|0x0000000086400000, 0x0000000086400000, 0x0000000086500000|  0%| F|  |TAMS 0x0000000086400000, 0x0000000086400000| Untracked 
| 101|0x0000000086500000, 0x0000000086500000, 0x0000000086600000|  0%| F|  |TAMS 0x0000000086500000, 0x0000000086500000| Untracked 
| 102|0x0000000086600000, 0x0000000086600000, 0x0000000086700000|  0%| F|  |TAMS 0x0000000086600000, 0x0000000086600000| Untracked 
| 103|0x0000000086700000, 0x0000000086700000, 0x0000000086800000|  0%| F|  |TAMS 0x0000000086700000, 0x0000000086700000| Untracked 
| 104|0x0000000086800000, 0x0000000086800000, 0x0000000086900000|  0%| F|  |TAMS 0x0000000086800000, 0x0000000086800000| Untracked 
| 105|0x0000000086900000, 0x0000000086900000, 0x0000000086a00000|  0%| F|  |TAMS 0x0000000086900000, 0x0000000086900000| Untracked 
| 106|0x0000000086a00000, 0x0000000086a00000, 0x0000000086b00000|  0%| F|  |TAMS 0x0000000086a00000, 0x0000000086a00000| Untracked 
| 107|0x0000000086b00000, 0x0000000086b00000, 0x0000000086c00000|  0%| F|  |TAMS 0x0000000086b00000, 0x0000000086b00000| Untracked 
| 108|0x0000000086c00000, 0x0000000086c00000, 0x0000000086d00000|  0%| F|  |TAMS 0x0000000086c00000, 0x0000000086c00000| Untracked 
| 109|0x0000000086d00000, 0x0000000086d00000, 0x0000000086e00000|  0%| F|  |TAMS 0x0000000086d00000, 0x0000000086d00000| Untracked 
| 110|0x0000000086e00000, 0x0000000086e00000, 0x0000000086f00000|  0%| F|  |TAMS 0x0000000086e00000, 0x0000000086e00000| Untracked 
| 111|0x0000000086f00000, 0x0000000086f00000, 0x0000000087000000|  0%| F|  |TAMS 0x0000000086f00000, 0x0000000086f00000| Untracked 
| 112|0x0000000087000000, 0x0000000087000000, 0x0000000087100000|  0%| F|  |TAMS 0x0000000087000000, 0x0000000087000000| Untracked 
| 113|0x0000000087100000, 0x0000000087100000, 0x0000000087200000|  0%| F|  |TAMS 0x0000000087100000, 0x0000000087100000| Untracked 
| 114|0x0000000087200000, 0x0000000087200000, 0x0000000087300000|  0%| F|  |TAMS 0x0000000087200000, 0x0000000087200000| Untracked 
| 115|0x0000000087300000, 0x0000000087300000, 0x0000000087400000|  0%| F|  |TAMS 0x0000000087300000, 0x0000000087300000| Untracked 
| 116|0x0000000087400000, 0x0000000087400000, 0x0000000087500000|  0%| F|  |TAMS 0x0000000087400000, 0x0000000087400000| Untracked 
| 117|0x0000000087500000, 0x0000000087500000, 0x0000000087600000|  0%| F|  |TAMS 0x0000000087500000, 0x0000000087500000| Untracked 
| 118|0x0000000087600000, 0x0000000087600000, 0x0000000087700000|  0%| F|  |TAMS 0x0000000087600000, 0x0000000087600000| Untracked 
| 119|0x0000000087700000, 0x0000000087700000, 0x0000000087800000|  0%| F|  |TAMS 0x0000000087700000, 0x0000000087700000| Untracked 
| 120|0x0000000087800000, 0x0000000087800000, 0x0000000087900000|  0%| F|  |TAMS 0x0000000087800000, 0x0000000087800000| Untracked 
| 121|0x0000000087900000, 0x0000000087900000, 0x0000000087a00000|  0%| F|  |TAMS 0x0000000087900000, 0x0000000087900000| Untracked 
| 122|0x0000000087a00000, 0x0000000087a00000, 0x0000000087b00000|  0%| F|  |TAMS 0x0000000087a00000, 0x0000000087a00000| Untracked 
| 123|0x0000000087b00000, 0x0000000087b00000, 0x0000000087c00000|  0%| F|  |TAMS 0x0000000087b00000, 0x0000000087b00000| Untracked 
| 124|0x0000000087c00000, 0x0000000087c00000, 0x0000000087d00000|  0%| F|  |TAMS 0x0000000087c00000, 0x0000000087c00000| Untracked 
| 125|0x0000000087d00000, 0x0000000087d00000, 0x0000000087e00000|  0%| F|  |TAMS 0x0000000087d00000, 0x0000000087d00000| Untracked 
| 126|0x0000000087e00000, 0x0000000087e00000, 0x0000000087f00000|  0%| F|  |TAMS 0x0000000087e00000, 0x0000000087e00000| Untracked 
| 127|0x0000000087f00000, 0x0000000087f00000, 0x0000000088000000|  0%| F|  |TAMS 0x0000000087f00000, 0x0000000087f00000| Untracked 
| 128|0x0000000088000000, 0x0000000088000000, 0x0000000088100000|  0%| F|  |TAMS 0x0000000088000000, 0x0000000088000000| Untracked 
| 129|0x0000000088100000, 0x0000000088100000, 0x0000000088200000|  0%| F|  |TAMS 0x0000000088100000, 0x0000000088100000| Untracked 
| 130|0x0000000088200000, 0x0000000088200000, 0x0000000088300000|  0%| F|  |TAMS 0x0000000088200000, 0x0000000088200000| Untracked 
| 131|0x0000000088300000, 0x0000000088300000, 0x0000000088400000|  0%| F|  |TAMS 0x0000000088300000, 0x0000000088300000| Untracked 
| 132|0x0000000088400000, 0x0000000088400000, 0x0000000088500000|  0%| F|  |TAMS 0x0000000088400000, 0x0000000088400000| Untracked 
| 133|0x0000000088500000, 0x0000000088500000, 0x0000000088600000|  0%| F|  |TAMS 0x0000000088500000, 0x0000000088500000| Untracked 
| 134|0x0000000088600000, 0x0000000088600000, 0x0000000088700000|  0%| F|  |TAMS 0x0000000088600000, 0x0000000088600000| Untracked 
| 135|0x0000000088700000, 0x0000000088700000, 0x0000000088800000|  0%| F|  |TAMS 0x0000000088700000, 0x0000000088700000| Untracked 
| 136|0x0000000088800000, 0x0000000088800000, 0x0000000088900000|  0%| F|  |TAMS 0x0000000088800000, 0x0000000088800000| Untracked 
| 137|0x0000000088900000, 0x0000000088900000, 0x0000000088a00000|  0%| F|  |TAMS 0x0000000088900000, 0x0000000088900000| Untracked 
| 138|0x0000000088a00000, 0x0000000088a00000, 0x0000000088b00000|  0%| F|  |TAMS 0x0000000088a00000, 0x0000000088a00000| Untracked 
| 139|0x0000000088b00000, 0x0000000088b00000, 0x0000000088c00000|  0%| F|  |TAMS 0x0000000088b00000, 0x0000000088b00000| Untracked 
| 140|0x0000000088c00000, 0x0000000088c00000, 0x0000000088d00000|  0%| F|  |TAMS 0x0000000088c00000, 0x0000000088c00000| Untracked 
| 141|0x0000000088d00000, 0x0000000088d00000, 0x0000000088e00000|  0%| F|  |TAMS 0x0000000088d00000, 0x0000000088d00000| Untracked 
| 142|0x0000000088e00000, 0x0000000088e00000, 0x0000000088f00000|  0%| F|  |TAMS 0x0000000088e00000, 0x0000000088e00000| Untracked 
| 143|0x0000000088f00000, 0x0000000088f00000, 0x0000000089000000|  0%| F|  |TAMS 0x0000000088f00000, 0x0000000088f00000| Untracked 
| 144|0x0000000089000000, 0x0000000089000000, 0x0000000089100000|  0%| F|  |TAMS 0x0000000089000000, 0x0000000089000000| Untracked 
| 145|0x0000000089100000, 0x0000000089100000, 0x0000000089200000|  0%| F|  |TAMS 0x0000000089100000, 0x0000000089100000| Untracked 
| 146|0x0000000089200000, 0x0000000089200000, 0x0000000089300000|  0%| F|  |TAMS 0x0000000089200000, 0x0000000089200000| Untracked 
| 147|0x0000000089300000, 0x0000000089300000, 0x0000000089400000|  0%| F|  |TAMS 0x0000000089300000, 0x0000000089300000| Untracked 
| 148|0x0000000089400000, 0x0000000089400000, 0x0000000089500000|  0%| F|  |TAMS 0x0000000089400000, 0x0000000089400000| Untracked 
| 149|0x0000000089500000, 0x0000000089500000, 0x0000000089600000|  0%| F|  |TAMS 0x0000000089500000, 0x0000000089500000| Untracked 
| 150|0x0000000089600000, 0x0000000089600000, 0x0000000089700000|  0%| F|  |TAMS 0x0000000089600000, 0x0000000089600000| Untracked 
| 151|0x0000000089700000, 0x0000000089700000, 0x0000000089800000|  0%| F|  |TAMS 0x0000000089700000, 0x0000000089700000| Untracked 
| 152|0x0000000089800000, 0x0000000089800000, 0x0000000089900000|  0%| F|  |TAMS 0x0000000089800000, 0x0000000089800000| Untracked 
| 153|0x0000000089900000, 0x0000000089900000, 0x0000000089a00000|  0%| F|  |TAMS 0x0000000089900000, 0x0000000089900000| Untracked 
| 154|0x0000000089a00000, 0x0000000089a00000, 0x0000000089b00000|  0%| F|  |TAMS 0x0000000089a00000, 0x0000000089a00000| Untracked 
| 155|0x0000000089b00000, 0x0000000089b00000, 0x0000000089c00000|  0%| F|  |TAMS 0x0000000089b00000, 0x0000000089b00000| Untracked 
| 156|0x0000000089c00000, 0x0000000089c00000, 0x0000000089d00000|  0%| F|  |TAMS 0x0000000089c00000, 0x0000000089c00000| Untracked 
| 157|0x0000000089d00000, 0x0000000089d00000, 0x0000000089e00000|  0%| F|  |TAMS 0x0000000089d00000, 0x0000000089d00000| Untracked 
| 158|0x0000000089e00000, 0x0000000089e00000, 0x0000000089f00000|  0%| F|  |TAMS 0x0000000089e00000, 0x0000000089e00000| Untracked 
| 159|0x0000000089f00000, 0x0000000089f00000, 0x000000008a000000|  0%| F|  |TAMS 0x0000000089f00000, 0x0000000089f00000| Untracked 
| 160|0x000000008a000000, 0x000000008a000000, 0x000000008a100000|  0%| F|  |TAMS 0x000000008a000000, 0x000000008a000000| Untracked 
| 161|0x000000008a100000, 0x000000008a100000, 0x000000008a200000|  0%| F|  |TAMS 0x000000008a100000, 0x000000008a100000| Untracked 
| 162|0x000000008a200000, 0x000000008a200000, 0x000000008a300000|  0%| F|  |TAMS 0x000000008a200000, 0x000000008a200000| Untracked 
| 163|0x000000008a300000, 0x000000008a300000, 0x000000008a400000|  0%| F|  |TAMS 0x000000008a300000, 0x000000008a300000| Untracked 
| 164|0x000000008a400000, 0x000000008a400000, 0x000000008a500000|  0%| F|  |TAMS 0x000000008a400000, 0x000000008a400000| Untracked 
| 165|0x000000008a500000, 0x000000008a500000, 0x000000008a600000|  0%| F|  |TAMS 0x000000008a500000, 0x000000008a500000| Untracked 
| 166|0x000000008a600000, 0x000000008a600000, 0x000000008a700000|  0%| F|  |TAMS 0x000000008a600000, 0x000000008a600000| Untracked 
| 167|0x000000008a700000, 0x000000008a700000, 0x000000008a800000|  0%| F|  |TAMS 0x000000008a700000, 0x000000008a700000| Untracked 
| 168|0x000000008a800000, 0x000000008a800000, 0x000000008a900000|  0%| F|  |TAMS 0x000000008a800000, 0x000000008a800000| Untracked 
| 169|0x000000008a900000, 0x000000008a900000, 0x000000008aa00000|  0%| F|  |TAMS 0x000000008a900000, 0x000000008a900000| Untracked 
| 170|0x000000008aa00000, 0x000000008aa00000, 0x000000008ab00000|  0%| F|  |TAMS 0x000000008aa00000, 0x000000008aa00000| Untracked 
| 171|0x000000008ab00000, 0x000000008ab00000, 0x000000008ac00000|  0%| F|  |TAMS 0x000000008ab00000, 0x000000008ab00000| Untracked 
| 172|0x000000008ac00000, 0x000000008ac00000, 0x000000008ad00000|  0%| F|  |TAMS 0x000000008ac00000, 0x000000008ac00000| Untracked 
| 173|0x000000008ad00000, 0x000000008ad00000, 0x000000008ae00000|  0%| F|  |TAMS 0x000000008ad00000, 0x000000008ad00000| Untracked 
| 174|0x000000008ae00000, 0x000000008ae00000, 0x000000008af00000|  0%| F|  |TAMS 0x000000008ae00000, 0x000000008ae00000| Untracked 
| 175|0x000000008af00000, 0x000000008af00000, 0x000000008b000000|  0%| F|  |TAMS 0x000000008af00000, 0x000000008af00000| Untracked 
| 176|0x000000008b000000, 0x000000008b000000, 0x000000008b100000|  0%| F|  |TAMS 0x000000008b000000, 0x000000008b000000| Untracked 
| 177|0x000000008b100000, 0x000000008b100000, 0x000000008b200000|  0%| F|  |TAMS 0x000000008b100000, 0x000000008b100000| Untracked 
| 178|0x000000008b200000, 0x000000008b200000, 0x000000008b300000|  0%| F|  |TAMS 0x000000008b200000, 0x000000008b200000| Untracked 
| 179|0x000000008b300000, 0x000000008b300000, 0x000000008b400000|  0%| F|  |TAMS 0x000000008b300000, 0x000000008b300000| Untracked 
| 180|0x000000008b400000, 0x000000008b400000, 0x000000008b500000|  0%| F|  |TAMS 0x000000008b400000, 0x000000008b400000| Untracked 
| 181|0x000000008b500000, 0x000000008b500000, 0x000000008b600000|  0%| F|  |TAMS 0x000000008b500000, 0x000000008b500000| Untracked 
| 182|0x000000008b600000, 0x000000008b600000, 0x000000008b700000|  0%| F|  |TAMS 0x000000008b600000, 0x000000008b600000| Untracked 
| 183|0x000000008b700000, 0x000000008b700000, 0x000000008b800000|  0%| F|  |TAMS 0x000000008b700000, 0x000000008b700000| Untracked 
| 184|0x000000008b800000, 0x000000008b800000, 0x000000008b900000|  0%| F|  |TAMS 0x000000008b800000, 0x000000008b800000| Untracked 
| 185|0x000000008b900000, 0x000000008b900000, 0x000000008ba00000|  0%| F|  |TAMS 0x000000008b900000, 0x000000008b900000| Untracked 
| 186|0x000000008ba00000, 0x000000008ba00000, 0x000000008bb00000|  0%| F|  |TAMS 0x000000008ba00000, 0x000000008ba00000| Untracked 
| 187|0x000000008bb00000, 0x000000008bb00000, 0x000000008bc00000|  0%| F|  |TAMS 0x000000008bb00000, 0x000000008bb00000| Untracked 
| 188|0x000000008bc00000, 0x000000008bc00000, 0x000000008bd00000|  0%| F|  |TAMS 0x000000008bc00000, 0x000000008bc00000| Untracked 
| 189|0x000000008bd00000, 0x000000008bd00000, 0x000000008be00000|  0%| F|  |TAMS 0x000000008bd00000, 0x000000008bd00000| Untracked 
| 190|0x000000008be00000, 0x000000008be00000, 0x000000008bf00000|  0%| F|  |TAMS 0x000000008be00000, 0x000000008be00000| Untracked 
| 191|0x000000008bf00000, 0x000000008bf00000, 0x000000008c000000|  0%| F|  |TAMS 0x000000008bf00000, 0x000000008bf00000| Untracked 
| 192|0x000000008c000000, 0x000000008c000000, 0x000000008c100000|  0%| F|  |TAMS 0x000000008c000000, 0x000000008c000000| Untracked 
| 193|0x000000008c100000, 0x000000008c100000, 0x000000008c200000|  0%| F|  |TAMS 0x000000008c100000, 0x000000008c100000| Untracked 
| 194|0x000000008c200000, 0x000000008c256058, 0x000000008c300000| 33%| S|CS|TAMS 0x000000008c200000, 0x000000008c200000| Complete 
| 195|0x000000008c300000, 0x000000008c400000, 0x000000008c400000|100%| S|CS|TAMS 0x000000008c300000, 0x000000008c300000| Complete 
| 196|0x000000008c400000, 0x000000008c500000, 0x000000008c500000|100%| S|CS|TAMS 0x000000008c400000, 0x000000008c400000| Complete 
| 197|0x000000008c500000, 0x000000008c600000, 0x000000008c600000|100%| S|CS|TAMS 0x000000008c500000, 0x000000008c500000| Complete 
| 198|0x000000008c600000, 0x000000008c600000, 0x000000008c700000|  0%| F|  |TAMS 0x000000008c600000, 0x000000008c600000| Untracked 
| 199|0x000000008c700000, 0x000000008c700000, 0x000000008c800000|  0%| F|  |TAMS 0x000000008c700000, 0x000000008c700000| Untracked 
| 200|0x000000008c800000, 0x000000008c800000, 0x000000008c900000|  0%| F|  |TAMS 0x000000008c800000, 0x000000008c800000| Untracked 
| 201|0x000000008c900000, 0x000000008c900000, 0x000000008ca00000|  0%| F|  |TAMS 0x000000008c900000, 0x000000008c900000| Untracked 
| 202|0x000000008ca00000, 0x000000008ca00000, 0x000000008cb00000|  0%| F|  |TAMS 0x000000008ca00000, 0x000000008ca00000| Untracked 
| 203|0x000000008cb00000, 0x000000008cb00000, 0x000000008cc00000|  0%| F|  |TAMS 0x000000008cb00000, 0x000000008cb00000| Untracked 
| 204|0x000000008cc00000, 0x000000008cc00000, 0x000000008cd00000|  0%| F|  |TAMS 0x000000008cc00000, 0x000000008cc00000| Untracked 
| 205|0x000000008cd00000, 0x000000008cd00000, 0x000000008ce00000|  0%| F|  |TAMS 0x000000008cd00000, 0x000000008cd00000| Untracked 
| 206|0x000000008ce00000, 0x000000008ce00000, 0x000000008cf00000|  0%| F|  |TAMS 0x000000008ce00000, 0x000000008ce00000| Untracked 
| 207|0x000000008cf00000, 0x000000008cf00000, 0x000000008d000000|  0%| F|  |TAMS 0x000000008cf00000, 0x000000008cf00000| Untracked 
| 208|0x000000008d000000, 0x000000008d000000, 0x000000008d100000|  0%| F|  |TAMS 0x000000008d000000, 0x000000008d000000| Untracked 
| 209|0x000000008d100000, 0x000000008d100000, 0x000000008d200000|  0%| F|  |TAMS 0x000000008d100000, 0x000000008d100000| Untracked 
| 210|0x000000008d200000, 0x000000008d200000, 0x000000008d300000|  0%| F|  |TAMS 0x000000008d200000, 0x000000008d200000| Untracked 
| 211|0x000000008d300000, 0x000000008d300000, 0x000000008d400000|  0%| F|  |TAMS 0x000000008d300000, 0x000000008d300000| Untracked 
| 212|0x000000008d400000, 0x000000008d400000, 0x000000008d500000|  0%| F|  |TAMS 0x000000008d400000, 0x000000008d400000| Untracked 
| 213|0x000000008d500000, 0x000000008d500000, 0x000000008d600000|  0%| F|  |TAMS 0x000000008d500000, 0x000000008d500000| Untracked 
| 214|0x000000008d600000, 0x000000008d600000, 0x000000008d700000|  0%| F|  |TAMS 0x000000008d600000, 0x000000008d600000| Untracked 
| 215|0x000000008d700000, 0x000000008d700000, 0x000000008d800000|  0%| F|  |TAMS 0x000000008d700000, 0x000000008d700000| Untracked 
| 216|0x000000008d800000, 0x000000008d800000, 0x000000008d900000|  0%| F|  |TAMS 0x000000008d800000, 0x000000008d800000| Untracked 
| 217|0x000000008d900000, 0x000000008d900000, 0x000000008da00000|  0%| F|  |TAMS 0x000000008d900000, 0x000000008d900000| Untracked 
| 218|0x000000008da00000, 0x000000008da00000, 0x000000008db00000|  0%| F|  |TAMS 0x000000008da00000, 0x000000008da00000| Untracked 
| 219|0x000000008db00000, 0x000000008db00000, 0x000000008dc00000|  0%| F|  |TAMS 0x000000008db00000, 0x000000008db00000| Untracked 
| 220|0x000000008dc00000, 0x000000008dc00000, 0x000000008dd00000|  0%| F|  |TAMS 0x000000008dc00000, 0x000000008dc00000| Untracked 
| 221|0x000000008dd00000, 0x000000008dd00000, 0x000000008de00000|  0%| F|  |TAMS 0x000000008dd00000, 0x000000008dd00000| Untracked 
| 222|0x000000008de00000, 0x000000008de00000, 0x000000008df00000|  0%| F|  |TAMS 0x000000008de00000, 0x000000008de00000| Untracked 
| 223|0x000000008df00000, 0x000000008df80800, 0x000000008e000000| 50%| E|  |TAMS 0x000000008df00000, 0x000000008df00000| Complete 
| 224|0x000000008e000000, 0x000000008e100000, 0x000000008e100000|100%| E|CS|TAMS 0x000000008e000000, 0x000000008e000000| Complete 
| 225|0x000000008e100000, 0x000000008e200000, 0x000000008e200000|100%| E|CS|TAMS 0x000000008e100000, 0x000000008e100000| Complete 
| 226|0x000000008e200000, 0x000000008e300000, 0x000000008e300000|100%| E|CS|TAMS 0x000000008e200000, 0x000000008e200000| Complete 
| 227|0x000000008e300000, 0x000000008e400000, 0x000000008e400000|100%| E|CS|TAMS 0x000000008e300000, 0x000000008e300000| Complete 
| 228|0x000000008e400000, 0x000000008e500000, 0x000000008e500000|100%| E|CS|TAMS 0x000000008e400000, 0x000000008e400000| Complete 
| 229|0x000000008e500000, 0x000000008e600000, 0x000000008e600000|100%| E|CS|TAMS 0x000000008e500000, 0x000000008e500000| Complete 
| 230|0x000000008e600000, 0x000000008e700000, 0x000000008e700000|100%| E|CS|TAMS 0x000000008e600000, 0x000000008e600000| Complete 
| 231|0x000000008e700000, 0x000000008e800000, 0x000000008e800000|100%| E|CS|TAMS 0x000000008e700000, 0x000000008e700000| Complete 
| 232|0x000000008e800000, 0x000000008e900000, 0x000000008e900000|100%| E|CS|TAMS 0x000000008e800000, 0x000000008e800000| Complete 
| 233|0x000000008e900000, 0x000000008ea00000, 0x000000008ea00000|100%| E|CS|TAMS 0x000000008e900000, 0x000000008e900000| Complete 
| 234|0x000000008ea00000, 0x000000008eb00000, 0x000000008eb00000|100%| E|CS|TAMS 0x000000008ea00000, 0x000000008ea00000| Complete 
| 235|0x000000008eb00000, 0x000000008ec00000, 0x000000008ec00000|100%| E|CS|TAMS 0x000000008eb00000, 0x000000008eb00000| Complete 
| 236|0x000000008ec00000, 0x000000008ed00000, 0x000000008ed00000|100%| E|CS|TAMS 0x000000008ec00000, 0x000000008ec00000| Complete 
| 237|0x000000008ed00000, 0x000000008ee00000, 0x000000008ee00000|100%| E|CS|TAMS 0x000000008ed00000, 0x000000008ed00000| Complete 
| 238|0x000000008ee00000, 0x000000008ef00000, 0x000000008ef00000|100%| E|CS|TAMS 0x000000008ee00000, 0x000000008ee00000| Complete 
| 239|0x000000008ef00000, 0x000000008f000000, 0x000000008f000000|100%| E|CS|TAMS 0x000000008ef00000, 0x000000008ef00000| Complete 
| 240|0x000000008f000000, 0x000000008f100000, 0x000000008f100000|100%| E|  |TAMS 0x000000008f000000, 0x000000008f000000| Complete 
| 241|0x000000008f100000, 0x000000008f200000, 0x000000008f200000|100%| E|CS|TAMS 0x000000008f100000, 0x000000008f100000| Complete 
| 242|0x000000008f200000, 0x000000008f300000, 0x000000008f300000|100%| E|CS|TAMS 0x000000008f200000, 0x000000008f200000| Complete 
| 243|0x000000008f300000, 0x000000008f400000, 0x000000008f400000|100%| E|CS|TAMS 0x000000008f300000, 0x000000008f300000| Complete 
| 244|0x000000008f400000, 0x000000008f500000, 0x000000008f500000|100%| E|CS|TAMS 0x000000008f400000, 0x000000008f400000| Complete 
| 245|0x000000008f500000, 0x000000008f600000, 0x000000008f600000|100%| E|CS|TAMS 0x000000008f500000, 0x000000008f500000| Complete 
| 246|0x000000008f600000, 0x000000008f700000, 0x000000008f700000|100%| E|CS|TAMS 0x000000008f600000, 0x000000008f600000| Complete 
| 247|0x000000008f700000, 0x000000008f800000, 0x000000008f800000|100%| E|CS|TAMS 0x000000008f700000, 0x000000008f700000| Complete 
| 248|0x000000008f800000, 0x000000008f900000, 0x000000008f900000|100%| E|CS|TAMS 0x000000008f800000, 0x000000008f800000| Complete 
| 249|0x000000008f900000, 0x000000008fa00000, 0x000000008fa00000|100%| E|CS|TAMS 0x000000008f900000, 0x000000008f900000| Complete 
| 250|0x000000008fa00000, 0x000000008fb00000, 0x000000008fb00000|100%| E|CS|TAMS 0x000000008fa00000, 0x000000008fa00000| Complete 
| 251|0x000000008fb00000, 0x000000008fc00000, 0x000000008fc00000|100%| E|CS|TAMS 0x000000008fb00000, 0x000000008fb00000| Complete 
| 252|0x000000008fc00000, 0x000000008fd00000, 0x000000008fd00000|100%| E|CS|TAMS 0x000000008fc00000, 0x000000008fc00000| Complete 
| 253|0x000000008fd00000, 0x000000008fe00000, 0x000000008fe00000|100%| E|CS|TAMS 0x000000008fd00000, 0x000000008fd00000| Complete 

Card table byte_map: [0x0000020373880000,0x0000020373c80000] _byte_map_base: 0x0000020373480000

Marking Bits (Prev, Next): (CMBitMap*) 0x000002036068e430, (CMBitMap*) 0x000002036068e3f8
 Prev Bits: [0x0000020376080000, 0x0000020378080000)
 Next Bits: [0x0000020374080000, 0x0000020376080000)

Polling page: 0x000002035e5a0000

Metaspace:

Usage:
  Non-class:     53.60 MB capacity,    52.73 MB ( 98%) used,   728.85 KB (  1%) free+waste,   160.94 KB ( <1%) overhead. 
      Class:      8.27 MB capacity,     7.69 MB ( 93%) used,   520.04 KB (  6%) free+waste,    76.13 KB ( <1%) overhead. 
       Both:     61.87 MB capacity,    60.42 MB ( 98%) used,     1.22 MB (  2%) free+waste,   237.06 KB ( <1%) overhead. 

Virtual space:
  Non-class space:       54.00 MB reserved,      53.68 MB (>99%) committed 
      Class space:        1.00 GB reserved,       8.32 MB ( <1%) committed 
             Both:        1.05 GB reserved,      62.00 MB (  6%) committed 

Chunk freelists:
   Non-Class:  75.00 KB
       Class:  11.00 KB
        Both:  86.00 KB

MaxMetaspaceSize: 17179869184.00 GB
CompressedClassSpaceSize: 1.00 GB

CodeHeap 'non-profiled nmethods': size=120000Kb used=3706Kb max_used=3706Kb free=116293Kb
 bounds [0x000002036bc20000, 0x000002036bfc0000, 0x0000020373150000]
CodeHeap 'profiled nmethods': size=120000Kb used=12787Kb max_used=12787Kb free=107212Kb
 bounds [0x00000203646f0000, 0x0000020365370000, 0x000002036bc20000]
CodeHeap 'non-nmethods': size=5760Kb used=2253Kb max_used=2310Kb free=3506Kb
 bounds [0x0000020364150000, 0x00000203643c0000, 0x00000203646f0000]
 total_blobs=7029 nmethods=6187 adapters=753
 compilation: enabled
              stopped_count=0, restarted_count=0
 full_count=0

Compilation events (20 events):
Event: 7.503 Thread 0x000002037b3b9800 nmethod 6156 0x0000020365351590 code [0x0000020365351780, 0x0000020365351c68]
Event: 7.503 Thread 0x000002037b3b9800 6160       3       org.gradle.internal.instantiation.generator.AsmBackedClassGenerator$ClassBuilderImpl$$Lambda$141/0x00000001002ea840::transform (8 bytes)
Event: 7.503 Thread 0x000002037b3b9800 nmethod 6160 0x0000020365351e10 code [0x0000020365351fe0, 0x00000203653521e8]
Event: 7.503 Thread 0x000002037b3b9800 6161       1       org.gradle.internal.instantiation.generator.AbstractClassGenerator$PropertyMetadata::access$1300 (5 bytes)
Event: 7.503 Thread 0x000002037b3b9800 nmethod 6161 0x000002036bfbb410 code [0x000002036bfbb5c0, 0x000002036bfbb658]
Event: 7.505 Thread 0x000002037b3b9800 6162  s    3       org.gradle.internal.classloader.VisitableURLClassLoader::getUserData (48 bytes)
Event: 7.505 Thread 0x000002037b3b9800 nmethod 6162 0x0000020365352290 code [0x00000203653524a0, 0x0000020365352b38]
Event: 7.513 Thread 0x000002037b3b5000 nmethod 6157 0x000002036bfbb710 code [0x000002036bfbb920, 0x000002036bfbbfe8]
Event: 7.513 Thread 0x000002037b3b5000 6158       4       org.objectweb.asm.Frame::accept (264 bytes)
Event: 7.513 Thread 0x000002037b3b9800 6164       3       sun.reflect.generics.tree.SimpleClassTypeSignature::accept (8 bytes)
Event: 7.514 Thread 0x000002037b3b9800 nmethod 6164 0x0000020365352d10 code [0x0000020365352f20, 0x0000020365353368]
Event: 7.514 Thread 0x000002037b3b9800 6165       3       sun.reflect.generics.visitor.Reifier::visitSimpleClassTypeSignature (18 bytes)
Event: 7.514 Thread 0x000002037b3b9800 nmethod 6165 0x0000020365353590 code [0x0000020365353780, 0x0000020365353b08]
Event: 7.514 Thread 0x000002037b3b9800 6166       3       org.objectweb.asm.Frame::getInitializedType (153 bytes)
Event: 7.514 Thread 0x000002037b3b9800 nmethod 6166 0x0000020365353d10 code [0x0000020365353f20, 0x0000020365354458]
Event: 7.517 Thread 0x000002037b3b9800 6167       3       java.lang.reflect.Constructor::hasGenericInformation (13 bytes)
Event: 7.517 Thread 0x000002037b3b9800 nmethod 6167 0x0000020365354710 code [0x00000203653548c0, 0x0000020365354a38]
Event: 7.521 Thread 0x000002037b3b9800 6168       3       org.gradle.internal.instantiation.generator.AbstractClassGenerator::assembleProperties (239 bytes)
Event: 7.524 Thread 0x000002037b3b9800 nmethod 6168 0x0000020365354b10 code [0x0000020365355080, 0x00000203653583b8]
Event: 7.524 Thread 0x000002037b3b9800 6169       3       org.objectweb.asm.ClassWriter::toByteArray (1535 bytes)

GC Heap History (14 events):
Event: 0.770 GC heap before
{Heap before GC invocations=0 (full 0):
 garbage-first heap   total 260096K, used 29696K [0x0000000080000000, 0x0000000100000000)
  region size 1024K, 24 young (24576K), 0 survivors (0K)
 Metaspace       used 9872K, capacity 10114K, committed 10368K, reserved 1058816K
  class space    used 1028K, capacity 1102K, committed 1152K, reserved 1048576K
}
Event: 0.801 GC heap after
{Heap after GC invocations=1 (full 0):
 garbage-first heap   total 260096K, used 9114K [0x0000000080000000, 0x0000000100000000)
  region size 1024K, 3 young (3072K), 3 survivors (3072K)
 Metaspace       used 9872K, capacity 10114K, committed 10368K, reserved 1058816K
  class space    used 1028K, capacity 1102K, committed 1152K, reserved 1048576K
}
Event: 2.468 GC heap before
{Heap before GC invocations=1 (full 0):
 garbage-first heap   total 260096K, used 108442K [0x0000000080000000, 0x0000000100000000)
  region size 1024K, 101 young (103424K), 3 survivors (3072K)
 Metaspace       used 20667K, capacity 21075K, committed 21248K, reserved 1067008K
  class space    used 2538K, capacity 2693K, committed 2816K, reserved 1048576K
}
Event: 2.474 GC heap after
{Heap after GC invocations=2 (full 0):
 garbage-first heap   total 260096K, used 17264K [0x0000000080000000, 0x0000000100000000)
  region size 1024K, 11 young (11264K), 11 survivors (11264K)
 Metaspace       used 20667K, capacity 21075K, committed 21248K, reserved 1067008K
  class space    used 2538K, capacity 2693K, committed 2816K, reserved 1048576K
}
Event: 3.021 GC heap before
{Heap before GC invocations=3 (full 0):
 garbage-first heap   total 260096K, used 74608K [0x0000000080000000, 0x0000000100000000)
  region size 1024K, 68 young (69632K), 11 survivors (11264K)
 Metaspace       used 26395K, capacity 27020K, committed 27264K, reserved 1073152K
  class space    used 3465K, capacity 3681K, committed 3712K, reserved 1048576K
}
Event: 3.028 GC heap after
{Heap after GC invocations=4 (full 0):
 garbage-first heap   total 260096K, used 19367K [0x0000000080000000, 0x0000000100000000)
  region size 1024K, 3 young (3072K), 3 survivors (3072K)
 Metaspace       used 26395K, capacity 27020K, committed 27264K, reserved 1073152K
  class space    used 3465K, capacity 3681K, committed 3712K, reserved 1048576K
}
Event: 3.787 GC heap before
{Heap before GC invocations=4 (full 0):
 garbage-first heap   total 260096K, used 75687K [0x0000000080000000, 0x0000000100000000)
  region size 1024K, 59 young (60416K), 3 survivors (3072K)
 Metaspace       used 35033K, capacity 35786K, committed 35840K, reserved 1081344K
  class space    used 4563K, capacity 4863K, committed 4864K, reserved 1048576K
}
Event: 3.796 GC heap after
{Heap after GC invocations=5 (full 0):
 garbage-first heap   total 260096K, used 22548K [0x0000000080000000, 0x0000000100000000)
  region size 1024K, 6 young (6144K), 6 survivors (6144K)
 Metaspace       used 35033K, capacity 35786K, committed 35840K, reserved 1081344K
  class space    used 4563K, capacity 4863K, committed 4864K, reserved 1048576K
}
Event: 4.978 GC heap before
{Heap before GC invocations=6 (full 0):
 garbage-first heap   total 260096K, used 135188K [0x0000000080000000, 0x0000000100000000)
  region size 1024K, 113 young (115712K), 6 survivors (6144K)
 Metaspace       used 43895K, capacity 44947K, committed 45260K, reserved 1089536K
  class space    used 5616K, capacity 6004K, committed 6092K, reserved 1048576K
}
Event: 4.988 GC heap after
{Heap after GC invocations=7 (full 0):
 garbage-first heap   total 260096K, used 29509K [0x0000000080000000, 0x0000000100000000)
  region size 1024K, 13 young (13312K), 13 survivors (13312K)
 Metaspace       used 43895K, capacity 44947K, committed 45260K, reserved 1089536K
  class space    used 5616K, capacity 6004K, committed 6092K, reserved 1048576K
}
Event: 6.167 GC heap before
{Heap before GC invocations=7 (full 0):
 garbage-first heap   total 260096K, used 156485K [0x0000000080000000, 0x0000000100000000)
  region size 1024K, 132 young (135168K), 13 survivors (13312K)
 Metaspace       used 50185K, capacity 51593K, committed 51788K, reserved 1093632K
  class space    used 6432K, capacity 6966K, committed 6988K, reserved 1048576K
}
Event: 6.182 GC heap after
{Heap after GC invocations=8 (full 0):
 garbage-first heap   total 260096K, used 45943K [0x0000000080000000, 0x0000000100000000)
  region size 1024K, 17 young (17408K), 17 survivors (17408K)
 Metaspace       used 50185K, capacity 51593K, committed 51788K, reserved 1093632K
  class space    used 6432K, capacity 6966K, committed 6988K, reserved 1048576K
}
Event: 7.112 GC heap before
{Heap before GC invocations=8 (full 0):
 garbage-first heap   total 260096K, used 102263K [0x0000000080000000, 0x0000000100000000)
  region size 1024K, 73 young (74752K), 17 survivors (17408K)
 Metaspace       used 58622K, capacity 60147K, committed 60288K, reserved 1101824K
  class space    used 7477K, capacity 8064K, committed 8140K, reserved 1048576K
}
Event: 7.140 GC heap after
{Heap after GC invocations=9 (full 0):
 garbage-first heap   total 260096K, used 49739K [0x0000000080000000, 0x0000000100000000)
  region size 1024K, 4 young (4096K), 4 survivors (4096K)
 Metaspace       used 58622K, capacity 60147K, committed 60288K, reserved 1101824K
  class space    used 7477K, capacity 8064K, committed 8140K, reserved 1048576K
}

Deoptimization events (20 events):
Event: 7.355 Thread 0x000002037cec2800 DEOPT PACKING pc=0x0000020365327828 sp=0x000000d8d1df3c50
Event: 7.355 Thread 0x000002037cec2800 DEOPT UNPACKING pc=0x0000020364176dde sp=0x000000d8d1df3108 mode 0
Event: 7.356 Thread 0x000002037cec2800 DEOPT PACKING pc=0x0000020365327828 sp=0x000000d8d1df3c50
Event: 7.356 Thread 0x000002037cec2800 DEOPT UNPACKING pc=0x0000020364176dde sp=0x000000d8d1df3108 mode 0
Event: 7.356 Thread 0x000002037cec2800 DEOPT PACKING pc=0x0000020365327828 sp=0x000000d8d1df3c50
Event: 7.356 Thread 0x000002037cec2800 DEOPT UNPACKING pc=0x0000020364176dde sp=0x000000d8d1df3108 mode 0
Event: 7.356 Thread 0x000002037cec2800 DEOPT PACKING pc=0x0000020365327828 sp=0x000000d8d1df3c50
Event: 7.356 Thread 0x000002037cec2800 DEOPT UNPACKING pc=0x0000020364176dde sp=0x000000d8d1df3108 mode 0
Event: 7.357 Thread 0x000002037cec2800 DEOPT PACKING pc=0x0000020365327828 sp=0x000000d8d1df3c50
Event: 7.357 Thread 0x000002037cec2800 DEOPT UNPACKING pc=0x0000020364176dde sp=0x000000d8d1df3108 mode 0
Event: 7.357 Thread 0x000002037cec2800 DEOPT PACKING pc=0x0000020365327828 sp=0x000000d8d1df3c50
Event: 7.357 Thread 0x000002037cec2800 DEOPT UNPACKING pc=0x0000020364176dde sp=0x000000d8d1df3108 mode 0
Event: 7.357 Thread 0x000002037cec2800 DEOPT PACKING pc=0x0000020365327828 sp=0x000000d8d1df3c50
Event: 7.357 Thread 0x000002037cec2800 DEOPT UNPACKING pc=0x0000020364176dde sp=0x000000d8d1df3108 mode 0
Event: 7.360 Thread 0x000002037cec2800 DEOPT PACKING pc=0x0000020365327828 sp=0x000000d8d1df4000
Event: 7.360 Thread 0x000002037cec2800 DEOPT UNPACKING pc=0x0000020364176dde sp=0x000000d8d1df34b8 mode 0
Event: 7.472 Thread 0x000002037cec2800 Uncommon trap: trap_request=0xffffff4d fr.pc=0x000002036bf23730 relative=0x0000000000002e70
Event: 7.472 Thread 0x000002037cec2800 Uncommon trap: reason=unstable_if action=reinterpret pc=0x000002036bf23730 method=java.util.regex.Pattern.has(I)Z @ 6 c2
Event: 7.472 Thread 0x000002037cec2800 DEOPT PACKING pc=0x000002036bf23730 sp=0x000000d8d1df70c0
Event: 7.472 Thread 0x000002037cec2800 DEOPT UNPACKING pc=0x000002036417662f sp=0x000000d8d1df7040 mode 2

Classes redefined (0 events):
No events

Internal exceptions (20 events):
Event: 6.011 Thread 0x000002037e60d000 Exception <a 'java/lang/NoSuchMethodError'{0x000000008932d368}: <clinit>> (0x000000008932d368) thrown at [./src/hotspot/share/prims/jni.cpp, line 1362]
Event: 6.011 Thread 0x000002037e60d000 Exception <a 'java/lang/NoSuchMethodError'{0x00000000893376b0}: <clinit>> (0x00000000893376b0) thrown at [./src/hotspot/share/prims/jni.cpp, line 1362]
Event: 6.012 Thread 0x000002037e60d000 Exception <a 'java/lang/NoSuchMethodError'{0x000000008934b2f8}: <clinit>> (0x000000008934b2f8) thrown at [./src/hotspot/share/prims/jni.cpp, line 1362]
Event: 6.021 Thread 0x000002037cec2800 Exception <a 'java/lang/ClassNotFoundException'{0x00000000893c87c0}: build_6qrkthgad8b74pp8upqoddl1fBeanInfo> (0x00000000893c87c0) thrown at [./src/hotspot/share/classfile/systemDictionary.cpp, line 231]
Event: 6.022 Thread 0x000002037cec2800 Exception <a 'java/lang/ClassNotFoundException'{0x00000000893d3778}: build_6qrkthgad8b74pp8upqoddl1fCustomizer> (0x00000000893d3778) thrown at [./src/hotspot/share/classfile/systemDictionary.cpp, line 231]
Event: 6.041 Thread 0x000002037cec2800 Exception <a 'java/lang/ClassNotFoundException'{0x000000008919f558}: org/gradle/api/internal/plugins/DefaultObjectConfigurationActionBeanInfo> (0x000000008919f558) thrown at [./src/hotspot/share/classfile/systemDictionary.cpp, line 231]
Event: 6.042 Thread 0x000002037cec2800 Exception <a 'java/lang/ClassNotFoundException'{0x00000000891d4a18}: org/gradle/api/internal/plugins/DefaultObjectConfigurationActionCustomizer> (0x00000000891d4a18) thrown at [./src/hotspot/share/classfile/systemDictionary.cpp, line 231]
Event: 6.166 Thread 0x000002037cec2800 Exception <a 'java/lang/NoSuchMethodError'{0x0000000087af78e8}: 'java.lang.Object java.lang.invoke.DirectMethodHandle$Holder.invokeStatic(java.lang.Object, java.lang.Object, java.lang.Object, java.lang.Object, int)'> (0x0000000087af78e8) thrown at [./src/hotspot/share/interpreter/linkResolver.cpp, line 773]
Event: 6.167 Thread 0x000002037cec2800 Exception <a 'java/lang/NoSuchMethodError'{0x0000000087afc2e0}: 'java.lang.Object java.lang.invoke.DirectMethodHandle$Holder.invokeSpecial(java.lang.Object, java.lang.Object, java.lang.Object, java.lang.Object, java.lang.Object, int)'> (0x0000000087afc2e0) thrown at [./src/hotspot/share/interpreter/linkResolver.cpp, line 773]
Event: 6.183 Thread 0x000002037cec2800 Exception <a 'java/lang/NoSuchMethodError'{0x000000008fd0c260}: 'java.lang.Object java.lang.invoke.Invokers$Holder.linkToTargetMethod(java.lang.Object, java.lang.Object, java.lang.Object, int, java.lang.Object)'> (0x000000008fd0c260) thrown at [./src/hotspot/share/interpreter/linkResolver.cpp, line 773]
Event: 6.391 Thread 0x000002037cec2800 Exception <a 'java/lang/NoSuchMethodError'{0x000000008ef2b008}: 'java.lang.Object java.lang.invoke.DirectMethodHandle$Holder.invokeSpecial(java.lang.Object, java.lang.Object, int, int, java.lang.Object, java.lang.Object, java.lang.Object)'> (0x000000008ef2b008) thrown at [./src/hotspot/share/interpreter/linkResolver.cpp, line 773]
Event: 6.391 Thread 0x000002037cec2800 Exception <a 'java/lang/NoSuchMethodError'{0x000000008ef2f588}: 'java.lang.Object java.lang.invoke.DelegatingMethodHandle$Holder.reinvoke_L(java.lang.Object, int, int, java.lang.Object, java.lang.Object, java.lang.Object)'> (0x000000008ef2f588) thrown at [./src/hotspot/share/interpreter/linkResolver.cpp, line 773]
Event: 6.601 Thread 0x000002037cec2800 Exception <a 'java/lang/NoSuchMethodError'{0x000000008e20dce0}: 'int java.lang.invoke.DirectMethodHandle$Holder.invokeInterface(java.lang.Object, java.lang.Object, java.lang.Object, java.lang.Object)'> (0x000000008e20dce0) thrown at [./src/hotspot/share/interpreter/linkResolver.cpp, line 773]
Event: 6.880 Thread 0x000002037cec2800 Exception <a 'java/lang/NoSuchMethodError'{0x000000008d39d0a0}: 'void java.lang.invoke.DirectMethodHandle$Holder.invokeInterface(java.lang.Object, java.lang.Object, java.lang.Object, java.lang.Object)'> (0x000000008d39d0a0) thrown at [./src/hotspot/share/interpreter/linkResolver.cpp, line 773]
Event: 7.017 Thread 0x000002037cec2800 Exception <a 'java/lang/IncompatibleClassChangeError'{0x000000008ca368a8}: Found class java.lang.Object, but interface was expected> (0x000000008ca368a8) thrown at [./src/hotspot/share/interpreter/linkResolver.cpp, line 839]
Event: 7.084 Thread 0x000002037cec2800 Implicit null exception at 0x000002036bf2fd54 to 0x000002036bf2ff38
Event: 7.084 Thread 0x000002037cec2800 Implicit null exception at 0x000002036be3ae43 to 0x000002036be3e6ac
Event: 7.222 Thread 0x000002037cec2800 Implicit null exception at 0x000002036be2f88b to 0x000002036be2f964
Event: 7.265 Thread 0x000002037cec2800 Implicit null exception at 0x000002036bd9bdac to 0x000002036bd9bf5a
Event: 7.392 Thread 0x000002037cec2800 Exception <a 'sun/nio/fs/WindowsException'{0x000000008ebbacb8}> (0x000000008ebbacb8) thrown at [./src/hotspot/share/prims/jni.cpp, line 615]

Events (20 events):
Event: 7.519 loading class com/google/common/collect/Sets$1
Event: 7.519 loading class com/google/common/collect/Sets$1 done
Event: 7.519 loading class com/google/common/collect/Sets$2
Event: 7.519 loading class com/google/common/collect/Sets$2 done
Event: 7.520 loading class com/google/common/collect/Sets$3
Event: 7.520 loading class com/google/common/collect/Sets$3 done
Event: 7.520 loading class com/google/common/collect/ImmutableEnumSet
Event: 7.520 loading class com/google/common/collect/ImmutableEnumSet done
Event: 7.520 loading class com/google/common/collect/Sets$4
Event: 7.520 loading class com/google/common/collect/Sets$4 done
Event: 7.523 loading class com/android/build/api/dsl/AnnotationProcessorOptions
Event: 7.523 loading class com/android/build/api/dsl/AnnotationProcessorOptions done
Event: 7.523 loading class com/android/build/gradle/api/AnnotationProcessorOptions
Event: 7.523 loading class com/android/build/gradle/api/AnnotationProcessorOptions done
Event: 7.523 loading class com/android/build/gradle/internal/dsl/AnnotationProcessorOptions
Event: 7.523 loading class com/android/build/gradle/internal/dsl/AnnotationProcessorOptions done
Event: 7.525 loading class org/gradle/process/CommandLineArgumentProvider
Event: 7.525 loading class org/gradle/process/CommandLineArgumentProvider done
Event: 7.525 loading class org/gradle/process/CommandLineArgumentProvider
Event: 7.525 loading class org/gradle/process/CommandLineArgumentProvider done


Dynamic libraries:
0x00007ff64bd00000 - 0x00007ff64bd0a000 	C:\Program Files\Android\Android Studio1\jre\bin\java.exe
0x00007ffaec4b0000 - 0x00007ffaec6a5000 	C:\Windows\SYSTEM32\ntdll.dll
0x00007ffaeb340000 - 0x00007ffaeb3fe000 	C:\Windows\System32\KERNEL32.DLL
0x00007ffaea010000 - 0x00007ffaea2d8000 	C:\Windows\System32\KERNELBASE.dll
0x00007ffae9f10000 - 0x00007ffaea010000 	C:\Windows\System32\ucrtbase.dll
0x00007ffab59d0000 - 0x00007ffab59e7000 	C:\Program Files\Android\Android Studio1\jre\bin\VCRUNTIME140.dll
0x00007ffaba670000 - 0x00007ffaba689000 	C:\Program Files\Android\Android Studio1\jre\bin\jli.dll
0x00007ffaeb410000 - 0x00007ffaeb5b0000 	C:\Windows\System32\USER32.dll
0x00007ffad8f80000 - 0x00007ffad921a000 	C:\Windows\WinSxS\amd64_microsoft.windows.common-controls_6595b64144ccf1df_6.0.19041.1110_none_60b5254171f9507e\COMCTL32.dll
0x00007ffae9d80000 - 0x00007ffae9da2000 	C:\Windows\System32\win32u.dll
0x00007ffaeb0e0000 - 0x00007ffaeb17e000 	C:\Windows\System32\msvcrt.dll
0x00007ffaeb2b0000 - 0x00007ffaeb2db000 	C:\Windows\System32\GDI32.dll
0x00007ffaea2e0000 - 0x00007ffaea3eb000 	C:\Windows\System32\gdi32full.dll
0x00007ffae9ce0000 - 0x00007ffae9d7d000 	C:\Windows\System32\msvcp_win.dll
0x00007ffaec290000 - 0x00007ffaec2c0000 	C:\Windows\System32\IMM32.DLL
0x00007ffaa8120000 - 0x00007ffaa81bd000 	C:\Program Files\Android\Android Studio1\jre\bin\msvcp140.dll
0x00007ffa99200000 - 0x00007ffa99cd5000 	C:\Program Files\Android\Android Studio1\jre\bin\server\jvm.dll
0x00007ffaebf80000 - 0x00007ffaec02e000 	C:\Windows\System32\ADVAPI32.dll
0x00007ffaeb990000 - 0x00007ffaeba2c000 	C:\Windows\System32\sechost.dll
0x00007ffaea5a0000 - 0x00007ffaea6c5000 	C:\Windows\System32\RPCRT4.dll
0x00007ffaec1b0000 - 0x00007ffaec1b8000 	C:\Windows\System32\PSAPI.DLL
0x00007ffae43b0000 - 0x00007ffae43ba000 	C:\Windows\SYSTEM32\VERSION.dll
0x00007ffad9470000 - 0x00007ffad9497000 	C:\Windows\SYSTEM32\WINMM.dll
0x00007ffae43e0000 - 0x00007ffae43e9000 	C:\Windows\SYSTEM32\WSOCK32.dll
0x00007ffaeafc0000 - 0x00007ffaeb02b000 	C:\Windows\System32\WS2_32.dll
0x00007ffae7ae0000 - 0x00007ffae7af2000 	C:\Windows\SYSTEM32\kernel.appcore.dll
0x00007ffad8e70000 - 0x00007ffad8e81000 	C:\Program Files\Android\Android Studio1\jre\bin\verify.dll
0x00007ffad6b60000 - 0x00007ffad6d44000 	C:\Windows\SYSTEM32\DBGHELP.DLL
0x00007ffad3600000 - 0x00007ffad362c000 	C:\Windows\SYSTEM32\dbgcore.DLL
0x00007ffae9c00000 - 0x00007ffae9c82000 	C:\Windows\System32\bcryptPrimitives.dll
0x00007ffac9b10000 - 0x00007ffac9b39000 	C:\Program Files\Android\Android Studio1\jre\bin\java.dll
0x00007ffad8e60000 - 0x00007ffad8e6b000 	C:\Program Files\Android\Android Studio1\jre\bin\jimage.dll
0x00007ffad5920000 - 0x00007ffad5938000 	C:\Program Files\Android\Android Studio1\jre\bin\zip.dll
0x00007ffaea6d0000 - 0x00007ffaeae14000 	C:\Windows\System32\SHELL32.dll
0x00007ffae7ce0000 - 0x00007ffae8474000 	C:\Windows\SYSTEM32\windows.storage.dll
0x00007ffaeb5b0000 - 0x00007ffaeb904000 	C:\Windows\System32\combase.dll
0x00007ffae9630000 - 0x00007ffae965c000 	C:\Windows\SYSTEM32\Wldp.dll
0x00007ffaeb030000 - 0x00007ffaeb0dd000 	C:\Windows\System32\SHCORE.dll
0x00007ffaec150000 - 0x00007ffaec1a5000 	C:\Windows\System32\shlwapi.dll
0x00007ffae9b10000 - 0x00007ffae9b2f000 	C:\Windows\SYSTEM32\profapi.dll
0x00007ffad3080000 - 0x00007ffad309a000 	C:\Program Files\Android\Android Studio1\jre\bin\net.dll
0x00007ffadbdb0000 - 0x00007ffadbeb9000 	C:\Windows\SYSTEM32\WINHTTP.dll
0x00007ffae9390000 - 0x00007ffae93fa000 	C:\Windows\system32\mswsock.dll
0x00007ffac9af0000 - 0x00007ffac9b04000 	C:\Program Files\Android\Android Studio1\jre\bin\nio.dll
0x00007ffaa2f80000 - 0x00007ffaa2fa7000 	C:\Users\Admin\.gradle\native\e1d6ef7f7dcc3fd88c89a11ec53ec762bb8ba0a96d01ffa2cd45eb1d1d8dd5c5\windows-amd64\native-platform.dll
0x00007ffa81530000 - 0x00007ffa81674000 	C:\Users\Admin\.gradle\native\5664cfc778a61ccfe75a443a1ab52a65af34e5dc3c78e0209fed803814484fcb\windows-amd64\native-platform-file-events.dll
0x00007ffad8e50000 - 0x00007ffad8e5a000 	C:\Program Files\Android\Android Studio1\jre\bin\management.dll
0x00007ffad6480000 - 0x00007ffad648d000 	C:\Program Files\Android\Android Studio1\jre\bin\management_ext.dll
0x00007ffae9580000 - 0x00007ffae9598000 	C:\Windows\SYSTEM32\CRYPTSP.dll
0x00007ffae8ca0000 - 0x00007ffae8cd4000 	C:\Windows\system32\rsaenh.dll
0x00007ffae9bd0000 - 0x00007ffae9bf7000 	C:\Windows\System32\bcrypt.dll
0x00007ffae9ad0000 - 0x00007ffae9afe000 	C:\Windows\SYSTEM32\USERENV.dll
0x00007ffae95a0000 - 0x00007ffae95ac000 	C:\Windows\SYSTEM32\CRYPTBASE.dll
0x00007ffae9030000 - 0x00007ffae906b000 	C:\Windows\SYSTEM32\IPHLPAPI.DLL
0x00007ffaeba50000 - 0x00007ffaeba58000 	C:\Windows\System32\NSI.dll
0x00007ffae37a0000 - 0x00007ffae37b7000 	C:\Windows\SYSTEM32\dhcpcsvc6.DLL
0x00007ffae39d0000 - 0x00007ffae39ed000 	C:\Windows\SYSTEM32\dhcpcsvc.DLL
0x00007ffae9070000 - 0x00007ffae913a000 	C:\Windows\SYSTEM32\DNSAPI.dll

dbghelp: loaded successfully - version: 4.0.5 - missing functions: none
symbol engine: initialized successfully - sym options: 0x614 - pdb path: .;C:\Program Files\Android\Android Studio1\jre\bin;C:\Windows\SYSTEM32;C:\Windows\WinSxS\amd64_microsoft.windows.common-controls_6595b64144ccf1df_6.0.19041.1110_none_60b5254171f9507e;C:\Program Files\Android\Android Studio1\jre\bin\server;C:\Users\Admin\.gradle\native\e1d6ef7f7dcc3fd88c89a11ec53ec762bb8ba0a96d01ffa2cd45eb1d1d8dd5c5\windows-amd64;C:\Users\Admin\.gradle\native\5664cfc778a61ccfe75a443a1ab52a65af34e5dc3c78e0209fed803814484fcb\windows-amd64

VM Arguments:
jvm_args: --add-opens=java.base/java.util=ALL-UNNAMED --add-opens=java.base/java.lang=ALL-UNNAMED --add-opens=java.base/java.lang.invoke=ALL-UNNAMED --add-opens=java.base/java.util=ALL-UNNAMED --add-opens=java.prefs/java.util.prefs=ALL-UNNAMED --add-opens=java.prefs/java.util.prefs=ALL-UNNAMED --add-opens=java.base/java.nio.charset=ALL-UNNAMED --add-opens=java.base/java.net=ALL-UNNAMED --add-opens=java.base/java.util.concurrent.atomic=ALL-UNNAMED -Xmx2048m -Dfile.encoding=UTF-8 -Duser.country=US -Duser.language=en -Duser.variant 
java_command: org.gradle.launcher.daemon.bootstrap.GradleDaemon 7.2
java_class_path (initial): C:\Users\Admin\.gradle\wrapper\dists\gradle-7.2-bin\2dnblmf4td7x66yl1d74lt32g\gradle-7.2\lib\gradle-launcher-7.2.jar
Launcher Type: SUN_STANDARD

[Global flags]
     intx CICompilerCount                          = 4                                         {product} {ergonomic}
     uint ConcGCThreads                            = 2                                         {product} {ergonomic}
     uint G1ConcRefinementThreads                  = 8                                         {product} {ergonomic}
   size_t G1HeapRegionSize                         = 1048576                                   {product} {ergonomic}
    uintx GCDrainStackTargetSize                   = 64                                        {product} {ergonomic}
   size_t InitialHeapSize                          = 266338304                                 {product} {ergonomic}
   size_t MarkStackSize                            = 4194304                                   {product} {ergonomic}
   size_t MaxHeapSize                              = 2147483648                                {product} {command line}
   size_t MaxNewSize                               = 1287651328                                {product} {ergonomic}
   size_t MinHeapDeltaBytes                        = 1048576                                   {product} {ergonomic}
    uintx NonNMethodCodeHeapSize                   = 5836300                                {pd product} {ergonomic}
    uintx NonProfiledCodeHeapSize                  = 122910970                              {pd product} {ergonomic}
    uintx ProfiledCodeHeapSize                     = 122910970                              {pd product} {ergonomic}
    uintx ReservedCodeCacheSize                    = 251658240                              {pd product} {ergonomic}
     bool SegmentedCodeCache                       = true                                      {product} {ergonomic}
     bool UseCompressedClassPointers               = true                                 {lp64_product} {ergonomic}
     bool UseCompressedOops                        = true                                 {lp64_product} {ergonomic}
     bool UseG1GC                                  = true                                      {product} {ergonomic}
     bool UseLargePagesIndividualAllocation        = false                                  {pd product} {ergonomic}

Logging:
Log output configuration:
 #0: stdout all=warning uptime,level,tags
 #1: stderr all=off uptime,level,tags

Environment Variables:
PATH=C:\Program Files\Common Files\Oracle\Java\javapath;C:\Windows\system32;C:\Windows;C:\Windows\System32\Wbem;C:\Windows\System32\WindowsPowerShell\v1.0\;C:\Windows\System32\OpenSSH\;C:\Program Files\Microsoft SQL Server\Client SDK\ODBC\170\Tools\Binn\;C:\Program Files (x86)\Microsoft SQL Server\150\Tools\Binn\;C:\Program Files\Microsoft SQL Server\150\Tools\Binn\;C:\Program Files\Microsoft SQL Server\150\DTS\Binn\;C:\Program Files (x86)\Microsoft SQL Server\150\DTS\Binn\;C:\Program Files\Azure Data Studio\bin;C:\Program Files\nodejs\;C:\Program Files\Git\cmd;C:\Users\Admin\AppData\Local\Microsoft\WindowsApps;D:\Microsoft VS Code\bin;C:\Program Files\Azure Data Studio\bin;C:\Users\Admin\AppData\Roaming\npm;C:\Users\Admin\AppData\Local\GitHubDesktop\bin;C:\Program Files\JetBrains\IntelliJ IDEA Community Edition 2021.3.3\bin;
USERNAME=vucuong
OS=Windows_NT
PROCESSOR_IDENTIFIER=Intel64 Family 6 Model 158 Stepping 10, GenuineIntel



---------------  S Y S T E M  ---------------

OS: Windows 10 , 64 bit Build 19041 (10.0.19041.1566)
OS uptime: 0 days 21:04 hours

CPU:total 8 (initial active 8) (4 cores per cpu, 2 threads per core) family 6 model 158 stepping 10 microcode 0xb4, cmov, cx8, fxsr, mmx, sse, sse2, sse3, ssse3, sse4.1, sse4.2, popcnt, avx, avx2, aes, clmul, erms, 3dnowpref, lzcnt, ht, tsc, tscinvbit, bmi1, bmi2, adx, fma

Memory: 4k page, system-wide physical 16228M (3769M free)
TotalPageFile size 16228M (AvailPageFile size 162M)
current process WorkingSet (physical memory assigned to process): 399M, peak: 399M
current process commit charge ("private bytes"): 499M, peak: 499M

vm_info: OpenJDK 64-Bit Server VM (11.0.11+9-b60-7590822) for windows-amd64 JRE (11.0.11+9-b60-7590822), built on Jul 29 2021 21:43:44 by "builder" with MS VC++ 14.0 (VS2015)

END.
